Starting job: syn_1c_adding_problem_L200_s2024
Date: Mon 05 Jan 2026 01:22:04 AM PST
Host: nid008429
GPU: NVIDIA A100-SXM4-80GB
Using GPU: NVIDIA A100-SXM4-80GB
================================================================================
SYNTHETIC BENCHMARK - ADDING_PROBLEM
================================================================================
Model ID: 1c (QuantumHydraSSM)
  Group 1: quantum feat → classical mix (hydra)
Task: adding_problem (regression)
Sequence Length: 200
Seed: 2024
Device: cuda
--------------------------------------------------------------------------------
Hyperparameters:
  n_qubits=6, n_layers=2
  d_model=128, d_state=16
  epochs=100, batch_size=32
  lr=0.001, weight_decay=0.0001
  early_stopping=20
================================================================================

Loading Data...
Loading Adding Problem dataset from data/synthetic_benchmarks/adding_problem/adding_L200_seed2024.pt...
Dataset loaded successfully.
  - Task: adding_problem
  - Sequence length: 200
  - Num channels: 2
  - Total samples: 5000
  - Marker strategy: extremes
  - Baseline MSE: 0.1674
  - Shape for model: torch.Size([5000, 2, 200])
  - Training set: 4000
  - Validation set: 500
  - Test set: 500
Data loaded!
  Input: (2 channels, 200 timesteps)
  Output dim: 1

Creating model...
Creating model: QuantumHydraSSM (ID: 1c)
  Group 1: quantum features → classical mixing (hydra)
Model parameters: 909,965
Verifying device placement...
  WARNING: alpha is on cuda:0, moving to cuda
  WARNING: beta is on cuda:0, moving to cuda
  WARNING: gamma is on cuda:0, moving to cuda
  WARNING: feature_proj.0.weight is on cuda:0, moving to cuda
  WARNING: feature_proj.0.bias is on cuda:0, moving to cuda
  WARNING: feature_proj.1.weight is on cuda:0, moving to cuda
  WARNING: feature_proj.1.bias is on cuda:0, moving to cuda
  WARNING: quantum_forward.chunk_attention.0.weight is on cuda:0, moving to cuda
  WARNING: quantum_forward.chunk_attention.0.bias is on cuda:0, moving to cuda
  WARNING: quantum_forward.chunk_attention.2.weight is on cuda:0, moving to cuda
  WARNING: quantum_forward.chunk_attention.2.bias is on cuda:0, moving to cuda
  WARNING: quantum_forward.quantum_branches.alpha_real is on cuda:0, moving to cuda
  WARNING: quantum_forward.quantum_branches.alpha_imag is on cuda:0, moving to cuda
  WARNING: quantum_forward.quantum_branches.beta_real is on cuda:0, moving to cuda
  WARNING: quantum_forward.quantum_branches.beta_imag is on cuda:0, moving to cuda
  WARNING: quantum_forward.quantum_branches.gamma_real is on cuda:0, moving to cuda
  WARNING: quantum_forward.quantum_branches.gamma_imag is on cuda:0, moving to cuda
  WARNING: quantum_forward.quantum_branches.proj1.weight is on cuda:0, moving to cuda
  WARNING: quantum_forward.quantum_branches.proj1.bias is on cuda:0, moving to cuda
  WARNING: quantum_forward.quantum_branches.proj2.weight is on cuda:0, moving to cuda
  WARNING: quantum_forward.quantum_branches.proj2.bias is on cuda:0, moving to cuda
  WARNING: quantum_forward.quantum_branches.proj3.weight is on cuda:0, moving to cuda
  WARNING: quantum_forward.quantum_branches.proj3.bias is on cuda:0, moving to cuda
  WARNING: quantum_forward.quantum_branches.input_proj.weight is on cuda:0, moving to cuda
  WARNING: quantum_forward.quantum_branches.input_proj.bias is on cuda:0, moving to cuda
  WARNING: quantum_forward.output_proj.0.weight is on cuda:0, moving to cuda
  WARNING: quantum_forward.output_proj.0.bias is on cuda:0, moving to cuda
  WARNING: quantum_forward.output_proj.1.weight is on cuda:0, moving to cuda
  WARNING: quantum_forward.output_proj.1.bias is on cuda:0, moving to cuda
  WARNING: quantum_backward.chunk_attention.0.weight is on cuda:0, moving to cuda
  WARNING: quantum_backward.chunk_attention.0.bias is on cuda:0, moving to cuda
  WARNING: quantum_backward.chunk_attention.2.weight is on cuda:0, moving to cuda
  WARNING: quantum_backward.chunk_attention.2.bias is on cuda:0, moving to cuda
  WARNING: quantum_backward.quantum_branches.alpha_real is on cuda:0, moving to cuda
  WARNING: quantum_backward.quantum_branches.alpha_imag is on cuda:0, moving to cuda
  WARNING: quantum_backward.quantum_branches.beta_real is on cuda:0, moving to cuda
  WARNING: quantum_backward.quantum_branches.beta_imag is on cuda:0, moving to cuda
  WARNING: quantum_backward.quantum_branches.gamma_real is on cuda:0, moving to cuda
  WARNING: quantum_backward.quantum_branches.gamma_imag is on cuda:0, moving to cuda
  WARNING: quantum_backward.quantum_branches.proj1.weight is on cuda:0, moving to cuda
  WARNING: quantum_backward.quantum_branches.proj1.bias is on cuda:0, moving to cuda
  WARNING: quantum_backward.quantum_branches.proj2.weight is on cuda:0, moving to cuda
  WARNING: quantum_backward.quantum_branches.proj2.bias is on cuda:0, moving to cuda
  WARNING: quantum_backward.quantum_branches.proj3.weight is on cuda:0, moving to cuda
  WARNING: quantum_backward.quantum_branches.proj3.bias is on cuda:0, moving to cuda
  WARNING: quantum_backward.quantum_branches.input_proj.weight is on cuda:0, moving to cuda
  WARNING: quantum_backward.quantum_branches.input_proj.bias is on cuda:0, moving to cuda
  WARNING: quantum_backward.output_proj.0.weight is on cuda:0, moving to cuda
  WARNING: quantum_backward.output_proj.0.bias is on cuda:0, moving to cuda
  WARNING: quantum_backward.output_proj.1.weight is on cuda:0, moving to cuda
  WARNING: quantum_backward.output_proj.1.bias is on cuda:0, moving to cuda
  WARNING: quantum_diagonal.chunk_attention.0.weight is on cuda:0, moving to cuda
  WARNING: quantum_diagonal.chunk_attention.0.bias is on cuda:0, moving to cuda
  WARNING: quantum_diagonal.chunk_attention.2.weight is on cuda:0, moving to cuda
  WARNING: quantum_diagonal.chunk_attention.2.bias is on cuda:0, moving to cuda
  WARNING: quantum_diagonal.quantum_branches.alpha_real is on cuda:0, moving to cuda
  WARNING: quantum_diagonal.quantum_branches.alpha_imag is on cuda:0, moving to cuda
  WARNING: quantum_diagonal.quantum_branches.beta_real is on cuda:0, moving to cuda
  WARNING: quantum_diagonal.quantum_branches.beta_imag is on cuda:0, moving to cuda
  WARNING: quantum_diagonal.quantum_branches.gamma_real is on cuda:0, moving to cuda
  WARNING: quantum_diagonal.quantum_branches.gamma_imag is on cuda:0, moving to cuda
  WARNING: quantum_diagonal.quantum_branches.proj1.weight is on cuda:0, moving to cuda
  WARNING: quantum_diagonal.quantum_branches.proj1.bias is on cuda:0, moving to cuda
  WARNING: quantum_diagonal.quantum_branches.proj2.weight is on cuda:0, moving to cuda
  WARNING: quantum_diagonal.quantum_branches.proj2.bias is on cuda:0, moving to cuda
  WARNING: quantum_diagonal.quantum_branches.proj3.weight is on cuda:0, moving to cuda
  WARNING: quantum_diagonal.quantum_branches.proj3.bias is on cuda:0, moving to cuda
  WARNING: quantum_diagonal.quantum_branches.input_proj.weight is on cuda:0, moving to cuda
  WARNING: quantum_diagonal.quantum_branches.input_proj.bias is on cuda:0, moving to cuda
  WARNING: quantum_diagonal.output_proj.0.weight is on cuda:0, moving to cuda
  WARNING: quantum_diagonal.output_proj.0.bias is on cuda:0, moving to cuda
  WARNING: quantum_diagonal.output_proj.1.weight is on cuda:0, moving to cuda
  WARNING: quantum_diagonal.output_proj.1.bias is on cuda:0, moving to cuda
  WARNING: hydra_layers.0.in_proj.weight is on cuda:0, moving to cuda
  WARNING: hydra_layers.0.bidirectional_ssm.alpha is on cuda:0, moving to cuda
  WARNING: hydra_layers.0.bidirectional_ssm.beta is on cuda:0, moving to cuda
  WARNING: hydra_layers.0.bidirectional_ssm.gamma is on cuda:0, moving to cuda
  WARNING: hydra_layers.0.bidirectional_ssm.forward_ssm.A_log is on cuda:0, moving to cuda
  WARNING: hydra_layers.0.bidirectional_ssm.forward_ssm.D is on cuda:0, moving to cuda
  WARNING: hydra_layers.0.bidirectional_ssm.forward_ssm.x_proj.weight is on cuda:0, moving to cuda
  WARNING: hydra_layers.0.bidirectional_ssm.forward_ssm.dt_proj.weight is on cuda:0, moving to cuda
  WARNING: hydra_layers.0.bidirectional_ssm.forward_ssm.dt_proj.bias is on cuda:0, moving to cuda
  WARNING: hydra_layers.0.bidirectional_ssm.forward_ssm.out_proj.weight is on cuda:0, moving to cuda
  WARNING: hydra_layers.0.bidirectional_ssm.backward_ssm.A_log is on cuda:0, moving to cuda
  WARNING: hydra_layers.0.bidirectional_ssm.backward_ssm.D is on cuda:0, moving to cuda
  WARNING: hydra_layers.0.bidirectional_ssm.backward_ssm.x_proj.weight is on cuda:0, moving to cuda
  WARNING: hydra_layers.0.bidirectional_ssm.backward_ssm.dt_proj.weight is on cuda:0, moving to cuda
  WARNING: hydra_layers.0.bidirectional_ssm.backward_ssm.dt_proj.bias is on cuda:0, moving to cuda
  WARNING: hydra_layers.0.bidirectional_ssm.backward_ssm.out_proj.weight is on cuda:0, moving to cuda
  WARNING: hydra_layers.0.bidirectional_ssm.diagonal.weight is on cuda:0, moving to cuda
  WARNING: hydra_layers.0.bidirectional_ssm.out_proj.weight is on cuda:0, moving to cuda
  WARNING: hydra_layers.0.bidirectional_ssm.norm.weight is on cuda:0, moving to cuda
  WARNING: hydra_layers.0.bidirectional_ssm.norm.bias is on cuda:0, moving to cuda
  WARNING: hydra_layers.0.out_proj.weight is on cuda:0, moving to cuda
  WARNING: hydra_layers.0.norm.weight is on cuda:0, moving to cuda
  WARNING: hydra_layers.0.norm.bias is on cuda:0, moving to cuda
  WARNING: hydra_layers.1.in_proj.weight is on cuda:0, moving to cuda
  WARNING: hydra_layers.1.bidirectional_ssm.alpha is on cuda:0, moving to cuda
  WARNING: hydra_layers.1.bidirectional_ssm.beta is on cuda:0, moving to cuda
  WARNING: hydra_layers.1.bidirectional_ssm.gamma is on cuda:0, moving to cuda
  WARNING: hydra_layers.1.bidirectional_ssm.forward_ssm.A_log is on cuda:0, moving to cuda
  WARNING: hydra_layers.1.bidirectional_ssm.forward_ssm.D is on cuda:0, moving to cuda
  WARNING: hydra_layers.1.bidirectional_ssm.forward_ssm.x_proj.weight is on cuda:0, moving to cuda
  WARNING: hydra_layers.1.bidirectional_ssm.forward_ssm.dt_proj.weight is on cuda:0, moving to cuda
  WARNING: hydra_layers.1.bidirectional_ssm.forward_ssm.dt_proj.bias is on cuda:0, moving to cuda
  WARNING: hydra_layers.1.bidirectional_ssm.forward_ssm.out_proj.weight is on cuda:0, moving to cuda
  WARNING: hydra_layers.1.bidirectional_ssm.backward_ssm.A_log is on cuda:0, moving to cuda
  WARNING: hydra_layers.1.bidirectional_ssm.backward_ssm.D is on cuda:0, moving to cuda
  WARNING: hydra_layers.1.bidirectional_ssm.backward_ssm.x_proj.weight is on cuda:0, moving to cuda
  WARNING: hydra_layers.1.bidirectional_ssm.backward_ssm.dt_proj.weight is on cuda:0, moving to cuda
  WARNING: hydra_layers.1.bidirectional_ssm.backward_ssm.dt_proj.bias is on cuda:0, moving to cuda
  WARNING: hydra_layers.1.bidirectional_ssm.backward_ssm.out_proj.weight is on cuda:0, moving to cuda
  WARNING: hydra_layers.1.bidirectional_ssm.diagonal.weight is on cuda:0, moving to cuda
  WARNING: hydra_layers.1.bidirectional_ssm.out_proj.weight is on cuda:0, moving to cuda
  WARNING: hydra_layers.1.bidirectional_ssm.norm.weight is on cuda:0, moving to cuda
  WARNING: hydra_layers.1.bidirectional_ssm.norm.bias is on cuda:0, moving to cuda
  WARNING: hydra_layers.1.out_proj.weight is on cuda:0, moving to cuda
  WARNING: hydra_layers.1.norm.weight is on cuda:0, moving to cuda
  WARNING: hydra_layers.1.norm.bias is on cuda:0, moving to cuda
  WARNING: output_norm.weight is on cuda:0, moving to cuda
  WARNING: output_norm.bias is on cuda:0, moving to cuda
  WARNING: output_layer.weight is on cuda:0, moving to cuda
  WARNING: output_layer.bias is on cuda:0, moving to cuda
Model moved to cuda

================================================================================
Training Started (epochs 1 to 100)
================================================================================

Epoch   1/100 (123.5s) * | Train MSE: 0.150493 | Val MSE: 0.006480
Epoch   2/100 (122.8s) * | Train MSE: 0.002251 | Val MSE: 0.001094
Epoch   4/100 (123.1s) * | Train MSE: 0.001123 | Val MSE: 0.000411
Epoch   5/100 (123.2s) | Train MSE: 0.000915 | Val MSE: 0.000938
Epoch  10/100 (121.8s) | Train MSE: 0.000445 | Val MSE: 0.001193
Epoch  11/100 (123.0s) * | Train MSE: 0.000411 | Val MSE: 0.000281
Epoch  13/100 (122.5s) * | Train MSE: 0.000330 | Val MSE: 0.000195
Epoch  15/100 (122.1s) | Train MSE: 0.000268 | Val MSE: 0.000846
Epoch  16/100 (121.9s) * | Train MSE: 0.000346 | Val MSE: 0.000151
Epoch  18/100 (123.0s) * | Train MSE: 0.000356 | Val MSE: 0.000058
Epoch  20/100 (122.6s) | Train MSE: 0.000230 | Val MSE: 0.001071
Epoch  25/100 (124.0s) | Train MSE: 0.000257 | Val MSE: 0.000384
Epoch  30/100 (114.0s) | Train MSE: 0.000170 | Val MSE: 0.000580
Epoch  35/100 (112.8s) | Train MSE: 0.000164 | Val MSE: 0.000522

Early stopping at epoch 38 (no improvement for 20 epochs)

================================================================================
Training Complete!
================================================================================
Total Time: 4593.41s (76.56 min)
Best Val MSE: 0.000058
Test Results:
  MSE: 0.000062
  MAE: 0.006344
  R²: 0.9996
  Baseline MSE: 0.1670
  Improvement over baseline: 100.0%
Job completed: syn_1c_adding_problem_L200_s2024
End time: Mon 05 Jan 2026 02:38:54 AM PST
