Starting job: syn_2d_adding_problem_L200_s2025
Date: Wed 07 Jan 2026 03:11:22 PM PST
Host: nid008297
GPU: NVIDIA A100-SXM4-80GB
Using GPU: NVIDIA A100-SXM4-80GB
================================================================================
SYNTHETIC BENCHMARK - ADDING_PROBLEM
================================================================================
Model ID: 2d (QuantumMambaHydraSSM)
  Group 2: classical feat → quantum_superposition mix (mamba)
Task: adding_problem (regression)
Sequence Length: 200
Seed: 2025
Device: cuda
--------------------------------------------------------------------------------
Hyperparameters:
  n_qubits=6, n_layers=2
  d_model=128, d_state=16
  epochs=100, batch_size=32
  lr=0.001, weight_decay=0.0001
  early_stopping=20
================================================================================

Loading Data...
Loading Adding Problem dataset from data/synthetic_benchmarks/adding_problem/adding_L200_seed2025.pt...
Dataset loaded successfully.
  - Task: adding_problem
  - Sequence length: 200
  - Num channels: 2
  - Total samples: 5000
  - Marker strategy: extremes
  - Baseline MSE: 0.1696
  - Shape for model: torch.Size([5000, 2, 200])
  - Training set: 4000
  - Validation set: 500
  - Test set: 500
Data loaded!
  Input: (2 channels, 200 timesteps)
  Output dim: 1

Creating model...
Creating model: QuantumMambaHydraSSM (ID: 2d)
  Group 2: classical features → quantum_superposition mixing (mamba)
Model parameters: 46,052
Verifying device placement...
  WARNING: input_proj.0.weight is on cuda:0, moving to cuda
  WARNING: input_proj.0.bias is on cuda:0, moving to cuda
  WARNING: input_proj.1.weight is on cuda:0, moving to cuda
  WARNING: input_proj.1.bias is on cuda:0, moving to cuda
  WARNING: chunk_attention.0.weight is on cuda:0, moving to cuda
  WARNING: chunk_attention.0.bias is on cuda:0, moving to cuda
  WARNING: chunk_attention.2.weight is on cuda:0, moving to cuda
  WARNING: chunk_attention.2.bias is on cuda:0, moving to cuda
  WARNING: forward_param_proj.weight is on cuda:0, moving to cuda
  WARNING: forward_param_proj.bias is on cuda:0, moving to cuda
  WARNING: backward_param_proj.weight is on cuda:0, moving to cuda
  WARNING: backward_param_proj.bias is on cuda:0, moving to cuda
  WARNING: diagonal_param_proj.weight is on cuda:0, moving to cuda
  WARNING: diagonal_param_proj.bias is on cuda:0, moving to cuda
  WARNING: encoding_proj.weight is on cuda:0, moving to cuda
  WARNING: encoding_proj.bias is on cuda:0, moving to cuda
  WARNING: dt_proj.0.weight is on cuda:0, moving to cuda
  WARNING: dt_proj.0.bias is on cuda:0, moving to cuda
  WARNING: dt_proj.2.weight is on cuda:0, moving to cuda
  WARNING: dt_proj.2.bias is on cuda:0, moving to cuda
  WARNING: quantum_core.alpha_real is on cuda:0, moving to cuda
  WARNING: quantum_core.alpha_imag is on cuda:0, moving to cuda
  WARNING: quantum_core.beta_real is on cuda:0, moving to cuda
  WARNING: quantum_core.beta_imag is on cuda:0, moving to cuda
  WARNING: quantum_core.gamma_real is on cuda:0, moving to cuda
  WARNING: quantum_core.gamma_imag is on cuda:0, moving to cuda
  WARNING: output_proj.0.weight is on cuda:0, moving to cuda
  WARNING: output_proj.0.bias is on cuda:0, moving to cuda
  WARNING: output_proj.1.weight is on cuda:0, moving to cuda
  WARNING: output_proj.1.bias is on cuda:0, moving to cuda
  WARNING: seq_attention.0.weight is on cuda:0, moving to cuda
  WARNING: seq_attention.0.bias is on cuda:0, moving to cuda
  WARNING: seq_attention.2.weight is on cuda:0, moving to cuda
  WARNING: seq_attention.2.bias is on cuda:0, moving to cuda
  WARNING: classifier.0.weight is on cuda:0, moving to cuda
  WARNING: classifier.0.bias is on cuda:0, moving to cuda
  WARNING: classifier.3.weight is on cuda:0, moving to cuda
  WARNING: classifier.3.bias is on cuda:0, moving to cuda
Model moved to cuda

================================================================================
Training Started (epochs 1 to 100)
================================================================================

Epoch   1/100 (705.0s) * | Train MSE: 0.159832 | Val MSE: 0.014529
Epoch   2/100 (713.9s) * | Train MSE: 0.014940 | Val MSE: 0.001891
Epoch   3/100 (731.5s) * | Train MSE: 0.008065 | Val MSE: 0.001748
Epoch   4/100 (716.8s) * | Train MSE: 0.005989 | Val MSE: 0.000831
Epoch   5/100 (702.6s) * | Train MSE: 0.005321 | Val MSE: 0.000398
Epoch   6/100 (697.5s) * | Train MSE: 0.004780 | Val MSE: 0.000319
Epoch   7/100 (690.5s) * | Train MSE: 0.004131 | Val MSE: 0.000227
Epoch   9/100 (693.4s) * | Train MSE: 0.003712 | Val MSE: 0.000210
Epoch  10/100 (701.2s) * | Train MSE: 0.003543 | Val MSE: 0.000199
Epoch  15/100 (697.9s) | Train MSE: 0.002827 | Val MSE: 0.000298
Epoch  20/100 (677.4s) * | Train MSE: 0.002679 | Val MSE: 0.000171
Epoch  21/100 (672.4s) * | Train MSE: 0.002527 | Val MSE: 0.000139
Epoch  25/100 (688.3s) | Train MSE: 0.002355 | Val MSE: 0.000185
Epoch  26/100 (688.6s) * | Train MSE: 0.002195 | Val MSE: 0.000106
Epoch  30/100 (691.3s) | Train MSE: 0.002125 | Val MSE: 0.000216
Epoch  35/100 (679.8s) * | Train MSE: 0.001856 | Val MSE: 0.000104
Epoch  39/100 (694.7s) * | Train MSE: 0.001661 | Val MSE: 0.000069
