Starting job: syn_2a_adding_problem_L500_s2024
Date: Tue 06 Jan 2026 06:22:16 AM PST
Host: nid008297
GPU: NVIDIA A100-SXM4-80GB
Using GPU: NVIDIA A100-SXM4-80GB
================================================================================
SYNTHETIC BENCHMARK - ADDING_PROBLEM
================================================================================
Model ID: 2a (ClassicalQuantumAttention)
  Group 2: classical feat → quantum mix (transformer)
Task: adding_problem (regression)
Sequence Length: 500
Seed: 2024
Device: cuda
--------------------------------------------------------------------------------
Hyperparameters:
  n_qubits=6, n_layers=2
  d_model=128, d_state=16
  epochs=100, batch_size=32
  lr=0.001, weight_decay=0.0001
  early_stopping=20
================================================================================

Loading Data...
Loading Adding Problem dataset from data/synthetic_benchmarks/adding_problem/adding_L500_seed2024.pt...
Dataset loaded successfully.
  - Task: adding_problem
  - Sequence length: 500
  - Num channels: 2
  - Total samples: 5000
  - Marker strategy: extremes
  - Baseline MSE: 0.1708
  - Shape for model: torch.Size([5000, 2, 500])
  - Training set: 4000
  - Validation set: 500
  - Test set: 500
Data loaded!
  Input: (2 channels, 500 timesteps)
  Output dim: 1

Creating model...
Creating model: ClassicalQuantumAttention (ID: 2a)
  Group 2: classical features → quantum mixing (transformer)
Model parameters: 35,836
Verifying device placement...
  WARNING: feature_extractor.embedding.weight is on cuda:0, moving to cuda
  WARNING: feature_extractor.embedding.bias is on cuda:0, moving to cuda
  WARNING: chunk_attention.0.weight is on cuda:0, moving to cuda
  WARNING: chunk_attention.0.bias is on cuda:0, moving to cuda
  WARNING: chunk_attention.2.weight is on cuda:0, moving to cuda
  WARNING: chunk_attention.2.bias is on cuda:0, moving to cuda
  WARNING: quantum_attention.mix_coeffs is on cuda:0, moving to cuda
  WARNING: quantum_attention.qff_params is on cuda:0, moving to cuda
  WARNING: quantum_attention.param_proj.weight is on cuda:0, moving to cuda
  WARNING: quantum_attention.param_proj.bias is on cuda:0, moving to cuda
  WARNING: quantum_attention.output_proj.weight is on cuda:0, moving to cuda
  WARNING: quantum_attention.output_proj.bias is on cuda:0, moving to cuda
  WARNING: output_norm.weight is on cuda:0, moving to cuda
  WARNING: output_norm.bias is on cuda:0, moving to cuda
  WARNING: classifier.0.weight is on cuda:0, moving to cuda
  WARNING: classifier.0.bias is on cuda:0, moving to cuda
  WARNING: classifier.3.weight is on cuda:0, moving to cuda
  WARNING: classifier.3.bias is on cuda:0, moving to cuda
Model moved to cuda

================================================================================
Training Started (epochs 1 to 100)
================================================================================

Epoch   1/100 (202.6s) * | Train MSE: 0.191780 | Val MSE: 0.171010
Epoch   2/100 (198.6s) * | Train MSE: 0.157600 | Val MSE: 0.069997
Epoch   3/100 (198.8s) * | Train MSE: 0.052223 | Val MSE: 0.027198
Epoch   4/100 (199.9s) * | Train MSE: 0.046404 | Val MSE: 0.013934
Epoch   5/100 (198.7s) * | Train MSE: 0.020880 | Val MSE: 0.004138
Epoch   7/100 (198.8s) * | Train MSE: 0.013680 | Val MSE: 0.002094
Epoch  10/100 (198.5s) * | Train MSE: 0.010435 | Val MSE: 0.001881
Epoch  15/100 (198.4s) * | Train MSE: 0.007623 | Val MSE: 0.001522
Epoch  19/100 (199.3s) * | Train MSE: 0.006197 | Val MSE: 0.000847
Epoch  20/100 (200.5s) | Train MSE: 0.005847 | Val MSE: 0.001622
Epoch  21/100 (200.6s) * | Train MSE: 0.006634 | Val MSE: 0.000510
Epoch  25/100 (195.6s) | Train MSE: 0.005137 | Val MSE: 0.000840
Epoch  28/100 (194.7s) * | Train MSE: 0.004653 | Val MSE: 0.000380
Epoch  30/100 (194.2s) | Train MSE: 0.004512 | Val MSE: 0.000684
Epoch  32/100 (192.8s) * | Train MSE: 0.004524 | Val MSE: 0.000343
Epoch  34/100 (192.7s) * | Train MSE: 0.004445 | Val MSE: 0.000288
Epoch  35/100 (193.2s) | Train MSE: 0.004701 | Val MSE: 0.001912
Epoch  40/100 (193.3s) | Train MSE: 0.003817 | Val MSE: 0.000592
Epoch  45/100 (194.7s) | Train MSE: 0.003361 | Val MSE: 0.000306
Epoch  48/100 (192.9s) * | Train MSE: 0.003536 | Val MSE: 0.000256
Epoch  49/100 (193.5s) * | Train MSE: 0.003181 | Val MSE: 0.000206
Epoch  50/100 (193.0s) | Train MSE: 0.002973 | Val MSE: 0.000766
Epoch  53/100 (210.5s) * | Train MSE: 0.003063 | Val MSE: 0.000193
Epoch  55/100 (195.6s) | Train MSE: 0.002948 | Val MSE: 0.000340
Epoch  60/100 (196.7s) | Train MSE: 0.002831 | Val MSE: 0.000264
Epoch  65/100 (196.9s) | Train MSE: 0.002715 | Val MSE: 0.000714
Epoch  67/100 (197.1s) * | Train MSE: 0.002780 | Val MSE: 0.000184
Epoch  68/100 (197.5s) * | Train MSE: 0.002625 | Val MSE: 0.000178
Epoch  70/100 (197.2s) | Train MSE: 0.002552 | Val MSE: 0.000363
Epoch  71/100 (200.8s) * | Train MSE: 0.002630 | Val MSE: 0.000175
Epoch  75/100 (198.3s) * | Train MSE: 0.002583 | Val MSE: 0.000175
Epoch  76/100 (198.2s) * | Train MSE: 0.002405 | Val MSE: 0.000149
Epoch  78/100 (197.6s) * | Train MSE: 0.002469 | Val MSE: 0.000146
Epoch  80/100 (198.0s) | Train MSE: 0.002393 | Val MSE: 0.000170
Epoch  82/100 (197.4s) * | Train MSE: 0.002362 | Val MSE: 0.000128
Epoch  85/100 (197.3s) | Train MSE: 0.002307 | Val MSE: 0.000140
Epoch  86/100 (197.4s) * | Train MSE: 0.002344 | Val MSE: 0.000109
Epoch  90/100 (198.4s) | Train MSE: 0.002095 | Val MSE: 0.000143
Epoch  92/100 (198.2s) * | Train MSE: 0.002260 | Val MSE: 0.000092
Epoch  95/100 (197.1s) | Train MSE: 0.002241 | Val MSE: 0.000130
Epoch 100/100 (197.8s) | Train MSE: 0.002248 | Val MSE: 0.000115

================================================================================
Training Complete!
================================================================================
Total Time: 19709.72s (328.50 min)
Best Val MSE: 0.000092
Test Results:
  MSE: 0.000079
  MAE: 0.006693
  R²: 0.9995
  Baseline MSE: 0.1670
  Improvement over baseline: 100.0%
Job completed: syn_2a_adding_problem_L500_s2024
End time: Tue 06 Jan 2026 11:51:14 AM PST
