Starting job: syn_2a_selective_copy_L1000_s2025
Date: Tue 06 Jan 2026 09:54:59 PM PST
Host: nid008288
GPU: NVIDIA A100-SXM4-80GB
Using GPU: NVIDIA A100-SXM4-80GB
================================================================================
SYNTHETIC BENCHMARK - SELECTIVE_COPY
================================================================================
Model ID: 2a (ClassicalQuantumAttention)
  Group 2: classical feat → quantum mix (transformer)
Task: selective_copy (regression)
Sequence Length: 1000
Seed: 2025
Device: cuda
--------------------------------------------------------------------------------
Hyperparameters:
  n_qubits=6, n_layers=2
  d_model=128, d_state=16
  epochs=100, batch_size=32
  lr=0.001, weight_decay=0.0001
  early_stopping=20
================================================================================

Loading Data...
Loading Selective Copy dataset from data/synthetic_benchmarks/selective_copy/selective_copy_L1000_M8_seed2025.pt...
Dataset loaded successfully.
  - Task: selective_copy
  - Sequence length: 1000
  - Num channels: 2
  - Num markers: 8
  - Output length: 8
  - Total samples: 5000
  - Marker density: 0.8%
  - Baseline MSE: 0.0829
  - Input shape for model: torch.Size([5000, 2, 1000])
  - Target shape: torch.Size([5000, 8])
  - Training set: 4000
  - Validation set: 500
  - Test set: 500
Data loaded!
  Input: (2 channels, 1000 timesteps)
  Output dim: 8

Creating model...
Creating model: ClassicalQuantumAttention (ID: 2a)
  Group 2: classical features → quantum mixing (transformer)
Model parameters: 36,770
Verifying device placement...
  WARNING: feature_extractor.embedding.weight is on cuda:0, moving to cuda
  WARNING: feature_extractor.embedding.bias is on cuda:0, moving to cuda
  WARNING: chunk_attention.0.weight is on cuda:0, moving to cuda
  WARNING: chunk_attention.0.bias is on cuda:0, moving to cuda
  WARNING: chunk_attention.2.weight is on cuda:0, moving to cuda
  WARNING: chunk_attention.2.bias is on cuda:0, moving to cuda
  WARNING: quantum_attention.mix_coeffs is on cuda:0, moving to cuda
  WARNING: quantum_attention.qff_params is on cuda:0, moving to cuda
  WARNING: quantum_attention.param_proj.weight is on cuda:0, moving to cuda
  WARNING: quantum_attention.param_proj.bias is on cuda:0, moving to cuda
  WARNING: quantum_attention.output_proj.weight is on cuda:0, moving to cuda
  WARNING: quantum_attention.output_proj.bias is on cuda:0, moving to cuda
  WARNING: output_norm.weight is on cuda:0, moving to cuda
  WARNING: output_norm.bias is on cuda:0, moving to cuda
  WARNING: classifier.0.weight is on cuda:0, moving to cuda
  WARNING: classifier.0.bias is on cuda:0, moving to cuda
  WARNING: classifier.3.weight is on cuda:0, moving to cuda
  WARNING: classifier.3.bias is on cuda:0, moving to cuda
Model moved to cuda

================================================================================
Training Started (epochs 1 to 100)
================================================================================

Epoch   1/100 (220.6s) * | Train MSE: 0.096583 | Val MSE: 0.084317
Epoch   3/100 (217.8s) * | Train MSE: 0.085873 | Val MSE: 0.083725
Epoch   4/100 (219.3s) * | Train MSE: 0.084702 | Val MSE: 0.081603
Epoch   5/100 (219.3s) * | Train MSE: 0.082189 | Val MSE: 0.079064
Epoch   6/100 (219.2s) * | Train MSE: 0.078571 | Val MSE: 0.078244
Epoch   7/100 (219.3s) * | Train MSE: 0.077758 | Val MSE: 0.075843
Epoch  10/100 (219.3s) | Train MSE: 0.075793 | Val MSE: 0.075959
Epoch  13/100 (217.4s) * | Train MSE: 0.075316 | Val MSE: 0.074768
Epoch  14/100 (217.4s) * | Train MSE: 0.074956 | Val MSE: 0.074563
Epoch  15/100 (217.0s) | Train MSE: 0.075207 | Val MSE: 0.075504
Epoch  16/100 (216.8s) * | Train MSE: 0.074929 | Val MSE: 0.074388
Epoch  20/100 (220.6s) | Train MSE: 0.074884 | Val MSE: 0.074670
Epoch  24/100 (217.5s) * | Train MSE: 0.074379 | Val MSE: 0.074198
Epoch  25/100 (217.7s) | Train MSE: 0.074352 | Val MSE: 0.074636
Epoch  30/100 (222.8s) | Train MSE: 0.074344 | Val MSE: 0.074296
Epoch  35/100 (217.6s) | Train MSE: 0.074183 | Val MSE: 0.074453
Epoch  37/100 (223.0s) * | Train MSE: 0.074017 | Val MSE: 0.074195
Epoch  40/100 (218.6s) | Train MSE: 0.073980 | Val MSE: 0.074322
Epoch  42/100 (216.4s) * | Train MSE: 0.073843 | Val MSE: 0.074163
Epoch  45/100 (193.9s) | Train MSE: 0.073871 | Val MSE: 0.074272
Epoch  48/100 (193.1s) * | Train MSE: 0.073665 | Val MSE: 0.074003
Epoch  50/100 (193.2s) | Train MSE: 0.073686 | Val MSE: 0.074186
Epoch  55/100 (192.8s) * | Train MSE: 0.073644 | Val MSE: 0.073995
Epoch  60/100 (193.0s) | Train MSE: 0.073709 | Val MSE: 0.074366
Epoch  63/100 (192.6s) * | Train MSE: 0.073545 | Val MSE: 0.073922
Epoch  65/100 (195.9s) | Train MSE: 0.073457 | Val MSE: 0.073986
Epoch  70/100 (192.6s) | Train MSE: 0.073518 | Val MSE: 0.074091
Epoch  71/100 (193.2s) * | Train MSE: 0.073460 | Val MSE: 0.073906
Epoch  72/100 (193.0s) * | Train MSE: 0.073366 | Val MSE: 0.073846
Epoch  75/100 (193.7s) | Train MSE: 0.073324 | Val MSE: 0.073908
Epoch  80/100 (193.0s) | Train MSE: 0.073295 | Val MSE: 0.073948
Epoch  81/100 (194.1s) * | Train MSE: 0.073290 | Val MSE: 0.073843
Epoch  85/100 (194.7s) | Train MSE: 0.073263 | Val MSE: 0.073860
Epoch  86/100 (194.1s) * | Train MSE: 0.073299 | Val MSE: 0.073841
Epoch  88/100 (193.2s) * | Train MSE: 0.073221 | Val MSE: 0.073837
Epoch  90/100 (193.2s) | Train MSE: 0.073226 | Val MSE: 0.073839
Epoch  92/100 (193.1s) * | Train MSE: 0.073238 | Val MSE: 0.073822
Epoch  93/100 (193.0s) * | Train MSE: 0.073222 | Val MSE: 0.073815
Epoch  95/100 (193.2s) * | Train MSE: 0.073200 | Val MSE: 0.073810
Epoch  98/100 (193.1s) * | Train MSE: 0.073219 | Val MSE: 0.073810
Epoch 100/100 (193.2s) * | Train MSE: 0.073174 | Val MSE: 0.073809

================================================================================
Training Complete!
================================================================================
Total Time: 20449.03s (340.82 min)
Best Val MSE: 0.073809
Test Results:
  MSE: 0.075721
  MAE: 0.233697
  R²: 0.1166
  Baseline MSE: 0.0830
  Improvement over baseline: 8.8%

Results saved to: results/synthetic_benchmarks/synthetic_2a_selective_copy_L1000_seed2025_results.json
Model saved to: results/synthetic_benchmarks/synthetic_2a_selective_copy_L1000_seed2025_model.pt
Cleaned up training checkpoint: results/synthetic_benchmarks/checkpoints/checkpoint_2a_selective_copy_L1000_seed2025.pt

================================================================================
SYNTHETIC BENCHMARK RUN COMPLETE
================================================================================
Model: 2a (ClassicalQuantumAttention)
Task: selective_copy
Seq Length: 1000
Test MSE: 0.075721
Test R²: 0.1166
================================================================================

Job completed: syn_2a_selective_copy_L1000_s2025
End time: Wed 07 Jan 2026 03:36:32 AM PST
