Starting job: syn_2a_adding_problem_L1000_s2024
Date: Mon 05 Jan 2026 10:17:35 PM PST
Host: nid008193
GPU: NVIDIA A100-SXM4-80GB
Using GPU: NVIDIA A100-SXM4-80GB
================================================================================
SYNTHETIC BENCHMARK - ADDING_PROBLEM
================================================================================
Model ID: 2a (ClassicalQuantumAttention)
  Group 2: classical feat → quantum mix (transformer)
Task: adding_problem (regression)
Sequence Length: 1000
Seed: 2024
Device: cuda
--------------------------------------------------------------------------------
Hyperparameters:
  n_qubits=6, n_layers=2
  d_model=128, d_state=16
  epochs=100, batch_size=32
  lr=0.001, weight_decay=0.0001
  early_stopping=20
================================================================================

Loading Data...
Loading Adding Problem dataset from data/synthetic_benchmarks/adding_problem/adding_L1000_seed2024.pt...
Dataset loaded successfully.
  - Task: adding_problem
  - Sequence length: 1000
  - Num channels: 2
  - Total samples: 5000
  - Marker strategy: extremes
  - Baseline MSE: 0.1696
  - Shape for model: torch.Size([5000, 2, 1000])
  - Training set: 4000
  - Validation set: 500
  - Test set: 500
Data loaded!
  Input: (2 channels, 1000 timesteps)
  Output dim: 1

Creating model...
Creating model: ClassicalQuantumAttention (ID: 2a)
  Group 2: classical features → quantum mixing (transformer)
Model parameters: 35,867
Verifying device placement...
  WARNING: feature_extractor.embedding.weight is on cuda:0, moving to cuda
  WARNING: feature_extractor.embedding.bias is on cuda:0, moving to cuda
  WARNING: chunk_attention.0.weight is on cuda:0, moving to cuda
  WARNING: chunk_attention.0.bias is on cuda:0, moving to cuda
  WARNING: chunk_attention.2.weight is on cuda:0, moving to cuda
  WARNING: chunk_attention.2.bias is on cuda:0, moving to cuda
  WARNING: quantum_attention.mix_coeffs is on cuda:0, moving to cuda
  WARNING: quantum_attention.qff_params is on cuda:0, moving to cuda
  WARNING: quantum_attention.param_proj.weight is on cuda:0, moving to cuda
  WARNING: quantum_attention.param_proj.bias is on cuda:0, moving to cuda
  WARNING: quantum_attention.output_proj.weight is on cuda:0, moving to cuda
  WARNING: quantum_attention.output_proj.bias is on cuda:0, moving to cuda
  WARNING: output_norm.weight is on cuda:0, moving to cuda
  WARNING: output_norm.bias is on cuda:0, moving to cuda
  WARNING: classifier.0.weight is on cuda:0, moving to cuda
  WARNING: classifier.0.bias is on cuda:0, moving to cuda
  WARNING: classifier.3.weight is on cuda:0, moving to cuda
  WARNING: classifier.3.bias is on cuda:0, moving to cuda
Model moved to cuda

================================================================================
Training Started (epochs 1 to 100)
================================================================================

Epoch   1/100 (209.2s) * | Train MSE: 0.216994 | Val MSE: 0.170961
Epoch   2/100 (207.4s) * | Train MSE: 0.179272 | Val MSE: 0.169243
Epoch   5/100 (204.0s) | Train MSE: 0.177431 | Val MSE: 0.174529
Epoch  10/100 (203.9s) | Train MSE: 0.178878 | Val MSE: 0.169379
Epoch  15/100 (223.5s) * | Train MSE: 0.067230 | Val MSE: 0.026893
Epoch  16/100 (221.8s) * | Train MSE: 0.017714 | Val MSE: 0.003119
Epoch  17/100 (222.2s) * | Train MSE: 0.010664 | Val MSE: 0.001410
Epoch  18/100 (223.0s) * | Train MSE: 0.009224 | Val MSE: 0.001008
Epoch  20/100 (223.1s) | Train MSE: 0.007503 | Val MSE: 0.001355
Epoch  21/100 (224.8s) * | Train MSE: 0.007362 | Val MSE: 0.000627
Epoch  25/100 (224.9s) | Train MSE: 0.006302 | Val MSE: 0.001333
Epoch  26/100 (224.8s) * | Train MSE: 0.005716 | Val MSE: 0.000627
Epoch  30/100 (223.3s) * | Train MSE: 0.005444 | Val MSE: 0.000455
Epoch  34/100 (222.6s) * | Train MSE: 0.004796 | Val MSE: 0.000276
Epoch  35/100 (221.4s) | Train MSE: 0.004672 | Val MSE: 0.002146
Epoch  39/100 (199.1s) * | Train MSE: 0.004383 | Val MSE: 0.000198
Epoch  40/100 (196.8s) | Train MSE: 0.004345 | Val MSE: 0.000708
Epoch  45/100 (197.3s) | Train MSE: 0.003736 | Val MSE: 0.000637
Epoch  47/100 (196.7s) * | Train MSE: 0.003575 | Val MSE: 0.000125
Epoch  50/100 (196.8s) | Train MSE: 0.003433 | Val MSE: 0.000172
Epoch  55/100 (219.9s) | Train MSE: 0.003313 | Val MSE: 0.001089
Epoch  60/100 (219.4s) | Train MSE: 0.003038 | Val MSE: 0.000187
Epoch  65/100 (217.7s) | Train MSE: 0.003135 | Val MSE: 0.000420
Epoch  66/100 (217.6s) * | Train MSE: 0.002806 | Val MSE: 0.000122
Epoch  67/100 (219.1s) * | Train MSE: 0.002635 | Val MSE: 0.000101
Epoch  70/100 (218.9s) | Train MSE: 0.002610 | Val MSE: 0.000361
Epoch  75/100 (215.3s) | Train MSE: 0.002491 | Val MSE: 0.000182
Epoch  80/100 (195.8s) * | Train MSE: 0.002508 | Val MSE: 0.000079
Epoch  82/100 (196.2s) * | Train MSE: 0.002525 | Val MSE: 0.000070
Epoch  85/100 (196.6s) | Train MSE: 0.002561 | Val MSE: 0.000093
Epoch  87/100 (196.3s) * | Train MSE: 0.002435 | Val MSE: 0.000062
Epoch  90/100 (198.9s) | Train MSE: 0.002278 | Val MSE: 0.000082
Epoch  95/100 (199.2s) | Train MSE: 0.002390 | Val MSE: 0.000101
Epoch 100/100 (217.8s) | Train MSE: 0.002342 | Val MSE: 0.000073

================================================================================
Training Complete!
================================================================================
Total Time: 21078.48s (351.31 min)
Best Val MSE: 0.000062
Test Results:
  MSE: 0.000059
  MAE: 0.005766
  R²: 0.9996
  Baseline MSE: 0.1670
  Improvement over baseline: 100.0%
Job completed: syn_2a_adding_problem_L1000_s2024
End time: Tue 06 Jan 2026 04:09:23 AM PST
