Starting job: syn_2d_adding_problem_L100_s2024
Date: Wed 07 Jan 2026 07:01:03 AM PST
Host: nid008288
GPU: NVIDIA A100-SXM4-80GB
Using GPU: NVIDIA A100-SXM4-80GB
================================================================================
SYNTHETIC BENCHMARK - ADDING_PROBLEM
================================================================================
Model ID: 2d (QuantumMambaHydraSSM)
  Group 2: classical feat → quantum_superposition mix (mamba)
Task: adding_problem (regression)
Sequence Length: 100
Seed: 2024
Device: cuda
--------------------------------------------------------------------------------
Hyperparameters:
  n_qubits=6, n_layers=2
  d_model=128, d_state=16
  epochs=100, batch_size=32
  lr=0.001, weight_decay=0.0001
  early_stopping=20
================================================================================

Loading Data...
Loading Adding Problem dataset from data/synthetic_benchmarks/adding_problem/adding_L100_seed2024.pt...
Dataset loaded successfully.
  - Task: adding_problem
  - Sequence length: 100
  - Num channels: 2
  - Total samples: 5000
  - Marker strategy: extremes
  - Baseline MSE: 0.1640
  - Shape for model: torch.Size([5000, 2, 100])
  - Training set: 4000
  - Validation set: 500
  - Test set: 500
Data loaded!
  Input: (2 channels, 100 timesteps)
  Output dim: 1

Creating model...
Creating model: QuantumMambaHydraSSM (ID: 2d)
  Group 2: classical features → quantum_superposition mixing (mamba)
Model parameters: 46,052
Verifying device placement...
  WARNING: input_proj.0.weight is on cuda:0, moving to cuda
  WARNING: input_proj.0.bias is on cuda:0, moving to cuda
  WARNING: input_proj.1.weight is on cuda:0, moving to cuda
  WARNING: input_proj.1.bias is on cuda:0, moving to cuda
  WARNING: chunk_attention.0.weight is on cuda:0, moving to cuda
  WARNING: chunk_attention.0.bias is on cuda:0, moving to cuda
  WARNING: chunk_attention.2.weight is on cuda:0, moving to cuda
  WARNING: chunk_attention.2.bias is on cuda:0, moving to cuda
  WARNING: forward_param_proj.weight is on cuda:0, moving to cuda
  WARNING: forward_param_proj.bias is on cuda:0, moving to cuda
  WARNING: backward_param_proj.weight is on cuda:0, moving to cuda
  WARNING: backward_param_proj.bias is on cuda:0, moving to cuda
  WARNING: diagonal_param_proj.weight is on cuda:0, moving to cuda
  WARNING: diagonal_param_proj.bias is on cuda:0, moving to cuda
  WARNING: encoding_proj.weight is on cuda:0, moving to cuda
  WARNING: encoding_proj.bias is on cuda:0, moving to cuda
  WARNING: dt_proj.0.weight is on cuda:0, moving to cuda
  WARNING: dt_proj.0.bias is on cuda:0, moving to cuda
  WARNING: dt_proj.2.weight is on cuda:0, moving to cuda
  WARNING: dt_proj.2.bias is on cuda:0, moving to cuda
  WARNING: quantum_core.alpha_real is on cuda:0, moving to cuda
  WARNING: quantum_core.alpha_imag is on cuda:0, moving to cuda
  WARNING: quantum_core.beta_real is on cuda:0, moving to cuda
  WARNING: quantum_core.beta_imag is on cuda:0, moving to cuda
  WARNING: quantum_core.gamma_real is on cuda:0, moving to cuda
  WARNING: quantum_core.gamma_imag is on cuda:0, moving to cuda
  WARNING: output_proj.0.weight is on cuda:0, moving to cuda
  WARNING: output_proj.0.bias is on cuda:0, moving to cuda
  WARNING: output_proj.1.weight is on cuda:0, moving to cuda
  WARNING: output_proj.1.bias is on cuda:0, moving to cuda
  WARNING: seq_attention.0.weight is on cuda:0, moving to cuda
  WARNING: seq_attention.0.bias is on cuda:0, moving to cuda
  WARNING: seq_attention.2.weight is on cuda:0, moving to cuda
  WARNING: seq_attention.2.bias is on cuda:0, moving to cuda
  WARNING: classifier.0.weight is on cuda:0, moving to cuda
  WARNING: classifier.0.bias is on cuda:0, moving to cuda
  WARNING: classifier.3.weight is on cuda:0, moving to cuda
  WARNING: classifier.3.bias is on cuda:0, moving to cuda
Model moved to cuda

================================================================================
Training Started (epochs 1 to 100)
================================================================================

Epoch   1/100 (378.1s) * | Train MSE: 0.134472 | Val MSE: 0.005084
Epoch   2/100 (375.7s) * | Train MSE: 0.009270 | Val MSE: 0.000518
Epoch   5/100 (375.7s) * | Train MSE: 0.004930 | Val MSE: 0.000433
Epoch   8/100 (369.5s) * | Train MSE: 0.003701 | Val MSE: 0.000110
Epoch  10/100 (371.0s) | Train MSE: 0.003613 | Val MSE: 0.000432
Epoch  14/100 (360.9s) * | Train MSE: 0.002882 | Val MSE: 0.000061
Epoch  15/100 (362.6s) | Train MSE: 0.002811 | Val MSE: 0.000179
Epoch  20/100 (359.4s) | Train MSE: 0.002690 | Val MSE: 0.000185
Epoch  25/100 (360.8s) | Train MSE: 0.002313 | Val MSE: 0.000420
Epoch  30/100 (360.5s) | Train MSE: 0.002236 | Val MSE: 0.000796

Early stopping at epoch 34 (no improvement for 20 epochs)

================================================================================
Training Complete!
================================================================================
Total Time: 12399.43s (206.66 min)
Best Val MSE: 0.000061
Test Results:
  MSE: 0.000052
  MAE: 0.005689
  R²: 0.9997
  Baseline MSE: 0.1670
  Improvement over baseline: 100.0%

Results saved to: results/synthetic_benchmarks/synthetic_2d_adding_problem_L100_seed2024_results.json
Model saved to: results/synthetic_benchmarks/synthetic_2d_adding_problem_L100_seed2024_model.pt
Cleaned up training checkpoint: results/synthetic_benchmarks/checkpoints/checkpoint_2d_adding_problem_L100_seed2024.pt

================================================================================
SYNTHETIC BENCHMARK RUN COMPLETE
================================================================================
Model: 2d (QuantumMambaHydraSSM)
Task: adding_problem
Seq Length: 100
Test MSE: 0.000052
Test R²: 0.9997
================================================================================

Job completed: syn_2d_adding_problem_L100_s2024
End time: Wed 07 Jan 2026 10:28:15 AM PST
