Starting job: syn_1a_selective_copy_L1000_s2025
Date: Sat 03 Jan 2026 08:08:02 PM PST
Host: nid008297
GPU: NVIDIA A100-SXM4-80GB
Using GPU: NVIDIA A100-SXM4-80GB
================================================================================
SYNTHETIC BENCHMARK - SELECTIVE_COPY
================================================================================
Model ID: 1a (QuantumTransformer)
  Group 1: quantum feat → classical mix (transformer)
Task: selective_copy (regression)
Sequence Length: 1000
Seed: 2025
Device: cuda
--------------------------------------------------------------------------------
Hyperparameters:
  n_qubits=6, n_layers=2
  d_model=128, d_state=16
  epochs=100, batch_size=32
  lr=0.001, weight_decay=0.0001
  early_stopping=20
================================================================================

Loading Data...
Dataset not found at data/synthetic_benchmarks/selective_copy/selective_copy_L1000_M8_seed2025.pt. Generating...
Generating Selective Copy dataset...
  - num_samples: 5000
  - seq_len: 1000
  - num_markers: 8
  - marker_strategy: uniform
  - marker_density: 0.8%

Dataset Statistics:
  - Input shape: torch.Size([5000, 1000, 2])
  - Target shape: torch.Size([5000, 8])
  - Target value range: [0.0000, 1.0000]
  - Baseline MSE (predict 0.5): 0.0829

Dataset saved to data/synthetic_benchmarks/selective_copy/selective_copy_L1000_M8_seed2025.pt
Loading Selective Copy dataset from data/synthetic_benchmarks/selective_copy/selective_copy_L1000_M8_seed2025.pt...
Dataset loaded successfully.
  - Task: selective_copy
  - Sequence length: 1000
  - Num channels: 2
  - Num markers: 8
  - Output length: 8
  - Total samples: 5000
  - Marker density: 0.8%
  - Baseline MSE: 0.0829
  - Input shape for model: torch.Size([5000, 2, 1000])
  - Target shape: torch.Size([5000, 8])
  - Training set: 4000
  - Validation set: 500
  - Test set: 500
Data loaded!
  Input: (2 channels, 1000 timesteps)
  Output dim: 8

Creating model...
Creating model: QuantumTransformer (ID: 1a)
  Group 1: quantum features → classical mixing (transformer)
Model parameters: 343,145
Verifying device placement...
  WARNING: pos_encoding is on cuda:0, moving to cuda
  WARNING: feature_proj.weight is on cuda:0, moving to cuda
  WARNING: feature_proj.bias is on cuda:0, moving to cuda
  WARNING: quantum_processor.chunk_attention.0.weight is on cuda:0, moving to cuda
  WARNING: quantum_processor.chunk_attention.0.bias is on cuda:0, moving to cuda
  WARNING: quantum_processor.chunk_attention.2.weight is on cuda:0, moving to cuda
  WARNING: quantum_processor.chunk_attention.2.bias is on cuda:0, moving to cuda
  WARNING: quantum_processor.quantum_branches.alpha_real is on cuda:0, moving to cuda
  WARNING: quantum_processor.quantum_branches.alpha_imag is on cuda:0, moving to cuda
  WARNING: quantum_processor.quantum_branches.beta_real is on cuda:0, moving to cuda
  WARNING: quantum_processor.quantum_branches.beta_imag is on cuda:0, moving to cuda
  WARNING: quantum_processor.quantum_branches.gamma_real is on cuda:0, moving to cuda
  WARNING: quantum_processor.quantum_branches.gamma_imag is on cuda:0, moving to cuda
  WARNING: quantum_processor.quantum_branches.proj1.weight is on cuda:0, moving to cuda
  WARNING: quantum_processor.quantum_branches.proj1.bias is on cuda:0, moving to cuda
  WARNING: quantum_processor.quantum_branches.proj2.weight is on cuda:0, moving to cuda
  WARNING: quantum_processor.quantum_branches.proj2.bias is on cuda:0, moving to cuda
  WARNING: quantum_processor.quantum_branches.proj3.weight is on cuda:0, moving to cuda
  WARNING: quantum_processor.quantum_branches.proj3.bias is on cuda:0, moving to cuda
  WARNING: quantum_processor.quantum_branches.branch1.base_params is on cuda:0, moving to cuda
  WARNING: quantum_processor.quantum_branches.branch2.base_params is on cuda:0, moving to cuda
  WARNING: quantum_processor.quantum_branches.branch3.base_params is on cuda:0, moving to cuda
  WARNING: quantum_processor.output_proj.0.weight is on cuda:0, moving to cuda
  WARNING: quantum_processor.output_proj.0.bias is on cuda:0, moving to cuda
  WARNING: quantum_processor.output_proj.1.weight is on cuda:0, moving to cuda
  WARNING: quantum_processor.output_proj.1.bias is on cuda:0, moving to cuda
  WARNING: transformer_layers.0.norm1.weight is on cuda:0, moving to cuda
  WARNING: transformer_layers.0.norm2.weight is on cuda:0, moving to cuda
  WARNING: transformer_layers.0.attention.q_proj.weight is on cuda:0, moving to cuda
  WARNING: transformer_layers.0.attention.q_proj.bias is on cuda:0, moving to cuda
  WARNING: transformer_layers.0.attention.k_proj.weight is on cuda:0, moving to cuda
  WARNING: transformer_layers.0.attention.k_proj.bias is on cuda:0, moving to cuda
  WARNING: transformer_layers.0.attention.v_proj.weight is on cuda:0, moving to cuda
  WARNING: transformer_layers.0.attention.v_proj.bias is on cuda:0, moving to cuda
  WARNING: transformer_layers.0.attention.out_proj.weight is on cuda:0, moving to cuda
  WARNING: transformer_layers.0.attention.out_proj.bias is on cuda:0, moving to cuda
  WARNING: transformer_layers.0.in_proj.weight is on cuda:0, moving to cuda
  WARNING: transformer_layers.0.in_proj.bias is on cuda:0, moving to cuda
  WARNING: transformer_layers.0.out_proj.weight is on cuda:0, moving to cuda
  WARNING: transformer_layers.0.out_proj.bias is on cuda:0, moving to cuda
  WARNING: transformer_layers.1.norm1.weight is on cuda:0, moving to cuda
  WARNING: transformer_layers.1.norm2.weight is on cuda:0, moving to cuda
  WARNING: transformer_layers.1.attention.q_proj.weight is on cuda:0, moving to cuda
  WARNING: transformer_layers.1.attention.q_proj.bias is on cuda:0, moving to cuda
  WARNING: transformer_layers.1.attention.k_proj.weight is on cuda:0, moving to cuda
  WARNING: transformer_layers.1.attention.k_proj.bias is on cuda:0, moving to cuda
  WARNING: transformer_layers.1.attention.v_proj.weight is on cuda:0, moving to cuda
  WARNING: transformer_layers.1.attention.v_proj.bias is on cuda:0, moving to cuda
  WARNING: transformer_layers.1.attention.out_proj.weight is on cuda:0, moving to cuda
  WARNING: transformer_layers.1.attention.out_proj.bias is on cuda:0, moving to cuda
  WARNING: transformer_layers.1.in_proj.weight is on cuda:0, moving to cuda
  WARNING: transformer_layers.1.in_proj.bias is on cuda:0, moving to cuda
  WARNING: transformer_layers.1.out_proj.weight is on cuda:0, moving to cuda
  WARNING: transformer_layers.1.out_proj.bias is on cuda:0, moving to cuda
  WARNING: final_norm.weight is on cuda:0, moving to cuda
  WARNING: classifier.weight is on cuda:0, moving to cuda
  WARNING: classifier.bias is on cuda:0, moving to cuda
Model moved to cuda

================================================================================
Training Started (epochs 1 to 100)
================================================================================

Epoch   1/100 (35.3s) * | Train MSE: 0.097019 | Val MSE: 0.089286
Epoch   2/100 (34.3s) * | Train MSE: 0.087219 | Val MSE: 0.086927
Epoch   3/100 (34.1s) * | Train MSE: 0.084957 | Val MSE: 0.086089
Epoch   4/100 (34.2s) * | Train MSE: 0.085484 | Val MSE: 0.085301
Epoch   5/100 (34.1s) * | Train MSE: 0.084960 | Val MSE: 0.084014
Epoch   9/100 (34.3s) * | Train MSE: 0.084461 | Val MSE: 0.083854
Epoch  10/100 (34.3s) | Train MSE: 0.084327 | Val MSE: 0.084562
Epoch  15/100 (34.3s) * | Train MSE: 0.083753 | Val MSE: 0.083357
Epoch  19/100 (33.0s) * | Train MSE: 0.083633 | Val MSE: 0.083037
Epoch  20/100 (32.9s) | Train MSE: 0.083510 | Val MSE: 0.084002
Epoch  25/100 (33.0s) | Train MSE: 0.083445 | Val MSE: 0.084765
Epoch  30/100 (33.0s) | Train MSE: 0.083456 | Val MSE: 0.083664
Epoch  32/100 (33.1s) * | Train MSE: 0.083260 | Val MSE: 0.083022
Epoch  34/100 (33.1s) * | Train MSE: 0.083176 | Val MSE: 0.083022
Epoch  35/100 (33.2s) | Train MSE: 0.083228 | Val MSE: 0.083379
Epoch  40/100 (34.1s) | Train MSE: 0.083008 | Val MSE: 0.083498
Epoch  45/100 (33.0s) | Train MSE: 0.083031 | Val MSE: 0.083372
Epoch  47/100 (33.0s) * | Train MSE: 0.079541 | Val MSE: 0.082947
Epoch  49/100 (33.0s) * | Train MSE: 0.073499 | Val MSE: 0.079782
Epoch  50/100 (32.9s) | Train MSE: 0.071800 | Val MSE: 0.085755
Epoch  51/100 (33.3s) * | Train MSE: 0.071420 | Val MSE: 0.079031
Epoch  54/100 (33.6s) * | Train MSE: 0.070789 | Val MSE: 0.077318
Epoch  55/100 (33.8s) | Train MSE: 0.070221 | Val MSE: 0.083281
Epoch  58/100 (34.2s) * | Train MSE: 0.065818 | Val MSE: 0.076471
Epoch  59/100 (34.3s) * | Train MSE: 0.064514 | Val MSE: 0.075797
Epoch  60/100 (34.2s) * | Train MSE: 0.062751 | Val MSE: 0.072840
Epoch  63/100 (34.1s) * | Train MSE: 0.060355 | Val MSE: 0.070221
Epoch  65/100 (34.2s) | Train MSE: 0.059584 | Val MSE: 0.071911
Epoch  70/100 (34.2s) | Train MSE: 0.057159 | Val MSE: 0.072926
Epoch  75/100 (34.2s) | Train MSE: 0.055052 | Val MSE: 0.072208
Epoch  76/100 (34.1s) * | Train MSE: 0.054616 | Val MSE: 0.069065
Epoch  80/100 (34.3s) | Train MSE: 0.053440 | Val MSE: 0.071629
Epoch  85/100 (34.1s) | Train MSE: 0.052838 | Val MSE: 0.070831
Epoch  90/100 (33.8s) | Train MSE: 0.052238 | Val MSE: 0.071977
Epoch  95/100 (33.6s) | Train MSE: 0.051941 | Val MSE: 0.070819

Early stopping at epoch 96 (no improvement for 20 epochs)

================================================================================
Training Complete!
================================================================================
Total Time: 3242.16s (54.04 min)
Best Val MSE: 0.069065
Test Results:
  MSE: 0.070802
  MAE: 0.229911
  R²: 0.1740
  Baseline MSE: 0.0830
  Improvement over baseline: 14.7%
Job completed: syn_1a_selective_copy_L1000_s2025
End time: Sat 03 Jan 2026 09:02:30 PM PST
