Starting job: syn_1c_selective_copy_L100_s2025
Date: Mon 05 Jan 2026 05:36:35 PM PST
Host: nid008288
GPU: NVIDIA A100-SXM4-80GB
Using GPU: NVIDIA A100-SXM4-80GB
================================================================================
SYNTHETIC BENCHMARK - SELECTIVE_COPY
================================================================================
Model ID: 1c (QuantumHydraSSM)
  Group 1: quantum feat → classical mix (hydra)
Task: selective_copy (regression)
Sequence Length: 100
Seed: 2025
Device: cuda
--------------------------------------------------------------------------------
Hyperparameters:
  n_qubits=6, n_layers=2
  d_model=128, d_state=16
  epochs=100, batch_size=32
  lr=0.001, weight_decay=0.0001
  early_stopping=20
================================================================================

Loading Data...
Loading Selective Copy dataset from data/synthetic_benchmarks/selective_copy/selective_copy_L100_M8_seed2025.pt...
Dataset loaded successfully.
  - Task: selective_copy
  - Sequence length: 100
  - Num channels: 2
  - Num markers: 8
  - Output length: 8
  - Total samples: 5000
  - Marker density: 8.0%
  - Baseline MSE: 0.0832
  - Input shape for model: torch.Size([5000, 2, 100])
  - Target shape: torch.Size([5000, 8])
  - Training set: 4000
  - Validation set: 500
  - Test set: 500
Data loaded!
  Input: (2 channels, 100 timesteps)
  Output dim: 8

Creating model...
Creating model: QuantumHydraSSM (ID: 1c)
  Group 1: quantum features → classical mixing (hydra)
Model parameters: 910,868
Verifying device placement...
  WARNING: alpha is on cuda:0, moving to cuda
  WARNING: beta is on cuda:0, moving to cuda
  WARNING: gamma is on cuda:0, moving to cuda
  WARNING: feature_proj.0.weight is on cuda:0, moving to cuda
  WARNING: feature_proj.0.bias is on cuda:0, moving to cuda
  WARNING: feature_proj.1.weight is on cuda:0, moving to cuda
  WARNING: feature_proj.1.bias is on cuda:0, moving to cuda
  WARNING: quantum_forward.chunk_attention.0.weight is on cuda:0, moving to cuda
  WARNING: quantum_forward.chunk_attention.0.bias is on cuda:0, moving to cuda
  WARNING: quantum_forward.chunk_attention.2.weight is on cuda:0, moving to cuda
  WARNING: quantum_forward.chunk_attention.2.bias is on cuda:0, moving to cuda
  WARNING: quantum_forward.quantum_branches.alpha_real is on cuda:0, moving to cuda
  WARNING: quantum_forward.quantum_branches.alpha_imag is on cuda:0, moving to cuda
  WARNING: quantum_forward.quantum_branches.beta_real is on cuda:0, moving to cuda
  WARNING: quantum_forward.quantum_branches.beta_imag is on cuda:0, moving to cuda
  WARNING: quantum_forward.quantum_branches.gamma_real is on cuda:0, moving to cuda
  WARNING: quantum_forward.quantum_branches.gamma_imag is on cuda:0, moving to cuda
  WARNING: quantum_forward.quantum_branches.proj1.weight is on cuda:0, moving to cuda
  WARNING: quantum_forward.quantum_branches.proj1.bias is on cuda:0, moving to cuda
  WARNING: quantum_forward.quantum_branches.proj2.weight is on cuda:0, moving to cuda
  WARNING: quantum_forward.quantum_branches.proj2.bias is on cuda:0, moving to cuda
  WARNING: quantum_forward.quantum_branches.proj3.weight is on cuda:0, moving to cuda
  WARNING: quantum_forward.quantum_branches.proj3.bias is on cuda:0, moving to cuda
  WARNING: quantum_forward.quantum_branches.input_proj.weight is on cuda:0, moving to cuda
  WARNING: quantum_forward.quantum_branches.input_proj.bias is on cuda:0, moving to cuda
  WARNING: quantum_forward.output_proj.0.weight is on cuda:0, moving to cuda
  WARNING: quantum_forward.output_proj.0.bias is on cuda:0, moving to cuda
  WARNING: quantum_forward.output_proj.1.weight is on cuda:0, moving to cuda
  WARNING: quantum_forward.output_proj.1.bias is on cuda:0, moving to cuda
  WARNING: quantum_backward.chunk_attention.0.weight is on cuda:0, moving to cuda
  WARNING: quantum_backward.chunk_attention.0.bias is on cuda:0, moving to cuda
  WARNING: quantum_backward.chunk_attention.2.weight is on cuda:0, moving to cuda
  WARNING: quantum_backward.chunk_attention.2.bias is on cuda:0, moving to cuda
  WARNING: quantum_backward.quantum_branches.alpha_real is on cuda:0, moving to cuda
  WARNING: quantum_backward.quantum_branches.alpha_imag is on cuda:0, moving to cuda
  WARNING: quantum_backward.quantum_branches.beta_real is on cuda:0, moving to cuda
  WARNING: quantum_backward.quantum_branches.beta_imag is on cuda:0, moving to cuda
  WARNING: quantum_backward.quantum_branches.gamma_real is on cuda:0, moving to cuda
  WARNING: quantum_backward.quantum_branches.gamma_imag is on cuda:0, moving to cuda
  WARNING: quantum_backward.quantum_branches.proj1.weight is on cuda:0, moving to cuda
  WARNING: quantum_backward.quantum_branches.proj1.bias is on cuda:0, moving to cuda
  WARNING: quantum_backward.quantum_branches.proj2.weight is on cuda:0, moving to cuda
  WARNING: quantum_backward.quantum_branches.proj2.bias is on cuda:0, moving to cuda
  WARNING: quantum_backward.quantum_branches.proj3.weight is on cuda:0, moving to cuda
  WARNING: quantum_backward.quantum_branches.proj3.bias is on cuda:0, moving to cuda
  WARNING: quantum_backward.quantum_branches.input_proj.weight is on cuda:0, moving to cuda
  WARNING: quantum_backward.quantum_branches.input_proj.bias is on cuda:0, moving to cuda
  WARNING: quantum_backward.output_proj.0.weight is on cuda:0, moving to cuda
  WARNING: quantum_backward.output_proj.0.bias is on cuda:0, moving to cuda
  WARNING: quantum_backward.output_proj.1.weight is on cuda:0, moving to cuda
  WARNING: quantum_backward.output_proj.1.bias is on cuda:0, moving to cuda
  WARNING: quantum_diagonal.chunk_attention.0.weight is on cuda:0, moving to cuda
  WARNING: quantum_diagonal.chunk_attention.0.bias is on cuda:0, moving to cuda
  WARNING: quantum_diagonal.chunk_attention.2.weight is on cuda:0, moving to cuda
  WARNING: quantum_diagonal.chunk_attention.2.bias is on cuda:0, moving to cuda
  WARNING: quantum_diagonal.quantum_branches.alpha_real is on cuda:0, moving to cuda
  WARNING: quantum_diagonal.quantum_branches.alpha_imag is on cuda:0, moving to cuda
  WARNING: quantum_diagonal.quantum_branches.beta_real is on cuda:0, moving to cuda
  WARNING: quantum_diagonal.quantum_branches.beta_imag is on cuda:0, moving to cuda
  WARNING: quantum_diagonal.quantum_branches.gamma_real is on cuda:0, moving to cuda
  WARNING: quantum_diagonal.quantum_branches.gamma_imag is on cuda:0, moving to cuda
  WARNING: quantum_diagonal.quantum_branches.proj1.weight is on cuda:0, moving to cuda
  WARNING: quantum_diagonal.quantum_branches.proj1.bias is on cuda:0, moving to cuda
  WARNING: quantum_diagonal.quantum_branches.proj2.weight is on cuda:0, moving to cuda
  WARNING: quantum_diagonal.quantum_branches.proj2.bias is on cuda:0, moving to cuda
  WARNING: quantum_diagonal.quantum_branches.proj3.weight is on cuda:0, moving to cuda
  WARNING: quantum_diagonal.quantum_branches.proj3.bias is on cuda:0, moving to cuda
  WARNING: quantum_diagonal.quantum_branches.input_proj.weight is on cuda:0, moving to cuda
  WARNING: quantum_diagonal.quantum_branches.input_proj.bias is on cuda:0, moving to cuda
  WARNING: quantum_diagonal.output_proj.0.weight is on cuda:0, moving to cuda
  WARNING: quantum_diagonal.output_proj.0.bias is on cuda:0, moving to cuda
  WARNING: quantum_diagonal.output_proj.1.weight is on cuda:0, moving to cuda
  WARNING: quantum_diagonal.output_proj.1.bias is on cuda:0, moving to cuda
  WARNING: hydra_layers.0.in_proj.weight is on cuda:0, moving to cuda
  WARNING: hydra_layers.0.bidirectional_ssm.alpha is on cuda:0, moving to cuda
  WARNING: hydra_layers.0.bidirectional_ssm.beta is on cuda:0, moving to cuda
  WARNING: hydra_layers.0.bidirectional_ssm.gamma is on cuda:0, moving to cuda
  WARNING: hydra_layers.0.bidirectional_ssm.forward_ssm.A_log is on cuda:0, moving to cuda
  WARNING: hydra_layers.0.bidirectional_ssm.forward_ssm.D is on cuda:0, moving to cuda
  WARNING: hydra_layers.0.bidirectional_ssm.forward_ssm.x_proj.weight is on cuda:0, moving to cuda
  WARNING: hydra_layers.0.bidirectional_ssm.forward_ssm.dt_proj.weight is on cuda:0, moving to cuda
  WARNING: hydra_layers.0.bidirectional_ssm.forward_ssm.dt_proj.bias is on cuda:0, moving to cuda
  WARNING: hydra_layers.0.bidirectional_ssm.forward_ssm.out_proj.weight is on cuda:0, moving to cuda
  WARNING: hydra_layers.0.bidirectional_ssm.backward_ssm.A_log is on cuda:0, moving to cuda
  WARNING: hydra_layers.0.bidirectional_ssm.backward_ssm.D is on cuda:0, moving to cuda
  WARNING: hydra_layers.0.bidirectional_ssm.backward_ssm.x_proj.weight is on cuda:0, moving to cuda
  WARNING: hydra_layers.0.bidirectional_ssm.backward_ssm.dt_proj.weight is on cuda:0, moving to cuda
  WARNING: hydra_layers.0.bidirectional_ssm.backward_ssm.dt_proj.bias is on cuda:0, moving to cuda
  WARNING: hydra_layers.0.bidirectional_ssm.backward_ssm.out_proj.weight is on cuda:0, moving to cuda
  WARNING: hydra_layers.0.bidirectional_ssm.diagonal.weight is on cuda:0, moving to cuda
  WARNING: hydra_layers.0.bidirectional_ssm.out_proj.weight is on cuda:0, moving to cuda
  WARNING: hydra_layers.0.bidirectional_ssm.norm.weight is on cuda:0, moving to cuda
  WARNING: hydra_layers.0.bidirectional_ssm.norm.bias is on cuda:0, moving to cuda
  WARNING: hydra_layers.0.out_proj.weight is on cuda:0, moving to cuda
  WARNING: hydra_layers.0.norm.weight is on cuda:0, moving to cuda
  WARNING: hydra_layers.0.norm.bias is on cuda:0, moving to cuda
  WARNING: hydra_layers.1.in_proj.weight is on cuda:0, moving to cuda
  WARNING: hydra_layers.1.bidirectional_ssm.alpha is on cuda:0, moving to cuda
  WARNING: hydra_layers.1.bidirectional_ssm.beta is on cuda:0, moving to cuda
  WARNING: hydra_layers.1.bidirectional_ssm.gamma is on cuda:0, moving to cuda
  WARNING: hydra_layers.1.bidirectional_ssm.forward_ssm.A_log is on cuda:0, moving to cuda
  WARNING: hydra_layers.1.bidirectional_ssm.forward_ssm.D is on cuda:0, moving to cuda
  WARNING: hydra_layers.1.bidirectional_ssm.forward_ssm.x_proj.weight is on cuda:0, moving to cuda
  WARNING: hydra_layers.1.bidirectional_ssm.forward_ssm.dt_proj.weight is on cuda:0, moving to cuda
  WARNING: hydra_layers.1.bidirectional_ssm.forward_ssm.dt_proj.bias is on cuda:0, moving to cuda
  WARNING: hydra_layers.1.bidirectional_ssm.forward_ssm.out_proj.weight is on cuda:0, moving to cuda
  WARNING: hydra_layers.1.bidirectional_ssm.backward_ssm.A_log is on cuda:0, moving to cuda
  WARNING: hydra_layers.1.bidirectional_ssm.backward_ssm.D is on cuda:0, moving to cuda
  WARNING: hydra_layers.1.bidirectional_ssm.backward_ssm.x_proj.weight is on cuda:0, moving to cuda
  WARNING: hydra_layers.1.bidirectional_ssm.backward_ssm.dt_proj.weight is on cuda:0, moving to cuda
  WARNING: hydra_layers.1.bidirectional_ssm.backward_ssm.dt_proj.bias is on cuda:0, moving to cuda
  WARNING: hydra_layers.1.bidirectional_ssm.backward_ssm.out_proj.weight is on cuda:0, moving to cuda
  WARNING: hydra_layers.1.bidirectional_ssm.diagonal.weight is on cuda:0, moving to cuda
  WARNING: hydra_layers.1.bidirectional_ssm.out_proj.weight is on cuda:0, moving to cuda
  WARNING: hydra_layers.1.bidirectional_ssm.norm.weight is on cuda:0, moving to cuda
  WARNING: hydra_layers.1.bidirectional_ssm.norm.bias is on cuda:0, moving to cuda
  WARNING: hydra_layers.1.out_proj.weight is on cuda:0, moving to cuda
  WARNING: hydra_layers.1.norm.weight is on cuda:0, moving to cuda
  WARNING: hydra_layers.1.norm.bias is on cuda:0, moving to cuda
  WARNING: output_norm.weight is on cuda:0, moving to cuda
  WARNING: output_norm.bias is on cuda:0, moving to cuda
  WARNING: output_layer.weight is on cuda:0, moving to cuda
  WARNING: output_layer.bias is on cuda:0, moving to cuda
Model moved to cuda

================================================================================
Training Started (epochs 1 to 100)
================================================================================

Epoch   1/100 (111.1s) * | Train MSE: 0.094354 | Val MSE: 0.068959
Epoch   2/100 (108.8s) * | Train MSE: 0.069443 | Val MSE: 0.063348
Epoch   3/100 (108.8s) * | Train MSE: 0.063147 | Val MSE: 0.058730
Epoch   4/100 (109.3s) * | Train MSE: 0.060519 | Val MSE: 0.055710
Epoch   5/100 (109.1s) * | Train MSE: 0.058389 | Val MSE: 0.055007
Epoch   6/100 (108.8s) * | Train MSE: 0.056468 | Val MSE: 0.053152
Epoch   7/100 (109.2s) * | Train MSE: 0.055075 | Val MSE: 0.052853
Epoch   8/100 (108.7s) * | Train MSE: 0.054200 | Val MSE: 0.052563
Epoch   9/100 (109.0s) * | Train MSE: 0.053333 | Val MSE: 0.049946
Epoch  10/100 (109.3s) | Train MSE: 0.052747 | Val MSE: 0.051622
Epoch  11/100 (108.8s) * | Train MSE: 0.051978 | Val MSE: 0.049165
Epoch  15/100 (108.8s) | Train MSE: 0.050294 | Val MSE: 0.049549
Epoch  16/100 (109.0s) * | Train MSE: 0.049407 | Val MSE: 0.048962
Epoch  20/100 (109.0s) * | Train MSE: 0.048741 | Val MSE: 0.048305
Epoch  21/100 (108.8s) * | Train MSE: 0.047576 | Val MSE: 0.047824
Epoch  22/100 (109.0s) * | Train MSE: 0.047235 | Val MSE: 0.047242
Epoch  25/100 (108.5s) | Train MSE: 0.046476 | Val MSE: 0.049215
Epoch  30/100 (108.6s) | Train MSE: 0.043990 | Val MSE: 0.049656
Epoch  35/100 (108.6s) | Train MSE: 0.041826 | Val MSE: 0.049661
Epoch  40/100 (109.1s) | Train MSE: 0.037919 | Val MSE: 0.053285

Early stopping at epoch 42 (no improvement for 20 epochs)

================================================================================
Training Complete!
================================================================================
Total Time: 4583.59s (76.39 min)
Best Val MSE: 0.047242
Test Results:
  MSE: 0.049438
  MAE: 0.173096
  R²: 0.4067
  Baseline MSE: 0.0830
  Improvement over baseline: 40.4%
Job completed: syn_1c_selective_copy_L100_s2025
End time: Mon 05 Jan 2026 06:53:15 PM PST
