Starting job: syn_2a_adding_problem_L1000_s2026
Date: Mon 05 Jan 2026 11:27:57 PM PST
Host: nid008545
GPU: NVIDIA A100-SXM4-80GB
Using GPU: NVIDIA A100-SXM4-80GB
================================================================================
SYNTHETIC BENCHMARK - ADDING_PROBLEM
================================================================================
Model ID: 2a (ClassicalQuantumAttention)
  Group 2: classical feat → quantum mix (transformer)
Task: adding_problem (regression)
Sequence Length: 1000
Seed: 2026
Device: cuda
--------------------------------------------------------------------------------
Hyperparameters:
  n_qubits=6, n_layers=2
  d_model=128, d_state=16
  epochs=100, batch_size=32
  lr=0.001, weight_decay=0.0001
  early_stopping=20
================================================================================

Loading Data...
Loading Adding Problem dataset from data/synthetic_benchmarks/adding_problem/adding_L1000_seed2026.pt...
Dataset loaded successfully.
  - Task: adding_problem
  - Sequence length: 1000
  - Num channels: 2
  - Total samples: 5000
  - Marker strategy: extremes
  - Baseline MSE: 0.1704
  - Shape for model: torch.Size([5000, 2, 1000])
  - Training set: 4000
  - Validation set: 500
  - Test set: 500
Data loaded!
  Input: (2 channels, 1000 timesteps)
  Output dim: 1

Creating model...
Creating model: ClassicalQuantumAttention (ID: 2a)
  Group 2: classical features → quantum mixing (transformer)
Model parameters: 35,867
Verifying device placement...
  WARNING: feature_extractor.embedding.weight is on cuda:0, moving to cuda
  WARNING: feature_extractor.embedding.bias is on cuda:0, moving to cuda
  WARNING: chunk_attention.0.weight is on cuda:0, moving to cuda
  WARNING: chunk_attention.0.bias is on cuda:0, moving to cuda
  WARNING: chunk_attention.2.weight is on cuda:0, moving to cuda
  WARNING: chunk_attention.2.bias is on cuda:0, moving to cuda
  WARNING: quantum_attention.mix_coeffs is on cuda:0, moving to cuda
  WARNING: quantum_attention.qff_params is on cuda:0, moving to cuda
  WARNING: quantum_attention.param_proj.weight is on cuda:0, moving to cuda
  WARNING: quantum_attention.param_proj.bias is on cuda:0, moving to cuda
  WARNING: quantum_attention.output_proj.weight is on cuda:0, moving to cuda
  WARNING: quantum_attention.output_proj.bias is on cuda:0, moving to cuda
  WARNING: output_norm.weight is on cuda:0, moving to cuda
  WARNING: output_norm.bias is on cuda:0, moving to cuda
  WARNING: classifier.0.weight is on cuda:0, moving to cuda
  WARNING: classifier.0.bias is on cuda:0, moving to cuda
  WARNING: classifier.3.weight is on cuda:0, moving to cuda
  WARNING: classifier.3.bias is on cuda:0, moving to cuda
Model moved to cuda

================================================================================
Training Started (epochs 1 to 100)
================================================================================

Epoch   1/100 (202.6s) * | Train MSE: 0.206474 | Val MSE: 0.172711
Epoch   2/100 (200.2s) * | Train MSE: 0.174299 | Val MSE: 0.149033
Epoch   3/100 (200.5s) * | Train MSE: 0.086736 | Val MSE: 0.024409
Epoch   4/100 (200.7s) * | Train MSE: 0.040140 | Val MSE: 0.011971
Epoch   5/100 (200.1s) * | Train MSE: 0.019614 | Val MSE: 0.005532
Epoch   8/100 (200.1s) * | Train MSE: 0.013277 | Val MSE: 0.002460
Epoch  10/100 (200.2s) * | Train MSE: 0.010683 | Val MSE: 0.002454
Epoch  11/100 (200.7s) * | Train MSE: 0.009299 | Val MSE: 0.001254
Epoch  13/100 (200.2s) * | Train MSE: 0.008553 | Val MSE: 0.000921
Epoch  15/100 (200.0s) | Train MSE: 0.007798 | Val MSE: 0.001399
Epoch  18/100 (199.4s) * | Train MSE: 0.005945 | Val MSE: 0.000557
Epoch  20/100 (200.9s) | Train MSE: 0.005827 | Val MSE: 0.000620
Epoch  23/100 (198.1s) * | Train MSE: 0.005013 | Val MSE: 0.000378
Epoch  25/100 (198.3s) | Train MSE: 0.005118 | Val MSE: 0.000490
Epoch  26/100 (198.8s) * | Train MSE: 0.004733 | Val MSE: 0.000353
Epoch  30/100 (198.8s) | Train MSE: 0.004754 | Val MSE: 0.000410
Epoch  33/100 (198.6s) * | Train MSE: 0.003926 | Val MSE: 0.000321
Epoch  35/100 (198.6s) * | Train MSE: 0.003754 | Val MSE: 0.000269
Epoch  40/100 (202.9s) | Train MSE: 0.003499 | Val MSE: 0.000543
Epoch  45/100 (192.3s) | Train MSE: 0.003540 | Val MSE: 0.002188
Epoch  47/100 (192.4s) * | Train MSE: 0.003565 | Val MSE: 0.000261
Epoch  49/100 (192.4s) * | Train MSE: 0.003046 | Val MSE: 0.000159
Epoch  50/100 (192.2s) | Train MSE: 0.003165 | Val MSE: 0.002873
Epoch  55/100 (192.3s) | Train MSE: 0.002944 | Val MSE: 0.000333
Epoch  60/100 (192.5s) | Train MSE: 0.002820 | Val MSE: 0.000444
Epoch  65/100 (192.7s) * | Train MSE: 0.002608 | Val MSE: 0.000114
Epoch  66/100 (192.9s) * | Train MSE: 0.002685 | Val MSE: 0.000099
Epoch  70/100 (192.6s) | Train MSE: 0.002534 | Val MSE: 0.000174
Epoch  75/100 (193.1s) | Train MSE: 0.002605 | Val MSE: 0.000233
Epoch  80/100 (194.8s) | Train MSE: 0.002567 | Val MSE: 0.000103
Epoch  82/100 (197.9s) * | Train MSE: 0.002363 | Val MSE: 0.000091
Epoch  83/100 (197.8s) * | Train MSE: 0.002422 | Val MSE: 0.000090
Epoch  85/100 (198.0s) | Train MSE: 0.002347 | Val MSE: 0.000119
Epoch  90/100 (197.7s) | Train MSE: 0.002434 | Val MSE: 0.000178
Epoch  94/100 (196.8s) * | Train MSE: 0.002274 | Val MSE: 0.000084
Epoch  95/100 (196.5s) | Train MSE: 0.002382 | Val MSE: 0.000096
Epoch 100/100 (196.6s) | Train MSE: 0.002300 | Val MSE: 0.000102

================================================================================
Training Complete!
================================================================================
Total Time: 19675.62s (327.93 min)
Best Val MSE: 0.000084
Test Results:
  MSE: 0.000104
  MAE: 0.007453
  R²: 0.9994
  Baseline MSE: 0.1670
  Improvement over baseline: 99.9%
Job completed: syn_2a_adding_problem_L1000_s2026
End time: Tue 06 Jan 2026 04:56:20 AM PST
