Starting job: syn_1c_adding_problem_L1000_s2025
Date: Sun 04 Jan 2026 09:02:10 PM PST
Host: nid008297
GPU: NVIDIA A100-SXM4-80GB
Using GPU: NVIDIA A100-SXM4-80GB
================================================================================
SYNTHETIC BENCHMARK - ADDING_PROBLEM
================================================================================
Model ID: 1c (QuantumHydraSSM)
  Group 1: quantum feat → classical mix (hydra)
Task: adding_problem (regression)
Sequence Length: 1000
Seed: 2025
Device: cuda
--------------------------------------------------------------------------------
Hyperparameters:
  n_qubits=6, n_layers=2
  d_model=128, d_state=16
  epochs=100, batch_size=32
  lr=0.001, weight_decay=0.0001
  early_stopping=20
================================================================================

Loading Data...
Loading Adding Problem dataset from data/synthetic_benchmarks/adding_problem/adding_L1000_seed2025.pt...
Dataset loaded successfully.
  - Task: adding_problem
  - Sequence length: 1000
  - Num channels: 2
  - Total samples: 5000
  - Marker strategy: extremes
  - Baseline MSE: 0.1645
  - Shape for model: torch.Size([5000, 2, 1000])
  - Training set: 4000
  - Validation set: 500
  - Test set: 500
Data loaded!
  Input: (2 channels, 1000 timesteps)
  Output dim: 1

Creating model...
Creating model: QuantumHydraSSM (ID: 1c)
  Group 1: quantum features → classical mixing (hydra)
Model parameters: 909,965
Verifying device placement...
  WARNING: alpha is on cuda:0, moving to cuda
  WARNING: beta is on cuda:0, moving to cuda
  WARNING: gamma is on cuda:0, moving to cuda
  WARNING: feature_proj.0.weight is on cuda:0, moving to cuda
  WARNING: feature_proj.0.bias is on cuda:0, moving to cuda
  WARNING: feature_proj.1.weight is on cuda:0, moving to cuda
  WARNING: feature_proj.1.bias is on cuda:0, moving to cuda
  WARNING: quantum_forward.chunk_attention.0.weight is on cuda:0, moving to cuda
  WARNING: quantum_forward.chunk_attention.0.bias is on cuda:0, moving to cuda
  WARNING: quantum_forward.chunk_attention.2.weight is on cuda:0, moving to cuda
  WARNING: quantum_forward.chunk_attention.2.bias is on cuda:0, moving to cuda
  WARNING: quantum_forward.quantum_branches.alpha_real is on cuda:0, moving to cuda
  WARNING: quantum_forward.quantum_branches.alpha_imag is on cuda:0, moving to cuda
  WARNING: quantum_forward.quantum_branches.beta_real is on cuda:0, moving to cuda
  WARNING: quantum_forward.quantum_branches.beta_imag is on cuda:0, moving to cuda
  WARNING: quantum_forward.quantum_branches.gamma_real is on cuda:0, moving to cuda
  WARNING: quantum_forward.quantum_branches.gamma_imag is on cuda:0, moving to cuda
  WARNING: quantum_forward.quantum_branches.proj1.weight is on cuda:0, moving to cuda
  WARNING: quantum_forward.quantum_branches.proj1.bias is on cuda:0, moving to cuda
  WARNING: quantum_forward.quantum_branches.proj2.weight is on cuda:0, moving to cuda
  WARNING: quantum_forward.quantum_branches.proj2.bias is on cuda:0, moving to cuda
  WARNING: quantum_forward.quantum_branches.proj3.weight is on cuda:0, moving to cuda
  WARNING: quantum_forward.quantum_branches.proj3.bias is on cuda:0, moving to cuda
  WARNING: quantum_forward.quantum_branches.input_proj.weight is on cuda:0, moving to cuda
  WARNING: quantum_forward.quantum_branches.input_proj.bias is on cuda:0, moving to cuda
  WARNING: quantum_forward.output_proj.0.weight is on cuda:0, moving to cuda
  WARNING: quantum_forward.output_proj.0.bias is on cuda:0, moving to cuda
  WARNING: quantum_forward.output_proj.1.weight is on cuda:0, moving to cuda
  WARNING: quantum_forward.output_proj.1.bias is on cuda:0, moving to cuda
  WARNING: quantum_backward.chunk_attention.0.weight is on cuda:0, moving to cuda
  WARNING: quantum_backward.chunk_attention.0.bias is on cuda:0, moving to cuda
  WARNING: quantum_backward.chunk_attention.2.weight is on cuda:0, moving to cuda
  WARNING: quantum_backward.chunk_attention.2.bias is on cuda:0, moving to cuda
  WARNING: quantum_backward.quantum_branches.alpha_real is on cuda:0, moving to cuda
  WARNING: quantum_backward.quantum_branches.alpha_imag is on cuda:0, moving to cuda
  WARNING: quantum_backward.quantum_branches.beta_real is on cuda:0, moving to cuda
  WARNING: quantum_backward.quantum_branches.beta_imag is on cuda:0, moving to cuda
  WARNING: quantum_backward.quantum_branches.gamma_real is on cuda:0, moving to cuda
  WARNING: quantum_backward.quantum_branches.gamma_imag is on cuda:0, moving to cuda
  WARNING: quantum_backward.quantum_branches.proj1.weight is on cuda:0, moving to cuda
  WARNING: quantum_backward.quantum_branches.proj1.bias is on cuda:0, moving to cuda
  WARNING: quantum_backward.quantum_branches.proj2.weight is on cuda:0, moving to cuda
  WARNING: quantum_backward.quantum_branches.proj2.bias is on cuda:0, moving to cuda
  WARNING: quantum_backward.quantum_branches.proj3.weight is on cuda:0, moving to cuda
  WARNING: quantum_backward.quantum_branches.proj3.bias is on cuda:0, moving to cuda
  WARNING: quantum_backward.quantum_branches.input_proj.weight is on cuda:0, moving to cuda
  WARNING: quantum_backward.quantum_branches.input_proj.bias is on cuda:0, moving to cuda
  WARNING: quantum_backward.output_proj.0.weight is on cuda:0, moving to cuda
  WARNING: quantum_backward.output_proj.0.bias is on cuda:0, moving to cuda
  WARNING: quantum_backward.output_proj.1.weight is on cuda:0, moving to cuda
  WARNING: quantum_backward.output_proj.1.bias is on cuda:0, moving to cuda
  WARNING: quantum_diagonal.chunk_attention.0.weight is on cuda:0, moving to cuda
  WARNING: quantum_diagonal.chunk_attention.0.bias is on cuda:0, moving to cuda
  WARNING: quantum_diagonal.chunk_attention.2.weight is on cuda:0, moving to cuda
  WARNING: quantum_diagonal.chunk_attention.2.bias is on cuda:0, moving to cuda
  WARNING: quantum_diagonal.quantum_branches.alpha_real is on cuda:0, moving to cuda
  WARNING: quantum_diagonal.quantum_branches.alpha_imag is on cuda:0, moving to cuda
  WARNING: quantum_diagonal.quantum_branches.beta_real is on cuda:0, moving to cuda
  WARNING: quantum_diagonal.quantum_branches.beta_imag is on cuda:0, moving to cuda
  WARNING: quantum_diagonal.quantum_branches.gamma_real is on cuda:0, moving to cuda
  WARNING: quantum_diagonal.quantum_branches.gamma_imag is on cuda:0, moving to cuda
  WARNING: quantum_diagonal.quantum_branches.proj1.weight is on cuda:0, moving to cuda
  WARNING: quantum_diagonal.quantum_branches.proj1.bias is on cuda:0, moving to cuda
  WARNING: quantum_diagonal.quantum_branches.proj2.weight is on cuda:0, moving to cuda
  WARNING: quantum_diagonal.quantum_branches.proj2.bias is on cuda:0, moving to cuda
  WARNING: quantum_diagonal.quantum_branches.proj3.weight is on cuda:0, moving to cuda
  WARNING: quantum_diagonal.quantum_branches.proj3.bias is on cuda:0, moving to cuda
  WARNING: quantum_diagonal.quantum_branches.input_proj.weight is on cuda:0, moving to cuda
  WARNING: quantum_diagonal.quantum_branches.input_proj.bias is on cuda:0, moving to cuda
  WARNING: quantum_diagonal.output_proj.0.weight is on cuda:0, moving to cuda
  WARNING: quantum_diagonal.output_proj.0.bias is on cuda:0, moving to cuda
  WARNING: quantum_diagonal.output_proj.1.weight is on cuda:0, moving to cuda
  WARNING: quantum_diagonal.output_proj.1.bias is on cuda:0, moving to cuda
  WARNING: hydra_layers.0.in_proj.weight is on cuda:0, moving to cuda
  WARNING: hydra_layers.0.bidirectional_ssm.alpha is on cuda:0, moving to cuda
  WARNING: hydra_layers.0.bidirectional_ssm.beta is on cuda:0, moving to cuda
  WARNING: hydra_layers.0.bidirectional_ssm.gamma is on cuda:0, moving to cuda
  WARNING: hydra_layers.0.bidirectional_ssm.forward_ssm.A_log is on cuda:0, moving to cuda
  WARNING: hydra_layers.0.bidirectional_ssm.forward_ssm.D is on cuda:0, moving to cuda
  WARNING: hydra_layers.0.bidirectional_ssm.forward_ssm.x_proj.weight is on cuda:0, moving to cuda
  WARNING: hydra_layers.0.bidirectional_ssm.forward_ssm.dt_proj.weight is on cuda:0, moving to cuda
  WARNING: hydra_layers.0.bidirectional_ssm.forward_ssm.dt_proj.bias is on cuda:0, moving to cuda
  WARNING: hydra_layers.0.bidirectional_ssm.forward_ssm.out_proj.weight is on cuda:0, moving to cuda
  WARNING: hydra_layers.0.bidirectional_ssm.backward_ssm.A_log is on cuda:0, moving to cuda
  WARNING: hydra_layers.0.bidirectional_ssm.backward_ssm.D is on cuda:0, moving to cuda
  WARNING: hydra_layers.0.bidirectional_ssm.backward_ssm.x_proj.weight is on cuda:0, moving to cuda
  WARNING: hydra_layers.0.bidirectional_ssm.backward_ssm.dt_proj.weight is on cuda:0, moving to cuda
  WARNING: hydra_layers.0.bidirectional_ssm.backward_ssm.dt_proj.bias is on cuda:0, moving to cuda
  WARNING: hydra_layers.0.bidirectional_ssm.backward_ssm.out_proj.weight is on cuda:0, moving to cuda
  WARNING: hydra_layers.0.bidirectional_ssm.diagonal.weight is on cuda:0, moving to cuda
  WARNING: hydra_layers.0.bidirectional_ssm.out_proj.weight is on cuda:0, moving to cuda
  WARNING: hydra_layers.0.bidirectional_ssm.norm.weight is on cuda:0, moving to cuda
  WARNING: hydra_layers.0.bidirectional_ssm.norm.bias is on cuda:0, moving to cuda
  WARNING: hydra_layers.0.out_proj.weight is on cuda:0, moving to cuda
  WARNING: hydra_layers.0.norm.weight is on cuda:0, moving to cuda
  WARNING: hydra_layers.0.norm.bias is on cuda:0, moving to cuda
  WARNING: hydra_layers.1.in_proj.weight is on cuda:0, moving to cuda
  WARNING: hydra_layers.1.bidirectional_ssm.alpha is on cuda:0, moving to cuda
  WARNING: hydra_layers.1.bidirectional_ssm.beta is on cuda:0, moving to cuda
  WARNING: hydra_layers.1.bidirectional_ssm.gamma is on cuda:0, moving to cuda
  WARNING: hydra_layers.1.bidirectional_ssm.forward_ssm.A_log is on cuda:0, moving to cuda
  WARNING: hydra_layers.1.bidirectional_ssm.forward_ssm.D is on cuda:0, moving to cuda
  WARNING: hydra_layers.1.bidirectional_ssm.forward_ssm.x_proj.weight is on cuda:0, moving to cuda
  WARNING: hydra_layers.1.bidirectional_ssm.forward_ssm.dt_proj.weight is on cuda:0, moving to cuda
  WARNING: hydra_layers.1.bidirectional_ssm.forward_ssm.dt_proj.bias is on cuda:0, moving to cuda
  WARNING: hydra_layers.1.bidirectional_ssm.forward_ssm.out_proj.weight is on cuda:0, moving to cuda
  WARNING: hydra_layers.1.bidirectional_ssm.backward_ssm.A_log is on cuda:0, moving to cuda
  WARNING: hydra_layers.1.bidirectional_ssm.backward_ssm.D is on cuda:0, moving to cuda
  WARNING: hydra_layers.1.bidirectional_ssm.backward_ssm.x_proj.weight is on cuda:0, moving to cuda
  WARNING: hydra_layers.1.bidirectional_ssm.backward_ssm.dt_proj.weight is on cuda:0, moving to cuda
  WARNING: hydra_layers.1.bidirectional_ssm.backward_ssm.dt_proj.bias is on cuda:0, moving to cuda
  WARNING: hydra_layers.1.bidirectional_ssm.backward_ssm.out_proj.weight is on cuda:0, moving to cuda
  WARNING: hydra_layers.1.bidirectional_ssm.diagonal.weight is on cuda:0, moving to cuda
  WARNING: hydra_layers.1.bidirectional_ssm.out_proj.weight is on cuda:0, moving to cuda
  WARNING: hydra_layers.1.bidirectional_ssm.norm.weight is on cuda:0, moving to cuda
  WARNING: hydra_layers.1.bidirectional_ssm.norm.bias is on cuda:0, moving to cuda
  WARNING: hydra_layers.1.out_proj.weight is on cuda:0, moving to cuda
  WARNING: hydra_layers.1.norm.weight is on cuda:0, moving to cuda
  WARNING: hydra_layers.1.norm.bias is on cuda:0, moving to cuda
  WARNING: output_norm.weight is on cuda:0, moving to cuda
  WARNING: output_norm.bias is on cuda:0, moving to cuda
  WARNING: output_layer.weight is on cuda:0, moving to cuda
  WARNING: output_layer.bias is on cuda:0, moving to cuda
Model moved to cuda

================================================================================
Training Started (epochs 1 to 100)
================================================================================

Epoch   1/100 (131.0s) * | Train MSE: 0.200311 | Val MSE: 0.170934
Epoch   2/100 (130.3s) * | Train MSE: 0.131039 | Val MSE: 0.063655
Epoch   3/100 (130.0s) * | Train MSE: 0.008144 | Val MSE: 0.003821
Epoch   5/100 (132.0s) | Train MSE: 0.003208 | Val MSE: 0.010943
Epoch   6/100 (131.9s) * | Train MSE: 0.003281 | Val MSE: 0.002573
Epoch   7/100 (129.6s) * | Train MSE: 0.002603 | Val MSE: 0.002004
Epoch   9/100 (129.7s) * | Train MSE: 0.001643 | Val MSE: 0.000599
Epoch  10/100 (129.5s) | Train MSE: 0.001685 | Val MSE: 0.010235
Epoch  15/100 (129.2s) | Train MSE: 0.001221 | Val MSE: 0.003034
Epoch  19/100 (126.2s) * | Train MSE: 0.000772 | Val MSE: 0.000526
Epoch  20/100 (126.4s) | Train MSE: 0.000893 | Val MSE: 0.003654
Epoch  25/100 (126.6s) | Train MSE: 0.000594 | Val MSE: 0.001157
Epoch  30/100 (124.4s) | Train MSE: 0.000520 | Val MSE: 0.002481
Epoch  32/100 (126.2s) * | Train MSE: 0.000355 | Val MSE: 0.000181
Epoch  35/100 (122.3s) | Train MSE: 0.000293 | Val MSE: 0.000343
Epoch  40/100 (122.3s) | Train MSE: 0.000391 | Val MSE: 0.000954
Epoch  45/100 (121.7s) | Train MSE: 0.000251 | Val MSE: 0.000471
Epoch  47/100 (122.3s) * | Train MSE: 0.000169 | Val MSE: 0.000094
Epoch  50/100 (121.7s) | Train MSE: 0.000181 | Val MSE: 0.000547
Epoch  55/100 (121.8s) | Train MSE: 0.000230 | Val MSE: 0.000156
Epoch  60/100 (121.5s) | Train MSE: 0.000121 | Val MSE: 0.000601
Epoch  65/100 (125.3s) | Train MSE: 0.000130 | Val MSE: 0.000102

Early stopping at epoch 67 (no improvement for 20 epochs)

================================================================================
Training Complete!
================================================================================
Total Time: 8396.49s (139.94 min)
Best Val MSE: 0.000094
Test Results:
  MSE: 0.000100
  MAE: 0.008162
  R²: 0.9994
  Baseline MSE: 0.1670
  Improvement over baseline: 99.9%
Job completed: syn_1c_adding_problem_L1000_s2025
End time: Sun 04 Jan 2026 11:22:30 PM PST
