Starting job: syn_2a_adding_problem_L1000_s2025
Date: Mon 05 Jan 2026 10:59:02 PM PST
Host: nid008448
GPU: NVIDIA A100-SXM4-80GB
Using GPU: NVIDIA A100-SXM4-80GB
================================================================================
SYNTHETIC BENCHMARK - ADDING_PROBLEM
================================================================================
Model ID: 2a (ClassicalQuantumAttention)
  Group 2: classical feat → quantum mix (transformer)
Task: adding_problem (regression)
Sequence Length: 1000
Seed: 2025
Device: cuda
--------------------------------------------------------------------------------
Hyperparameters:
  n_qubits=6, n_layers=2
  d_model=128, d_state=16
  epochs=100, batch_size=32
  lr=0.001, weight_decay=0.0001
  early_stopping=20
================================================================================

Loading Data...
Loading Adding Problem dataset from data/synthetic_benchmarks/adding_problem/adding_L1000_seed2025.pt...
Dataset loaded successfully.
  - Task: adding_problem
  - Sequence length: 1000
  - Num channels: 2
  - Total samples: 5000
  - Marker strategy: extremes
  - Baseline MSE: 0.1645
  - Shape for model: torch.Size([5000, 2, 1000])
  - Training set: 4000
  - Validation set: 500
  - Test set: 500
Data loaded!
  Input: (2 channels, 1000 timesteps)
  Output dim: 1

Creating model...
Creating model: ClassicalQuantumAttention (ID: 2a)
  Group 2: classical features → quantum mixing (transformer)
Model parameters: 35,867
Verifying device placement...
  WARNING: feature_extractor.embedding.weight is on cuda:0, moving to cuda
  WARNING: feature_extractor.embedding.bias is on cuda:0, moving to cuda
  WARNING: chunk_attention.0.weight is on cuda:0, moving to cuda
  WARNING: chunk_attention.0.bias is on cuda:0, moving to cuda
  WARNING: chunk_attention.2.weight is on cuda:0, moving to cuda
  WARNING: chunk_attention.2.bias is on cuda:0, moving to cuda
  WARNING: quantum_attention.mix_coeffs is on cuda:0, moving to cuda
  WARNING: quantum_attention.qff_params is on cuda:0, moving to cuda
  WARNING: quantum_attention.param_proj.weight is on cuda:0, moving to cuda
  WARNING: quantum_attention.param_proj.bias is on cuda:0, moving to cuda
  WARNING: quantum_attention.output_proj.weight is on cuda:0, moving to cuda
  WARNING: quantum_attention.output_proj.bias is on cuda:0, moving to cuda
  WARNING: output_norm.weight is on cuda:0, moving to cuda
  WARNING: output_norm.bias is on cuda:0, moving to cuda
  WARNING: classifier.0.weight is on cuda:0, moving to cuda
  WARNING: classifier.0.bias is on cuda:0, moving to cuda
  WARNING: classifier.3.weight is on cuda:0, moving to cuda
  WARNING: classifier.3.bias is on cuda:0, moving to cuda
Model moved to cuda

================================================================================
Training Started (epochs 1 to 100)
================================================================================

Epoch   1/100 (221.8s) * | Train MSE: 0.196624 | Val MSE: 0.182567
Epoch   2/100 (219.9s) * | Train MSE: 0.171833 | Val MSE: 0.170086
Epoch   5/100 (221.8s) * | Train MSE: 0.170440 | Val MSE: 0.161108
Epoch   6/100 (223.6s) * | Train MSE: 0.099248 | Val MSE: 0.022415
Epoch   7/100 (223.2s) * | Train MSE: 0.033568 | Val MSE: 0.008097
Epoch   9/100 (220.0s) * | Train MSE: 0.016384 | Val MSE: 0.006948
Epoch  10/100 (219.9s) * | Train MSE: 0.013742 | Val MSE: 0.001466
Epoch  13/100 (219.9s) * | Train MSE: 0.010771 | Val MSE: 0.001257
Epoch  15/100 (220.2s) | Train MSE: 0.008708 | Val MSE: 0.001514
Epoch  16/100 (220.5s) * | Train MSE: 0.008011 | Val MSE: 0.000700
Epoch  20/100 (219.5s) | Train MSE: 0.008047 | Val MSE: 0.001983
Epoch  25/100 (219.7s) * | Train MSE: 0.005963 | Val MSE: 0.000559
Epoch  26/100 (219.5s) * | Train MSE: 0.006431 | Val MSE: 0.000437
Epoch  30/100 (219.2s) | Train MSE: 0.005501 | Val MSE: 0.003622
Epoch  31/100 (219.5s) * | Train MSE: 0.005857 | Val MSE: 0.000395
Epoch  32/100 (219.6s) * | Train MSE: 0.005123 | Val MSE: 0.000321
Epoch  35/100 (220.0s) | Train MSE: 0.004979 | Val MSE: 0.000602
Epoch  37/100 (219.4s) * | Train MSE: 0.004911 | Val MSE: 0.000267
Epoch  40/100 (219.0s) | Train MSE: 0.004372 | Val MSE: 0.000949
Epoch  42/100 (220.4s) * | Train MSE: 0.004164 | Val MSE: 0.000263
Epoch  45/100 (220.1s) | Train MSE: 0.004114 | Val MSE: 0.000632
Epoch  50/100 (220.0s) | Train MSE: 0.003556 | Val MSE: 0.000294
Epoch  55/100 (218.9s) | Train MSE: 0.003453 | Val MSE: 0.000328
Epoch  57/100 (218.6s) * | Train MSE: 0.003487 | Val MSE: 0.000163
Epoch  60/100 (214.8s) | Train MSE: 0.003085 | Val MSE: 0.000664
Epoch  61/100 (213.5s) * | Train MSE: 0.003406 | Val MSE: 0.000150
Epoch  65/100 (214.6s) | Train MSE: 0.002947 | Val MSE: 0.000361
Epoch  66/100 (214.6s) * | Train MSE: 0.002932 | Val MSE: 0.000132
Epoch  70/100 (214.5s) | Train MSE: 0.003036 | Val MSE: 0.000176
Epoch  73/100 (214.9s) * | Train MSE: 0.002822 | Val MSE: 0.000117
Epoch  75/100 (215.0s) | Train MSE: 0.002645 | Val MSE: 0.000611
Epoch  80/100 (214.5s) | Train MSE: 0.002685 | Val MSE: 0.000203
Epoch  85/100 (213.4s) * | Train MSE: 0.002587 | Val MSE: 0.000097
Epoch  87/100 (217.5s) * | Train MSE: 0.002623 | Val MSE: 0.000094
Epoch  90/100 (213.5s) | Train MSE: 0.002641 | Val MSE: 0.000176
Epoch  95/100 (216.7s) | Train MSE: 0.002535 | Val MSE: 0.000150
Epoch 100/100 (214.3s) | Train MSE: 0.002483 | Val MSE: 0.000118

================================================================================
Training Complete!
================================================================================
Total Time: 21769.49s (362.82 min)
Best Val MSE: 0.000094
Test Results:
  MSE: 0.000098
  MAE: 0.007708
  R²: 0.9994
  Baseline MSE: 0.1670
  Improvement over baseline: 99.9%
Job completed: syn_2a_adding_problem_L1000_s2025
End time: Tue 06 Jan 2026 05:02:21 AM PST
