Starting job: syn_1a_adding_problem_L200_s2025
Date: Sat 03 Jan 2026 02:06:53 PM PST
Host: nid008304
GPU: NVIDIA A100-SXM4-80GB
Using GPU: NVIDIA A100-SXM4-80GB
================================================================================
SYNTHETIC BENCHMARK - ADDING_PROBLEM
================================================================================
Model ID: 1a (QuantumTransformer)
  Group 1: quantum feat → classical mix (transformer)
Task: adding_problem (regression)
Sequence Length: 200
Seed: 2025
Device: cuda
--------------------------------------------------------------------------------
Hyperparameters:
  n_qubits=6, n_layers=2
  d_model=128, d_state=16
  epochs=100, batch_size=32
  lr=0.001, weight_decay=0.0001
  early_stopping=20
================================================================================

Loading Data...
Dataset not found at data/synthetic_benchmarks/adding_problem/adding_L200_seed2025.pt. Generating...
Generating Adding Problem dataset...
  - num_samples: 5000
  - seq_len: 200
  - marker_strategy: extremes

Dataset Statistics:
  - Target mean: 0.9814 (expected ~1.0)
  - Target std: 0.4115
  - Baseline MSE (predict 1.0): 0.1696
  - Random guess MSE: ~0.167

Dataset saved to data/synthetic_benchmarks/adding_problem/adding_L200_seed2025.pt
  - Sequences shape: torch.Size([5000, 200, 2])
  - Targets shape: torch.Size([5000, 1])
Loading Adding Problem dataset from data/synthetic_benchmarks/adding_problem/adding_L200_seed2025.pt...
Dataset loaded successfully.
  - Task: adding_problem
  - Sequence length: 200
  - Num channels: 2
  - Total samples: 5000
  - Marker strategy: extremes
  - Baseline MSE: 0.1696
  - Shape for model: torch.Size([5000, 2, 200])
  - Training set: 4000
  - Validation set: 500
  - Test set: 500
Data loaded!
  Input: (2 channels, 200 timesteps)
  Output dim: 1

Creating model...
Creating model: QuantumTransformer (ID: 1a)
  Group 1: quantum features → classical mixing (transformer)
Model parameters: 335,842
Verifying device placement...
  WARNING: pos_encoding is on cuda:0, moving to cuda
  WARNING: feature_proj.weight is on cuda:0, moving to cuda
  WARNING: feature_proj.bias is on cuda:0, moving to cuda
  WARNING: quantum_processor.chunk_attention.0.weight is on cuda:0, moving to cuda
  WARNING: quantum_processor.chunk_attention.0.bias is on cuda:0, moving to cuda
  WARNING: quantum_processor.chunk_attention.2.weight is on cuda:0, moving to cuda
  WARNING: quantum_processor.chunk_attention.2.bias is on cuda:0, moving to cuda
  WARNING: quantum_processor.quantum_branches.alpha_real is on cuda:0, moving to cuda
  WARNING: quantum_processor.quantum_branches.alpha_imag is on cuda:0, moving to cuda
  WARNING: quantum_processor.quantum_branches.beta_real is on cuda:0, moving to cuda
  WARNING: quantum_processor.quantum_branches.beta_imag is on cuda:0, moving to cuda
  WARNING: quantum_processor.quantum_branches.gamma_real is on cuda:0, moving to cuda
  WARNING: quantum_processor.quantum_branches.gamma_imag is on cuda:0, moving to cuda
  WARNING: quantum_processor.quantum_branches.proj1.weight is on cuda:0, moving to cuda
  WARNING: quantum_processor.quantum_branches.proj1.bias is on cuda:0, moving to cuda
  WARNING: quantum_processor.quantum_branches.proj2.weight is on cuda:0, moving to cuda
  WARNING: quantum_processor.quantum_branches.proj2.bias is on cuda:0, moving to cuda
  WARNING: quantum_processor.quantum_branches.proj3.weight is on cuda:0, moving to cuda
  WARNING: quantum_processor.quantum_branches.proj3.bias is on cuda:0, moving to cuda
  WARNING: quantum_processor.quantum_branches.branch1.base_params is on cuda:0, moving to cuda
  WARNING: quantum_processor.quantum_branches.branch2.base_params is on cuda:0, moving to cuda
  WARNING: quantum_processor.quantum_branches.branch3.base_params is on cuda:0, moving to cuda
  WARNING: quantum_processor.output_proj.0.weight is on cuda:0, moving to cuda
  WARNING: quantum_processor.output_proj.0.bias is on cuda:0, moving to cuda
  WARNING: quantum_processor.output_proj.1.weight is on cuda:0, moving to cuda
  WARNING: quantum_processor.output_proj.1.bias is on cuda:0, moving to cuda
  WARNING: transformer_layers.0.norm1.weight is on cuda:0, moving to cuda
  WARNING: transformer_layers.0.norm2.weight is on cuda:0, moving to cuda
  WARNING: transformer_layers.0.attention.q_proj.weight is on cuda:0, moving to cuda
  WARNING: transformer_layers.0.attention.q_proj.bias is on cuda:0, moving to cuda
  WARNING: transformer_layers.0.attention.k_proj.weight is on cuda:0, moving to cuda
  WARNING: transformer_layers.0.attention.k_proj.bias is on cuda:0, moving to cuda
  WARNING: transformer_layers.0.attention.v_proj.weight is on cuda:0, moving to cuda
  WARNING: transformer_layers.0.attention.v_proj.bias is on cuda:0, moving to cuda
  WARNING: transformer_layers.0.attention.out_proj.weight is on cuda:0, moving to cuda
  WARNING: transformer_layers.0.attention.out_proj.bias is on cuda:0, moving to cuda
  WARNING: transformer_layers.0.in_proj.weight is on cuda:0, moving to cuda
  WARNING: transformer_layers.0.in_proj.bias is on cuda:0, moving to cuda
  WARNING: transformer_layers.0.out_proj.weight is on cuda:0, moving to cuda
  WARNING: transformer_layers.0.out_proj.bias is on cuda:0, moving to cuda
  WARNING: transformer_layers.1.norm1.weight is on cuda:0, moving to cuda
  WARNING: transformer_layers.1.norm2.weight is on cuda:0, moving to cuda
  WARNING: transformer_layers.1.attention.q_proj.weight is on cuda:0, moving to cuda
  WARNING: transformer_layers.1.attention.q_proj.bias is on cuda:0, moving to cuda
  WARNING: transformer_layers.1.attention.k_proj.weight is on cuda:0, moving to cuda
  WARNING: transformer_layers.1.attention.k_proj.bias is on cuda:0, moving to cuda
  WARNING: transformer_layers.1.attention.v_proj.weight is on cuda:0, moving to cuda
  WARNING: transformer_layers.1.attention.v_proj.bias is on cuda:0, moving to cuda
  WARNING: transformer_layers.1.attention.out_proj.weight is on cuda:0, moving to cuda
  WARNING: transformer_layers.1.attention.out_proj.bias is on cuda:0, moving to cuda
  WARNING: transformer_layers.1.in_proj.weight is on cuda:0, moving to cuda
  WARNING: transformer_layers.1.in_proj.bias is on cuda:0, moving to cuda
  WARNING: transformer_layers.1.out_proj.weight is on cuda:0, moving to cuda
  WARNING: transformer_layers.1.out_proj.bias is on cuda:0, moving to cuda
  WARNING: final_norm.weight is on cuda:0, moving to cuda
  WARNING: classifier.weight is on cuda:0, moving to cuda
  WARNING: classifier.bias is on cuda:0, moving to cuda
Model moved to cuda

================================================================================
Training Started (epochs 1 to 100)
================================================================================

Epoch   1/100 (36.3s) * | Train MSE: 0.204527 | Val MSE: 0.157452
Epoch   4/100 (35.2s) * | Train MSE: 0.177576 | Val MSE: 0.157431
Epoch   5/100 (35.1s) * | Train MSE: 0.172305 | Val MSE: 0.156403
Epoch   7/100 (35.3s) * | Train MSE: 0.162988 | Val MSE: 0.143745
Epoch   8/100 (35.2s) * | Train MSE: 0.136791 | Val MSE: 0.091621
Epoch   9/100 (35.3s) * | Train MSE: 0.109138 | Val MSE: 0.064546
Epoch  10/100 (35.3s) | Train MSE: 0.090102 | Val MSE: 0.074503
Epoch  11/100 (35.1s) * | Train MSE: 0.083413 | Val MSE: 0.039862
Epoch  12/100 (35.3s) * | Train MSE: 0.074480 | Val MSE: 0.033501
Epoch  14/100 (35.8s) * | Train MSE: 0.067825 | Val MSE: 0.028573
Epoch  15/100 (34.8s) | Train MSE: 0.063088 | Val MSE: 0.037060
Epoch  16/100 (33.8s) * | Train MSE: 0.065526 | Val MSE: 0.022342
Epoch  20/100 (34.0s) * | Train MSE: 0.057651 | Val MSE: 0.019045
Epoch  24/100 (33.7s) * | Train MSE: 0.052584 | Val MSE: 0.014828
Epoch  25/100 (33.9s) | Train MSE: 0.051386 | Val MSE: 0.015594
Epoch  30/100 (33.8s) | Train MSE: 0.050836 | Val MSE: 0.024653
Epoch  35/100 (34.1s) | Train MSE: 0.045443 | Val MSE: 0.019705
Epoch  40/100 (34.1s) | Train MSE: 0.048540 | Val MSE: 0.022509

Early stopping at epoch 44 (no improvement for 20 epochs)

================================================================================
Training Complete!
================================================================================
Total Time: 1514.89s (25.25 min)
Best Val MSE: 0.014828
Test Results:
  MSE: 0.017295
  MAE: 0.106564
  R²: 0.9049
  Baseline MSE: 0.1670
  Improvement over baseline: 89.6%
Job completed: syn_1a_adding_problem_L200_s2025
End time: Sat 03 Jan 2026 02:32:32 PM PST
