Starting job: syn_2d_adding_problem_L200_s2026
Date: Wed 07 Jan 2026 07:04:04 PM PST
Host: nid008429
GPU: NVIDIA A100-SXM4-80GB
Using GPU: NVIDIA A100-SXM4-80GB
================================================================================
SYNTHETIC BENCHMARK - ADDING_PROBLEM
================================================================================
Model ID: 2d (QuantumMambaHydraSSM)
  Group 2: classical feat → quantum_superposition mix (mamba)
Task: adding_problem (regression)
Sequence Length: 200
Seed: 2026
Device: cuda
--------------------------------------------------------------------------------
Hyperparameters:
  n_qubits=6, n_layers=2
  d_model=128, d_state=16
  epochs=100, batch_size=32
  lr=0.001, weight_decay=0.0001
  early_stopping=20
================================================================================

Loading Data...
Loading Adding Problem dataset from data/synthetic_benchmarks/adding_problem/adding_L200_seed2026.pt...
Dataset loaded successfully.
  - Task: adding_problem
  - Sequence length: 200
  - Num channels: 2
  - Total samples: 5000
  - Marker strategy: extremes
  - Baseline MSE: 0.1660
  - Shape for model: torch.Size([5000, 2, 200])
  - Training set: 4000
  - Validation set: 500
  - Test set: 500
Data loaded!
  Input: (2 channels, 200 timesteps)
  Output dim: 1

Creating model...
Creating model: QuantumMambaHydraSSM (ID: 2d)
  Group 2: classical features → quantum_superposition mixing (mamba)
Model parameters: 46,052
Verifying device placement...
  WARNING: input_proj.0.weight is on cuda:0, moving to cuda
  WARNING: input_proj.0.bias is on cuda:0, moving to cuda
  WARNING: input_proj.1.weight is on cuda:0, moving to cuda
  WARNING: input_proj.1.bias is on cuda:0, moving to cuda
  WARNING: chunk_attention.0.weight is on cuda:0, moving to cuda
  WARNING: chunk_attention.0.bias is on cuda:0, moving to cuda
  WARNING: chunk_attention.2.weight is on cuda:0, moving to cuda
  WARNING: chunk_attention.2.bias is on cuda:0, moving to cuda
  WARNING: forward_param_proj.weight is on cuda:0, moving to cuda
  WARNING: forward_param_proj.bias is on cuda:0, moving to cuda
  WARNING: backward_param_proj.weight is on cuda:0, moving to cuda
  WARNING: backward_param_proj.bias is on cuda:0, moving to cuda
  WARNING: diagonal_param_proj.weight is on cuda:0, moving to cuda
  WARNING: diagonal_param_proj.bias is on cuda:0, moving to cuda
  WARNING: encoding_proj.weight is on cuda:0, moving to cuda
  WARNING: encoding_proj.bias is on cuda:0, moving to cuda
  WARNING: dt_proj.0.weight is on cuda:0, moving to cuda
  WARNING: dt_proj.0.bias is on cuda:0, moving to cuda
  WARNING: dt_proj.2.weight is on cuda:0, moving to cuda
  WARNING: dt_proj.2.bias is on cuda:0, moving to cuda
  WARNING: quantum_core.alpha_real is on cuda:0, moving to cuda
  WARNING: quantum_core.alpha_imag is on cuda:0, moving to cuda
  WARNING: quantum_core.beta_real is on cuda:0, moving to cuda
  WARNING: quantum_core.beta_imag is on cuda:0, moving to cuda
  WARNING: quantum_core.gamma_real is on cuda:0, moving to cuda
  WARNING: quantum_core.gamma_imag is on cuda:0, moving to cuda
  WARNING: output_proj.0.weight is on cuda:0, moving to cuda
  WARNING: output_proj.0.bias is on cuda:0, moving to cuda
  WARNING: output_proj.1.weight is on cuda:0, moving to cuda
  WARNING: output_proj.1.bias is on cuda:0, moving to cuda
  WARNING: seq_attention.0.weight is on cuda:0, moving to cuda
  WARNING: seq_attention.0.bias is on cuda:0, moving to cuda
  WARNING: seq_attention.2.weight is on cuda:0, moving to cuda
  WARNING: seq_attention.2.bias is on cuda:0, moving to cuda
  WARNING: classifier.0.weight is on cuda:0, moving to cuda
  WARNING: classifier.0.bias is on cuda:0, moving to cuda
  WARNING: classifier.3.weight is on cuda:0, moving to cuda
  WARNING: classifier.3.bias is on cuda:0, moving to cuda
Model moved to cuda

================================================================================
Training Started (epochs 1 to 100)
================================================================================

Epoch   1/100 (640.8s) * | Train MSE: 0.192966 | Val MSE: 0.157404
Epoch   2/100 (639.2s) * | Train MSE: 0.035205 | Val MSE: 0.000827
Epoch   3/100 (639.1s) * | Train MSE: 0.007406 | Val MSE: 0.000530
Epoch   5/100 (623.8s) * | Train MSE: 0.005185 | Val MSE: 0.000474
Epoch   9/100 (612.6s) * | Train MSE: 0.003580 | Val MSE: 0.000259
Epoch  10/100 (612.9s) | Train MSE: 0.003835 | Val MSE: 0.001095
Epoch  11/100 (613.5s) * | Train MSE: 0.003916 | Val MSE: 0.000135
Epoch  15/100 (617.6s) * | Train MSE: 0.003220 | Val MSE: 0.000102
Epoch  20/100 (619.3s) | Train MSE: 0.002989 | Val MSE: 0.000360
