Starting job: syn_1c_selective_copy_L200_s2024
Date: Mon 05 Jan 2026 07:20:36 PM PST
Host: nid008297
GPU: NVIDIA A100-SXM4-80GB
Using GPU: NVIDIA A100-SXM4-80GB
================================================================================
SYNTHETIC BENCHMARK - SELECTIVE_COPY
================================================================================
Model ID: 1c (QuantumHydraSSM)
  Group 1: quantum feat → classical mix (hydra)
Task: selective_copy (regression)
Sequence Length: 200
Seed: 2024
Device: cuda
--------------------------------------------------------------------------------
Hyperparameters:
  n_qubits=6, n_layers=2
  d_model=128, d_state=16
  epochs=100, batch_size=32
  lr=0.001, weight_decay=0.0001
  early_stopping=20
================================================================================

Loading Data...
Loading Selective Copy dataset from data/synthetic_benchmarks/selective_copy/selective_copy_L200_M8_seed2024.pt...
Dataset loaded successfully.
  - Task: selective_copy
  - Sequence length: 200
  - Num channels: 2
  - Num markers: 8
  - Output length: 8
  - Total samples: 5000
  - Marker density: 4.0%
  - Baseline MSE: 0.0837
  - Input shape for model: torch.Size([5000, 2, 200])
  - Target shape: torch.Size([5000, 8])
  - Training set: 4000
  - Validation set: 500
  - Test set: 500
Data loaded!
  Input: (2 channels, 200 timesteps)
  Output dim: 8

Creating model...
Creating model: QuantumHydraSSM (ID: 1c)
  Group 1: quantum features → classical mixing (hydra)
Model parameters: 910,868
Verifying device placement...
  WARNING: alpha is on cuda:0, moving to cuda
  WARNING: beta is on cuda:0, moving to cuda
  WARNING: gamma is on cuda:0, moving to cuda
  WARNING: feature_proj.0.weight is on cuda:0, moving to cuda
  WARNING: feature_proj.0.bias is on cuda:0, moving to cuda
  WARNING: feature_proj.1.weight is on cuda:0, moving to cuda
  WARNING: feature_proj.1.bias is on cuda:0, moving to cuda
  WARNING: quantum_forward.chunk_attention.0.weight is on cuda:0, moving to cuda
  WARNING: quantum_forward.chunk_attention.0.bias is on cuda:0, moving to cuda
  WARNING: quantum_forward.chunk_attention.2.weight is on cuda:0, moving to cuda
  WARNING: quantum_forward.chunk_attention.2.bias is on cuda:0, moving to cuda
  WARNING: quantum_forward.quantum_branches.alpha_real is on cuda:0, moving to cuda
  WARNING: quantum_forward.quantum_branches.alpha_imag is on cuda:0, moving to cuda
  WARNING: quantum_forward.quantum_branches.beta_real is on cuda:0, moving to cuda
  WARNING: quantum_forward.quantum_branches.beta_imag is on cuda:0, moving to cuda
  WARNING: quantum_forward.quantum_branches.gamma_real is on cuda:0, moving to cuda
  WARNING: quantum_forward.quantum_branches.gamma_imag is on cuda:0, moving to cuda
  WARNING: quantum_forward.quantum_branches.proj1.weight is on cuda:0, moving to cuda
  WARNING: quantum_forward.quantum_branches.proj1.bias is on cuda:0, moving to cuda
  WARNING: quantum_forward.quantum_branches.proj2.weight is on cuda:0, moving to cuda
  WARNING: quantum_forward.quantum_branches.proj2.bias is on cuda:0, moving to cuda
  WARNING: quantum_forward.quantum_branches.proj3.weight is on cuda:0, moving to cuda
  WARNING: quantum_forward.quantum_branches.proj3.bias is on cuda:0, moving to cuda
  WARNING: quantum_forward.quantum_branches.input_proj.weight is on cuda:0, moving to cuda
  WARNING: quantum_forward.quantum_branches.input_proj.bias is on cuda:0, moving to cuda
  WARNING: quantum_forward.output_proj.0.weight is on cuda:0, moving to cuda
  WARNING: quantum_forward.output_proj.0.bias is on cuda:0, moving to cuda
  WARNING: quantum_forward.output_proj.1.weight is on cuda:0, moving to cuda
  WARNING: quantum_forward.output_proj.1.bias is on cuda:0, moving to cuda
  WARNING: quantum_backward.chunk_attention.0.weight is on cuda:0, moving to cuda
  WARNING: quantum_backward.chunk_attention.0.bias is on cuda:0, moving to cuda
  WARNING: quantum_backward.chunk_attention.2.weight is on cuda:0, moving to cuda
  WARNING: quantum_backward.chunk_attention.2.bias is on cuda:0, moving to cuda
  WARNING: quantum_backward.quantum_branches.alpha_real is on cuda:0, moving to cuda
  WARNING: quantum_backward.quantum_branches.alpha_imag is on cuda:0, moving to cuda
  WARNING: quantum_backward.quantum_branches.beta_real is on cuda:0, moving to cuda
  WARNING: quantum_backward.quantum_branches.beta_imag is on cuda:0, moving to cuda
  WARNING: quantum_backward.quantum_branches.gamma_real is on cuda:0, moving to cuda
  WARNING: quantum_backward.quantum_branches.gamma_imag is on cuda:0, moving to cuda
  WARNING: quantum_backward.quantum_branches.proj1.weight is on cuda:0, moving to cuda
  WARNING: quantum_backward.quantum_branches.proj1.bias is on cuda:0, moving to cuda
  WARNING: quantum_backward.quantum_branches.proj2.weight is on cuda:0, moving to cuda
  WARNING: quantum_backward.quantum_branches.proj2.bias is on cuda:0, moving to cuda
  WARNING: quantum_backward.quantum_branches.proj3.weight is on cuda:0, moving to cuda
  WARNING: quantum_backward.quantum_branches.proj3.bias is on cuda:0, moving to cuda
  WARNING: quantum_backward.quantum_branches.input_proj.weight is on cuda:0, moving to cuda
  WARNING: quantum_backward.quantum_branches.input_proj.bias is on cuda:0, moving to cuda
  WARNING: quantum_backward.output_proj.0.weight is on cuda:0, moving to cuda
  WARNING: quantum_backward.output_proj.0.bias is on cuda:0, moving to cuda
  WARNING: quantum_backward.output_proj.1.weight is on cuda:0, moving to cuda
  WARNING: quantum_backward.output_proj.1.bias is on cuda:0, moving to cuda
  WARNING: quantum_diagonal.chunk_attention.0.weight is on cuda:0, moving to cuda
  WARNING: quantum_diagonal.chunk_attention.0.bias is on cuda:0, moving to cuda
  WARNING: quantum_diagonal.chunk_attention.2.weight is on cuda:0, moving to cuda
  WARNING: quantum_diagonal.chunk_attention.2.bias is on cuda:0, moving to cuda
  WARNING: quantum_diagonal.quantum_branches.alpha_real is on cuda:0, moving to cuda
  WARNING: quantum_diagonal.quantum_branches.alpha_imag is on cuda:0, moving to cuda
  WARNING: quantum_diagonal.quantum_branches.beta_real is on cuda:0, moving to cuda
  WARNING: quantum_diagonal.quantum_branches.beta_imag is on cuda:0, moving to cuda
  WARNING: quantum_diagonal.quantum_branches.gamma_real is on cuda:0, moving to cuda
  WARNING: quantum_diagonal.quantum_branches.gamma_imag is on cuda:0, moving to cuda
  WARNING: quantum_diagonal.quantum_branches.proj1.weight is on cuda:0, moving to cuda
  WARNING: quantum_diagonal.quantum_branches.proj1.bias is on cuda:0, moving to cuda
  WARNING: quantum_diagonal.quantum_branches.proj2.weight is on cuda:0, moving to cuda
  WARNING: quantum_diagonal.quantum_branches.proj2.bias is on cuda:0, moving to cuda
  WARNING: quantum_diagonal.quantum_branches.proj3.weight is on cuda:0, moving to cuda
  WARNING: quantum_diagonal.quantum_branches.proj3.bias is on cuda:0, moving to cuda
  WARNING: quantum_diagonal.quantum_branches.input_proj.weight is on cuda:0, moving to cuda
  WARNING: quantum_diagonal.quantum_branches.input_proj.bias is on cuda:0, moving to cuda
  WARNING: quantum_diagonal.output_proj.0.weight is on cuda:0, moving to cuda
  WARNING: quantum_diagonal.output_proj.0.bias is on cuda:0, moving to cuda
  WARNING: quantum_diagonal.output_proj.1.weight is on cuda:0, moving to cuda
  WARNING: quantum_diagonal.output_proj.1.bias is on cuda:0, moving to cuda
  WARNING: hydra_layers.0.in_proj.weight is on cuda:0, moving to cuda
  WARNING: hydra_layers.0.bidirectional_ssm.alpha is on cuda:0, moving to cuda
  WARNING: hydra_layers.0.bidirectional_ssm.beta is on cuda:0, moving to cuda
  WARNING: hydra_layers.0.bidirectional_ssm.gamma is on cuda:0, moving to cuda
  WARNING: hydra_layers.0.bidirectional_ssm.forward_ssm.A_log is on cuda:0, moving to cuda
  WARNING: hydra_layers.0.bidirectional_ssm.forward_ssm.D is on cuda:0, moving to cuda
  WARNING: hydra_layers.0.bidirectional_ssm.forward_ssm.x_proj.weight is on cuda:0, moving to cuda
  WARNING: hydra_layers.0.bidirectional_ssm.forward_ssm.dt_proj.weight is on cuda:0, moving to cuda
  WARNING: hydra_layers.0.bidirectional_ssm.forward_ssm.dt_proj.bias is on cuda:0, moving to cuda
  WARNING: hydra_layers.0.bidirectional_ssm.forward_ssm.out_proj.weight is on cuda:0, moving to cuda
  WARNING: hydra_layers.0.bidirectional_ssm.backward_ssm.A_log is on cuda:0, moving to cuda
  WARNING: hydra_layers.0.bidirectional_ssm.backward_ssm.D is on cuda:0, moving to cuda
  WARNING: hydra_layers.0.bidirectional_ssm.backward_ssm.x_proj.weight is on cuda:0, moving to cuda
  WARNING: hydra_layers.0.bidirectional_ssm.backward_ssm.dt_proj.weight is on cuda:0, moving to cuda
  WARNING: hydra_layers.0.bidirectional_ssm.backward_ssm.dt_proj.bias is on cuda:0, moving to cuda
  WARNING: hydra_layers.0.bidirectional_ssm.backward_ssm.out_proj.weight is on cuda:0, moving to cuda
  WARNING: hydra_layers.0.bidirectional_ssm.diagonal.weight is on cuda:0, moving to cuda
  WARNING: hydra_layers.0.bidirectional_ssm.out_proj.weight is on cuda:0, moving to cuda
  WARNING: hydra_layers.0.bidirectional_ssm.norm.weight is on cuda:0, moving to cuda
  WARNING: hydra_layers.0.bidirectional_ssm.norm.bias is on cuda:0, moving to cuda
  WARNING: hydra_layers.0.out_proj.weight is on cuda:0, moving to cuda
  WARNING: hydra_layers.0.norm.weight is on cuda:0, moving to cuda
  WARNING: hydra_layers.0.norm.bias is on cuda:0, moving to cuda
  WARNING: hydra_layers.1.in_proj.weight is on cuda:0, moving to cuda
  WARNING: hydra_layers.1.bidirectional_ssm.alpha is on cuda:0, moving to cuda
  WARNING: hydra_layers.1.bidirectional_ssm.beta is on cuda:0, moving to cuda
  WARNING: hydra_layers.1.bidirectional_ssm.gamma is on cuda:0, moving to cuda
  WARNING: hydra_layers.1.bidirectional_ssm.forward_ssm.A_log is on cuda:0, moving to cuda
  WARNING: hydra_layers.1.bidirectional_ssm.forward_ssm.D is on cuda:0, moving to cuda
  WARNING: hydra_layers.1.bidirectional_ssm.forward_ssm.x_proj.weight is on cuda:0, moving to cuda
  WARNING: hydra_layers.1.bidirectional_ssm.forward_ssm.dt_proj.weight is on cuda:0, moving to cuda
  WARNING: hydra_layers.1.bidirectional_ssm.forward_ssm.dt_proj.bias is on cuda:0, moving to cuda
  WARNING: hydra_layers.1.bidirectional_ssm.forward_ssm.out_proj.weight is on cuda:0, moving to cuda
  WARNING: hydra_layers.1.bidirectional_ssm.backward_ssm.A_log is on cuda:0, moving to cuda
  WARNING: hydra_layers.1.bidirectional_ssm.backward_ssm.D is on cuda:0, moving to cuda
  WARNING: hydra_layers.1.bidirectional_ssm.backward_ssm.x_proj.weight is on cuda:0, moving to cuda
  WARNING: hydra_layers.1.bidirectional_ssm.backward_ssm.dt_proj.weight is on cuda:0, moving to cuda
  WARNING: hydra_layers.1.bidirectional_ssm.backward_ssm.dt_proj.bias is on cuda:0, moving to cuda
  WARNING: hydra_layers.1.bidirectional_ssm.backward_ssm.out_proj.weight is on cuda:0, moving to cuda
  WARNING: hydra_layers.1.bidirectional_ssm.diagonal.weight is on cuda:0, moving to cuda
  WARNING: hydra_layers.1.bidirectional_ssm.out_proj.weight is on cuda:0, moving to cuda
  WARNING: hydra_layers.1.bidirectional_ssm.norm.weight is on cuda:0, moving to cuda
  WARNING: hydra_layers.1.bidirectional_ssm.norm.bias is on cuda:0, moving to cuda
  WARNING: hydra_layers.1.out_proj.weight is on cuda:0, moving to cuda
  WARNING: hydra_layers.1.norm.weight is on cuda:0, moving to cuda
  WARNING: hydra_layers.1.norm.bias is on cuda:0, moving to cuda
  WARNING: output_norm.weight is on cuda:0, moving to cuda
  WARNING: output_norm.bias is on cuda:0, moving to cuda
  WARNING: output_layer.weight is on cuda:0, moving to cuda
  WARNING: output_layer.bias is on cuda:0, moving to cuda
Model moved to cuda

================================================================================
Training Started (epochs 1 to 100)
================================================================================

Epoch   1/100 (112.9s) * | Train MSE: 0.102789 | Val MSE: 0.084243
Epoch   2/100 (112.7s) * | Train MSE: 0.073164 | Val MSE: 0.062740
Epoch   3/100 (113.5s) * | Train MSE: 0.060303 | Val MSE: 0.060446
Epoch   4/100 (113.4s) * | Train MSE: 0.055373 | Val MSE: 0.052195
Epoch   5/100 (110.9s) * | Train MSE: 0.050665 | Val MSE: 0.047560
Epoch   6/100 (110.6s) * | Train MSE: 0.046477 | Val MSE: 0.044484
Epoch   7/100 (111.1s) * | Train MSE: 0.043253 | Val MSE: 0.040715
Epoch   8/100 (112.7s) * | Train MSE: 0.040180 | Val MSE: 0.039847
Epoch   9/100 (112.9s) * | Train MSE: 0.039088 | Val MSE: 0.037106
Epoch  10/100 (110.7s) | Train MSE: 0.037112 | Val MSE: 0.038847
Epoch  11/100 (110.4s) * | Train MSE: 0.036088 | Val MSE: 0.033668
Epoch  12/100 (110.9s) * | Train MSE: 0.034375 | Val MSE: 0.033586
Epoch  13/100 (110.7s) * | Train MSE: 0.033882 | Val MSE: 0.031719
Epoch  15/100 (110.2s) | Train MSE: 0.032401 | Val MSE: 0.033558
Epoch  16/100 (110.6s) * | Train MSE: 0.031331 | Val MSE: 0.030673
Epoch  20/100 (110.4s) | Train MSE: 0.029178 | Val MSE: 0.031540
Epoch  21/100 (110.1s) * | Train MSE: 0.028605 | Val MSE: 0.030221
Epoch  22/100 (110.5s) * | Train MSE: 0.028734 | Val MSE: 0.030123
Epoch  23/100 (110.4s) * | Train MSE: 0.028150 | Val MSE: 0.028615
Epoch  25/100 (110.9s) | Train MSE: 0.027129 | Val MSE: 0.029332
Epoch  30/100 (110.7s) | Train MSE: 0.025418 | Val MSE: 0.029651
Epoch  35/100 (110.6s) | Train MSE: 0.024035 | Val MSE: 0.029967
Epoch  40/100 (110.6s) | Train MSE: 0.021424 | Val MSE: 0.030718

Early stopping at epoch 43 (no improvement for 20 epochs)

================================================================================
Training Complete!
================================================================================
Total Time: 4772.76s (79.55 min)
Best Val MSE: 0.028615
Test Results:
  MSE: 0.029048
  MAE: 0.122245
  R²: 0.6540
  Baseline MSE: 0.0830
  Improvement over baseline: 65.0%
Job completed: syn_1c_selective_copy_L200_s2024
End time: Mon 05 Jan 2026 08:40:32 PM PST
