Starting job: syn_1b_adding_problem_L1000_s2026
Date: Sun 04 Jan 2026 03:20:26 AM PST
Host: nid008429
GPU: NVIDIA A100-SXM4-80GB
Using GPU: NVIDIA A100-SXM4-80GB
================================================================================
SYNTHETIC BENCHMARK - ADDING_PROBLEM
================================================================================
Model ID: 1b (QuantumMambaSSM)
  Group 1: quantum feat → classical mix (mamba)
Task: adding_problem (regression)
Sequence Length: 1000
Seed: 2026
Device: cuda
--------------------------------------------------------------------------------
Hyperparameters:
  n_qubits=6, n_layers=2
  d_model=128, d_state=16
  epochs=100, batch_size=32
  lr=0.001, weight_decay=0.0001
  early_stopping=20
================================================================================

Loading Data...
Loading Adding Problem dataset from data/synthetic_benchmarks/adding_problem/adding_L1000_seed2026.pt...
Dataset loaded successfully.
  - Task: adding_problem
  - Sequence length: 1000
  - Num channels: 2
  - Total samples: 5000
  - Marker strategy: extremes
  - Baseline MSE: 0.1704
  - Shape for model: torch.Size([5000, 2, 1000])
  - Training set: 4000
  - Validation set: 500
  - Test set: 500
Data loaded!
  Input: (2 channels, 1000 timesteps)
  Output dim: 1

Creating model...
Creating model: QuantumMambaSSM (ID: 1b)
  Group 1: quantum features → classical mixing (mamba)
Model parameters: 421,730
Verifying device placement...
  WARNING: feature_proj.0.weight is on cuda:0, moving to cuda
  WARNING: feature_proj.0.bias is on cuda:0, moving to cuda
  WARNING: feature_proj.1.weight is on cuda:0, moving to cuda
  WARNING: feature_proj.1.bias is on cuda:0, moving to cuda
  WARNING: quantum_processor.chunk_attention.0.weight is on cuda:0, moving to cuda
  WARNING: quantum_processor.chunk_attention.0.bias is on cuda:0, moving to cuda
  WARNING: quantum_processor.chunk_attention.2.weight is on cuda:0, moving to cuda
  WARNING: quantum_processor.chunk_attention.2.bias is on cuda:0, moving to cuda
  WARNING: quantum_processor.quantum_branches.alpha_real is on cuda:0, moving to cuda
  WARNING: quantum_processor.quantum_branches.alpha_imag is on cuda:0, moving to cuda
  WARNING: quantum_processor.quantum_branches.beta_real is on cuda:0, moving to cuda
  WARNING: quantum_processor.quantum_branches.beta_imag is on cuda:0, moving to cuda
  WARNING: quantum_processor.quantum_branches.gamma_real is on cuda:0, moving to cuda
  WARNING: quantum_processor.quantum_branches.gamma_imag is on cuda:0, moving to cuda
  WARNING: quantum_processor.quantum_branches.proj1.weight is on cuda:0, moving to cuda
  WARNING: quantum_processor.quantum_branches.proj1.bias is on cuda:0, moving to cuda
  WARNING: quantum_processor.quantum_branches.proj2.weight is on cuda:0, moving to cuda
  WARNING: quantum_processor.quantum_branches.proj2.bias is on cuda:0, moving to cuda
  WARNING: quantum_processor.quantum_branches.proj3.weight is on cuda:0, moving to cuda
  WARNING: quantum_processor.quantum_branches.proj3.bias is on cuda:0, moving to cuda
  WARNING: quantum_processor.quantum_branches.input_proj.weight is on cuda:0, moving to cuda
  WARNING: quantum_processor.quantum_branches.input_proj.bias is on cuda:0, moving to cuda
  WARNING: quantum_processor.output_proj.0.weight is on cuda:0, moving to cuda
  WARNING: quantum_processor.output_proj.0.bias is on cuda:0, moving to cuda
  WARNING: quantum_processor.output_proj.1.weight is on cuda:0, moving to cuda
  WARNING: quantum_processor.output_proj.1.bias is on cuda:0, moving to cuda
  WARNING: mamba_layers.0.in_proj.weight is on cuda:0, moving to cuda
  WARNING: mamba_layers.0.conv1d.weight is on cuda:0, moving to cuda
  WARNING: mamba_layers.0.conv1d.bias is on cuda:0, moving to cuda
  WARNING: mamba_layers.0.ssm.A_log is on cuda:0, moving to cuda
  WARNING: mamba_layers.0.ssm.D is on cuda:0, moving to cuda
  WARNING: mamba_layers.0.ssm.x_proj.weight is on cuda:0, moving to cuda
  WARNING: mamba_layers.0.ssm.dt_proj.weight is on cuda:0, moving to cuda
  WARNING: mamba_layers.0.ssm.dt_proj.bias is on cuda:0, moving to cuda
  WARNING: mamba_layers.0.ssm.out_proj.weight is on cuda:0, moving to cuda
  WARNING: mamba_layers.0.out_proj.weight is on cuda:0, moving to cuda
  WARNING: mamba_layers.0.norm.weight is on cuda:0, moving to cuda
  WARNING: mamba_layers.0.norm.bias is on cuda:0, moving to cuda
  WARNING: mamba_layers.1.in_proj.weight is on cuda:0, moving to cuda
  WARNING: mamba_layers.1.conv1d.weight is on cuda:0, moving to cuda
  WARNING: mamba_layers.1.conv1d.bias is on cuda:0, moving to cuda
  WARNING: mamba_layers.1.ssm.A_log is on cuda:0, moving to cuda
  WARNING: mamba_layers.1.ssm.D is on cuda:0, moving to cuda
  WARNING: mamba_layers.1.ssm.x_proj.weight is on cuda:0, moving to cuda
  WARNING: mamba_layers.1.ssm.dt_proj.weight is on cuda:0, moving to cuda
  WARNING: mamba_layers.1.ssm.dt_proj.bias is on cuda:0, moving to cuda
  WARNING: mamba_layers.1.ssm.out_proj.weight is on cuda:0, moving to cuda
  WARNING: mamba_layers.1.out_proj.weight is on cuda:0, moving to cuda
  WARNING: mamba_layers.1.norm.weight is on cuda:0, moving to cuda
  WARNING: mamba_layers.1.norm.bias is on cuda:0, moving to cuda
  WARNING: output_norm.weight is on cuda:0, moving to cuda
  WARNING: output_norm.bias is on cuda:0, moving to cuda
  WARNING: output_layer.0.weight is on cuda:0, moving to cuda
  WARNING: output_layer.0.bias is on cuda:0, moving to cuda
  WARNING: output_layer.3.weight is on cuda:0, moving to cuda
  WARNING: output_layer.3.bias is on cuda:0, moving to cuda
Model moved to cuda

================================================================================
Training Started (epochs 1 to 100)
================================================================================

Epoch   1/100 (46.9s) * | Train MSE: 0.194124 | Val MSE: 0.183444
Epoch   2/100 (45.7s) * | Train MSE: 0.153798 | Val MSE: 0.031291
Epoch   3/100 (45.5s) * | Train MSE: 0.013380 | Val MSE: 0.014895
Epoch   4/100 (45.7s) * | Train MSE: 0.008532 | Val MSE: 0.006349
Epoch   5/100 (45.6s) * | Train MSE: 0.005685 | Val MSE: 0.005505
Epoch   6/100 (45.4s) * | Train MSE: 0.005610 | Val MSE: 0.000777
Epoch  10/100 (45.3s) | Train MSE: 0.004596 | Val MSE: 0.003063
Epoch  15/100 (44.2s) * | Train MSE: 0.003722 | Val MSE: 0.000430
Epoch  20/100 (44.1s) | Train MSE: 0.003620 | Val MSE: 0.002509
Epoch  25/100 (45.3s) | Train MSE: 0.002862 | Val MSE: 0.003702
Epoch  30/100 (45.7s) | Train MSE: 0.002675 | Val MSE: 0.002707
Epoch  35/100 (45.6s) | Train MSE: 0.002216 | Val MSE: 0.002933

Early stopping at epoch 35 (no improvement for 20 epochs)

================================================================================
Training Complete!
================================================================================
Total Time: 1577.17s (26.29 min)
Best Val MSE: 0.000430
Test Results:
  MSE: 0.000476
  MAE: 0.017682
  R²: 0.9973
  Baseline MSE: 0.1670
  Improvement over baseline: 99.7%
Job completed: syn_1b_adding_problem_L1000_s2026
End time: Sun 04 Jan 2026 03:47:11 AM PST
