Starting job: syn_2a_selective_copy_L500_s2024
Date: Wed 07 Jan 2026 02:31:53 AM PST
Host: nid008193
GPU: NVIDIA A100-SXM4-80GB
Using GPU: NVIDIA A100-SXM4-80GB
================================================================================
SYNTHETIC BENCHMARK - SELECTIVE_COPY
================================================================================
Model ID: 2a (ClassicalQuantumAttention)
  Group 2: classical feat → quantum mix (transformer)
Task: selective_copy (regression)
Sequence Length: 500
Seed: 2024
Device: cuda
--------------------------------------------------------------------------------
Hyperparameters:
  n_qubits=6, n_layers=2
  d_model=128, d_state=16
  epochs=100, batch_size=32
  lr=0.001, weight_decay=0.0001
  early_stopping=20
================================================================================

Loading Data...
Loading Selective Copy dataset from data/synthetic_benchmarks/selective_copy/selective_copy_L500_M8_seed2024.pt...
Dataset loaded successfully.
  - Task: selective_copy
  - Sequence length: 500
  - Num channels: 2
  - Num markers: 8
  - Output length: 8
  - Total samples: 5000
  - Marker density: 1.6%
  - Baseline MSE: 0.0835
  - Input shape for model: torch.Size([5000, 2, 500])
  - Target shape: torch.Size([5000, 8])
  - Training set: 4000
  - Validation set: 500
  - Test set: 500
Data loaded!
  Input: (2 channels, 500 timesteps)
  Output dim: 8

Creating model...
Creating model: ClassicalQuantumAttention (ID: 2a)
  Group 2: classical features → quantum mixing (transformer)
Model parameters: 36,739
Verifying device placement...
  WARNING: feature_extractor.embedding.weight is on cuda:0, moving to cuda
  WARNING: feature_extractor.embedding.bias is on cuda:0, moving to cuda
  WARNING: chunk_attention.0.weight is on cuda:0, moving to cuda
  WARNING: chunk_attention.0.bias is on cuda:0, moving to cuda
  WARNING: chunk_attention.2.weight is on cuda:0, moving to cuda
  WARNING: chunk_attention.2.bias is on cuda:0, moving to cuda
  WARNING: quantum_attention.mix_coeffs is on cuda:0, moving to cuda
  WARNING: quantum_attention.qff_params is on cuda:0, moving to cuda
  WARNING: quantum_attention.param_proj.weight is on cuda:0, moving to cuda
  WARNING: quantum_attention.param_proj.bias is on cuda:0, moving to cuda
  WARNING: quantum_attention.output_proj.weight is on cuda:0, moving to cuda
  WARNING: quantum_attention.output_proj.bias is on cuda:0, moving to cuda
  WARNING: output_norm.weight is on cuda:0, moving to cuda
  WARNING: output_norm.bias is on cuda:0, moving to cuda
  WARNING: classifier.0.weight is on cuda:0, moving to cuda
  WARNING: classifier.0.bias is on cuda:0, moving to cuda
  WARNING: classifier.3.weight is on cuda:0, moving to cuda
  WARNING: classifier.3.bias is on cuda:0, moving to cuda
Model moved to cuda

================================================================================
Training Started (epochs 1 to 100)
================================================================================

Epoch   1/100 (211.8s) * | Train MSE: 0.095790 | Val MSE: 0.082465
Epoch   2/100 (208.2s) * | Train MSE: 0.084230 | Val MSE: 0.079370
Epoch   3/100 (207.0s) * | Train MSE: 0.079773 | Val MSE: 0.076506
Epoch   4/100 (227.9s) * | Train MSE: 0.078773 | Val MSE: 0.075935
Epoch   5/100 (230.1s) * | Train MSE: 0.077699 | Val MSE: 0.075225
Epoch   6/100 (229.5s) * | Train MSE: 0.077042 | Val MSE: 0.074990
Epoch   8/100 (230.3s) * | Train MSE: 0.076967 | Val MSE: 0.074336
Epoch  10/100 (229.9s) * | Train MSE: 0.076778 | Val MSE: 0.073985
Epoch  13/100 (224.1s) * | Train MSE: 0.075885 | Val MSE: 0.073814
Epoch  15/100 (223.9s) | Train MSE: 0.075770 | Val MSE: 0.074631
Epoch  18/100 (223.4s) * | Train MSE: 0.075437 | Val MSE: 0.073704
Epoch  20/100 (223.3s) * | Train MSE: 0.075317 | Val MSE: 0.073426
Epoch  22/100 (222.0s) * | Train MSE: 0.075475 | Val MSE: 0.073369
Epoch  25/100 (222.4s) | Train MSE: 0.075074 | Val MSE: 0.073854
Epoch  29/100 (202.7s) * | Train MSE: 0.074841 | Val MSE: 0.073270
Epoch  30/100 (200.6s) | Train MSE: 0.074782 | Val MSE: 0.073314
Epoch  33/100 (202.3s) * | Train MSE: 0.074377 | Val MSE: 0.073266
Epoch  34/100 (203.4s) * | Train MSE: 0.074434 | Val MSE: 0.073036
Epoch  35/100 (202.4s) | Train MSE: 0.074588 | Val MSE: 0.073204
Epoch  36/100 (198.9s) * | Train MSE: 0.074506 | Val MSE: 0.072866
Epoch  40/100 (198.8s) | Train MSE: 0.074270 | Val MSE: 0.073251
Epoch  45/100 (199.7s) | Train MSE: 0.074065 | Val MSE: 0.072875
Epoch  47/100 (241.5s) * | Train MSE: 0.073990 | Val MSE: 0.072758
Epoch  50/100 (219.1s) | Train MSE: 0.073901 | Val MSE: 0.072967
Epoch  55/100 (220.9s) | Train MSE: 0.073816 | Val MSE: 0.072972
Epoch  60/100 (219.5s) | Train MSE: 0.073787 | Val MSE: 0.073258
Epoch  61/100 (218.0s) * | Train MSE: 0.073682 | Val MSE: 0.072733
Epoch  65/100 (218.8s) * | Train MSE: 0.073675 | Val MSE: 0.072701
Epoch  66/100 (221.2s) * | Train MSE: 0.073633 | Val MSE: 0.072635
Epoch  70/100 (218.5s) | Train MSE: 0.073658 | Val MSE: 0.072933
Epoch  75/100 (201.9s) * | Train MSE: 0.073491 | Val MSE: 0.072633
Epoch  77/100 (203.1s) * | Train MSE: 0.073420 | Val MSE: 0.072610
Epoch  80/100 (202.3s) | Train MSE: 0.073346 | Val MSE: 0.072624
Epoch  81/100 (202.7s) * | Train MSE: 0.073324 | Val MSE: 0.072573
Epoch  83/100 (202.5s) * | Train MSE: 0.073179 | Val MSE: 0.072570
Epoch  85/100 (201.5s) * | Train MSE: 0.073071 | Val MSE: 0.072477
Epoch  86/100 (201.6s) * | Train MSE: 0.073009 | Val MSE: 0.072452
Epoch  89/100 (202.2s) * | Train MSE: 0.072919 | Val MSE: 0.072359
Epoch  90/100 (246.1s) | Train MSE: 0.072889 | Val MSE: 0.072480
Epoch  95/100 (217.4s) | Train MSE: 0.072768 | Val MSE: 0.072419
Epoch 100/100 (220.3s) | Train MSE: 0.072742 | Val MSE: 0.072396

================================================================================
Training Complete!
================================================================================
Total Time: 21411.58s (356.86 min)
Best Val MSE: 0.072359
Test Results:
  MSE: 0.073809
  MAE: 0.231721
  R²: 0.1188
  Baseline MSE: 0.0830
  Improvement over baseline: 11.1%

Results saved to: results/synthetic_benchmarks/synthetic_2a_selective_copy_L500_seed2024_results.json
Model saved to: results/synthetic_benchmarks/synthetic_2a_selective_copy_L500_seed2024_model.pt
Cleaned up training checkpoint: results/synthetic_benchmarks/checkpoints/checkpoint_2a_selective_copy_L500_seed2024.pt

================================================================================
SYNTHETIC BENCHMARK RUN COMPLETE
================================================================================
Model: 2a (ClassicalQuantumAttention)
Task: selective_copy
Seq Length: 500
Test MSE: 0.073809
Test R²: 0.1188
================================================================================

Job completed: syn_2a_selective_copy_L500_s2024
End time: Wed 07 Jan 2026 08:29:13 AM PST
