Starting job: syn_2a_adding_problem_L200_s2024
Date: Tue 06 Jan 2026 04:10:52 AM PST
Host: nid008193
GPU: NVIDIA A100-SXM4-80GB
Using GPU: NVIDIA A100-SXM4-80GB
================================================================================
SYNTHETIC BENCHMARK - ADDING_PROBLEM
================================================================================
Model ID: 2a (ClassicalQuantumAttention)
  Group 2: classical feat → quantum mix (transformer)
Task: adding_problem (regression)
Sequence Length: 200
Seed: 2024
Device: cuda
--------------------------------------------------------------------------------
Hyperparameters:
  n_qubits=6, n_layers=2
  d_model=128, d_state=16
  epochs=100, batch_size=32
  lr=0.001, weight_decay=0.0001
  early_stopping=20
================================================================================

Loading Data...
Loading Adding Problem dataset from data/synthetic_benchmarks/adding_problem/adding_L200_seed2024.pt...
Dataset loaded successfully.
  - Task: adding_problem
  - Sequence length: 200
  - Num channels: 2
  - Total samples: 5000
  - Marker strategy: extremes
  - Baseline MSE: 0.1674
  - Shape for model: torch.Size([5000, 2, 200])
  - Training set: 4000
  - Validation set: 500
  - Test set: 500
Data loaded!
  Input: (2 channels, 200 timesteps)
  Output dim: 1

Creating model...
Creating model: ClassicalQuantumAttention (ID: 2a)
  Group 2: classical features → quantum mixing (transformer)
Model parameters: 35,817
Verifying device placement...
  WARNING: feature_extractor.embedding.weight is on cuda:0, moving to cuda
  WARNING: feature_extractor.embedding.bias is on cuda:0, moving to cuda
  WARNING: chunk_attention.0.weight is on cuda:0, moving to cuda
  WARNING: chunk_attention.0.bias is on cuda:0, moving to cuda
  WARNING: chunk_attention.2.weight is on cuda:0, moving to cuda
  WARNING: chunk_attention.2.bias is on cuda:0, moving to cuda
  WARNING: quantum_attention.mix_coeffs is on cuda:0, moving to cuda
  WARNING: quantum_attention.qff_params is on cuda:0, moving to cuda
  WARNING: quantum_attention.param_proj.weight is on cuda:0, moving to cuda
  WARNING: quantum_attention.param_proj.bias is on cuda:0, moving to cuda
  WARNING: quantum_attention.output_proj.weight is on cuda:0, moving to cuda
  WARNING: quantum_attention.output_proj.bias is on cuda:0, moving to cuda
  WARNING: output_norm.weight is on cuda:0, moving to cuda
  WARNING: output_norm.bias is on cuda:0, moving to cuda
  WARNING: classifier.0.weight is on cuda:0, moving to cuda
  WARNING: classifier.0.bias is on cuda:0, moving to cuda
  WARNING: classifier.3.weight is on cuda:0, moving to cuda
  WARNING: classifier.3.bias is on cuda:0, moving to cuda
Model moved to cuda

================================================================================
Training Started (epochs 1 to 100)
================================================================================

Epoch   1/100 (227.4s) * | Train MSE: 0.206951 | Val MSE: 0.150888
Epoch   2/100 (225.4s) * | Train MSE: 0.066249 | Val MSE: 0.032716
Epoch   3/100 (223.5s) * | Train MSE: 0.025153 | Val MSE: 0.016940
Epoch   4/100 (222.7s) * | Train MSE: 0.016624 | Val MSE: 0.004754
Epoch   5/100 (224.0s) * | Train MSE: 0.013240 | Val MSE: 0.003102
Epoch   6/100 (224.6s) * | Train MSE: 0.010717 | Val MSE: 0.002897
Epoch   7/100 (226.6s) * | Train MSE: 0.009368 | Val MSE: 0.000921
Epoch   8/100 (227.3s) * | Train MSE: 0.008280 | Val MSE: 0.000717
Epoch  10/100 (223.5s) | Train MSE: 0.007007 | Val MSE: 0.002122
Epoch  15/100 (226.1s) * | Train MSE: 0.005901 | Val MSE: 0.000656
Epoch  16/100 (227.2s) * | Train MSE: 0.006316 | Val MSE: 0.000447
Epoch  17/100 (224.6s) * | Train MSE: 0.005808 | Val MSE: 0.000431
Epoch  20/100 (223.3s) | Train MSE: 0.004940 | Val MSE: 0.000958
Epoch  24/100 (205.4s) * | Train MSE: 0.004468 | Val MSE: 0.000318
Epoch  25/100 (205.9s) | Train MSE: 0.004581 | Val MSE: 0.000923
Epoch  30/100 (205.5s) | Train MSE: 0.004540 | Val MSE: 0.000979
Epoch  35/100 (205.7s) | Train MSE: 0.003568 | Val MSE: 0.000864
Epoch  38/100 (205.4s) * | Train MSE: 0.003406 | Val MSE: 0.000221
Epoch  40/100 (220.1s) | Train MSE: 0.003241 | Val MSE: 0.000688
Epoch  45/100 (219.0s) * | Train MSE: 0.003176 | Val MSE: 0.000196
Epoch  48/100 (219.2s) * | Train MSE: 0.002794 | Val MSE: 0.000195
Epoch  50/100 (218.6s) | Train MSE: 0.002754 | Val MSE: 0.000662
Epoch  52/100 (218.4s) * | Train MSE: 0.002741 | Val MSE: 0.000179
Epoch  55/100 (218.4s) * | Train MSE: 0.002755 | Val MSE: 0.000158
Epoch  60/100 (217.0s) | Train MSE: 0.002627 | Val MSE: 0.001196
Epoch  62/100 (217.6s) * | Train MSE: 0.002588 | Val MSE: 0.000134
Epoch  65/100 (201.0s) | Train MSE: 0.002303 | Val MSE: 0.000157
Epoch  67/100 (199.3s) * | Train MSE: 0.002331 | Val MSE: 0.000102
Epoch  70/100 (199.1s) | Train MSE: 0.002307 | Val MSE: 0.000128
Epoch  75/100 (200.2s) | Train MSE: 0.002141 | Val MSE: 0.000104
Epoch  77/100 (199.7s) * | Train MSE: 0.002314 | Val MSE: 0.000102
Epoch  80/100 (204.2s) | Train MSE: 0.002169 | Val MSE: 0.000138
Epoch  84/100 (222.0s) * | Train MSE: 0.002059 | Val MSE: 0.000096
Epoch  85/100 (219.9s) | Train MSE: 0.002105 | Val MSE: 0.000107
Epoch  87/100 (219.0s) * | Train MSE: 0.002094 | Val MSE: 0.000090
Epoch  90/100 (221.0s) * | Train MSE: 0.002012 | Val MSE: 0.000073
Epoch  93/100 (217.9s) * | Train MSE: 0.002079 | Val MSE: 0.000070
Epoch  95/100 (219.9s) | Train MSE: 0.001980 | Val MSE: 0.000076
Epoch 100/100 (218.2s) | Train MSE: 0.001975 | Val MSE: 0.000087

================================================================================
Training Complete!
================================================================================
Total Time: 21448.95s (357.48 min)
Best Val MSE: 0.000070
Test Results:
  MSE: 0.000059
  MAE: 0.005807
  R²: 0.9997
  Baseline MSE: 0.1670
  Improvement over baseline: 100.0%
Job completed: syn_2a_adding_problem_L200_s2024
End time: Tue 06 Jan 2026 10:08:51 AM PST
