Starting job: syn_1b_selective_copy_L500_s2025
Date: Sun 04 Jan 2026 08:05:35 PM PST
Host: nid008229
GPU: NVIDIA A100-SXM4-80GB
Using GPU: NVIDIA A100-SXM4-80GB
================================================================================
SYNTHETIC BENCHMARK - SELECTIVE_COPY
================================================================================
Model ID: 1b (QuantumMambaSSM)
  Group 1: quantum feat → classical mix (mamba)
Task: selective_copy (regression)
Sequence Length: 500
Seed: 2025
Device: cuda
--------------------------------------------------------------------------------
Hyperparameters:
  n_qubits=6, n_layers=2
  d_model=128, d_state=16
  epochs=100, batch_size=32
  lr=0.001, weight_decay=0.0001
  early_stopping=20
================================================================================

Loading Data...
Loading Selective Copy dataset from data/synthetic_benchmarks/selective_copy/selective_copy_L500_M8_seed2025.pt...
Dataset loaded successfully.
  - Task: selective_copy
  - Sequence length: 500
  - Num channels: 2
  - Num markers: 8
  - Output length: 8
  - Total samples: 5000
  - Marker density: 1.6%
  - Baseline MSE: 0.0828
  - Input shape for model: torch.Size([5000, 2, 500])
  - Target shape: torch.Size([5000, 8])
  - Training set: 4000
  - Validation set: 500
  - Test set: 500
Data loaded!
  Input: (2 channels, 500 timesteps)
  Output dim: 8

Creating model...
Creating model: QuantumMambaSSM (ID: 1b)
  Group 1: quantum features → classical mixing (mamba)
Model parameters: 422,633
Verifying device placement...
  WARNING: feature_proj.0.weight is on cuda:0, moving to cuda
  WARNING: feature_proj.0.bias is on cuda:0, moving to cuda
  WARNING: feature_proj.1.weight is on cuda:0, moving to cuda
  WARNING: feature_proj.1.bias is on cuda:0, moving to cuda
  WARNING: quantum_processor.chunk_attention.0.weight is on cuda:0, moving to cuda
  WARNING: quantum_processor.chunk_attention.0.bias is on cuda:0, moving to cuda
  WARNING: quantum_processor.chunk_attention.2.weight is on cuda:0, moving to cuda
  WARNING: quantum_processor.chunk_attention.2.bias is on cuda:0, moving to cuda
  WARNING: quantum_processor.quantum_branches.alpha_real is on cuda:0, moving to cuda
  WARNING: quantum_processor.quantum_branches.alpha_imag is on cuda:0, moving to cuda
  WARNING: quantum_processor.quantum_branches.beta_real is on cuda:0, moving to cuda
  WARNING: quantum_processor.quantum_branches.beta_imag is on cuda:0, moving to cuda
  WARNING: quantum_processor.quantum_branches.gamma_real is on cuda:0, moving to cuda
  WARNING: quantum_processor.quantum_branches.gamma_imag is on cuda:0, moving to cuda
  WARNING: quantum_processor.quantum_branches.proj1.weight is on cuda:0, moving to cuda
  WARNING: quantum_processor.quantum_branches.proj1.bias is on cuda:0, moving to cuda
  WARNING: quantum_processor.quantum_branches.proj2.weight is on cuda:0, moving to cuda
  WARNING: quantum_processor.quantum_branches.proj2.bias is on cuda:0, moving to cuda
  WARNING: quantum_processor.quantum_branches.proj3.weight is on cuda:0, moving to cuda
  WARNING: quantum_processor.quantum_branches.proj3.bias is on cuda:0, moving to cuda
  WARNING: quantum_processor.quantum_branches.input_proj.weight is on cuda:0, moving to cuda
  WARNING: quantum_processor.quantum_branches.input_proj.bias is on cuda:0, moving to cuda
  WARNING: quantum_processor.output_proj.0.weight is on cuda:0, moving to cuda
  WARNING: quantum_processor.output_proj.0.bias is on cuda:0, moving to cuda
  WARNING: quantum_processor.output_proj.1.weight is on cuda:0, moving to cuda
  WARNING: quantum_processor.output_proj.1.bias is on cuda:0, moving to cuda
  WARNING: mamba_layers.0.in_proj.weight is on cuda:0, moving to cuda
  WARNING: mamba_layers.0.conv1d.weight is on cuda:0, moving to cuda
  WARNING: mamba_layers.0.conv1d.bias is on cuda:0, moving to cuda
  WARNING: mamba_layers.0.ssm.A_log is on cuda:0, moving to cuda
  WARNING: mamba_layers.0.ssm.D is on cuda:0, moving to cuda
  WARNING: mamba_layers.0.ssm.x_proj.weight is on cuda:0, moving to cuda
  WARNING: mamba_layers.0.ssm.dt_proj.weight is on cuda:0, moving to cuda
  WARNING: mamba_layers.0.ssm.dt_proj.bias is on cuda:0, moving to cuda
  WARNING: mamba_layers.0.ssm.out_proj.weight is on cuda:0, moving to cuda
  WARNING: mamba_layers.0.out_proj.weight is on cuda:0, moving to cuda
  WARNING: mamba_layers.0.norm.weight is on cuda:0, moving to cuda
  WARNING: mamba_layers.0.norm.bias is on cuda:0, moving to cuda
  WARNING: mamba_layers.1.in_proj.weight is on cuda:0, moving to cuda
  WARNING: mamba_layers.1.conv1d.weight is on cuda:0, moving to cuda
  WARNING: mamba_layers.1.conv1d.bias is on cuda:0, moving to cuda
  WARNING: mamba_layers.1.ssm.A_log is on cuda:0, moving to cuda
  WARNING: mamba_layers.1.ssm.D is on cuda:0, moving to cuda
  WARNING: mamba_layers.1.ssm.x_proj.weight is on cuda:0, moving to cuda
  WARNING: mamba_layers.1.ssm.dt_proj.weight is on cuda:0, moving to cuda
  WARNING: mamba_layers.1.ssm.dt_proj.bias is on cuda:0, moving to cuda
  WARNING: mamba_layers.1.ssm.out_proj.weight is on cuda:0, moving to cuda
  WARNING: mamba_layers.1.out_proj.weight is on cuda:0, moving to cuda
  WARNING: mamba_layers.1.norm.weight is on cuda:0, moving to cuda
  WARNING: mamba_layers.1.norm.bias is on cuda:0, moving to cuda
  WARNING: output_norm.weight is on cuda:0, moving to cuda
  WARNING: output_norm.bias is on cuda:0, moving to cuda
  WARNING: output_layer.0.weight is on cuda:0, moving to cuda
  WARNING: output_layer.0.bias is on cuda:0, moving to cuda
  WARNING: output_layer.3.weight is on cuda:0, moving to cuda
  WARNING: output_layer.3.bias is on cuda:0, moving to cuda
Model moved to cuda

================================================================================
Training Started (epochs 1 to 100)
================================================================================

Epoch   1/100 (42.2s) * | Train MSE: 0.093260 | Val MSE: 0.083644
Epoch   2/100 (41.7s) * | Train MSE: 0.077595 | Val MSE: 0.071098
Epoch   3/100 (41.9s) * | Train MSE: 0.064147 | Val MSE: 0.055313
Epoch   4/100 (42.0s) * | Train MSE: 0.052757 | Val MSE: 0.049027
Epoch   5/100 (42.1s) * | Train MSE: 0.048438 | Val MSE: 0.048874
Epoch   6/100 (42.6s) * | Train MSE: 0.044318 | Val MSE: 0.039017
Epoch   7/100 (42.1s) * | Train MSE: 0.038996 | Val MSE: 0.035281
Epoch   9/100 (41.7s) * | Train MSE: 0.032721 | Val MSE: 0.032274
Epoch  10/100 (41.6s) * | Train MSE: 0.030332 | Val MSE: 0.029679
Epoch  11/100 (41.6s) * | Train MSE: 0.029085 | Val MSE: 0.028246
Epoch  13/100 (40.6s) * | Train MSE: 0.025162 | Val MSE: 0.025129
Epoch  14/100 (40.1s) * | Train MSE: 0.023587 | Val MSE: 0.024035
Epoch  15/100 (40.1s) | Train MSE: 0.022286 | Val MSE: 0.025501
Epoch  16/100 (40.0s) * | Train MSE: 0.022071 | Val MSE: 0.023745
Epoch  18/100 (40.1s) * | Train MSE: 0.020746 | Val MSE: 0.023165
Epoch  20/100 (40.1s) | Train MSE: 0.019514 | Val MSE: 0.024319
Epoch  25/100 (40.0s) | Train MSE: 0.015921 | Val MSE: 0.026076
Epoch  30/100 (40.4s) | Train MSE: 0.012610 | Val MSE: 0.029689
Epoch  35/100 (40.5s) | Train MSE: 0.009194 | Val MSE: 0.028608

Early stopping at epoch 38 (no improvement for 20 epochs)

================================================================================
Training Complete!
================================================================================
Total Time: 1549.48s (25.82 min)
Best Val MSE: 0.023165
Test Results:
  MSE: 0.021005
  MAE: 0.099946
  R²: 0.7484
  Baseline MSE: 0.0830
  Improvement over baseline: 74.7%
Job completed: syn_1b_selective_copy_L500_s2025
End time: Sun 04 Jan 2026 08:31:35 PM PST
