Starting job: syn_1a_selective_copy_L200_s2024
Date: Sat 03 Jan 2026 09:22:10 PM PST
Host: nid008345
GPU: NVIDIA A100-SXM4-80GB
Using GPU: NVIDIA A100-SXM4-80GB
================================================================================
SYNTHETIC BENCHMARK - SELECTIVE_COPY
================================================================================
Model ID: 1a (QuantumTransformer)
  Group 1: quantum feat → classical mix (transformer)
Task: selective_copy (regression)
Sequence Length: 200
Seed: 2024
Device: cuda
--------------------------------------------------------------------------------
Hyperparameters:
  n_qubits=6, n_layers=2
  d_model=128, d_state=16
  epochs=100, batch_size=32
  lr=0.001, weight_decay=0.0001
  early_stopping=20
================================================================================

Loading Data...
Loading Selective Copy dataset from data/synthetic_benchmarks/selective_copy/selective_copy_L200_M8_seed2024.pt...
Dataset loaded successfully.
  - Task: selective_copy
  - Sequence length: 200
  - Num channels: 2
  - Num markers: 8
  - Output length: 8
  - Total samples: 5000
  - Marker density: 4.0%
  - Baseline MSE: 0.0837
  - Input shape for model: torch.Size([5000, 2, 200])
  - Target shape: torch.Size([5000, 8])
  - Training set: 4000
  - Validation set: 500
  - Test set: 500
Data loaded!
  Input: (2 channels, 200 timesteps)
  Output dim: 8

Creating model...
Creating model: QuantumTransformer (ID: 1a)
  Group 1: quantum features → classical mixing (transformer)
Model parameters: 336,745
Verifying device placement...
  WARNING: pos_encoding is on cuda:0, moving to cuda
  WARNING: feature_proj.weight is on cuda:0, moving to cuda
  WARNING: feature_proj.bias is on cuda:0, moving to cuda
  WARNING: quantum_processor.chunk_attention.0.weight is on cuda:0, moving to cuda
  WARNING: quantum_processor.chunk_attention.0.bias is on cuda:0, moving to cuda
  WARNING: quantum_processor.chunk_attention.2.weight is on cuda:0, moving to cuda
  WARNING: quantum_processor.chunk_attention.2.bias is on cuda:0, moving to cuda
  WARNING: quantum_processor.quantum_branches.alpha_real is on cuda:0, moving to cuda
  WARNING: quantum_processor.quantum_branches.alpha_imag is on cuda:0, moving to cuda
  WARNING: quantum_processor.quantum_branches.beta_real is on cuda:0, moving to cuda
  WARNING: quantum_processor.quantum_branches.beta_imag is on cuda:0, moving to cuda
  WARNING: quantum_processor.quantum_branches.gamma_real is on cuda:0, moving to cuda
  WARNING: quantum_processor.quantum_branches.gamma_imag is on cuda:0, moving to cuda
  WARNING: quantum_processor.quantum_branches.proj1.weight is on cuda:0, moving to cuda
  WARNING: quantum_processor.quantum_branches.proj1.bias is on cuda:0, moving to cuda
  WARNING: quantum_processor.quantum_branches.proj2.weight is on cuda:0, moving to cuda
  WARNING: quantum_processor.quantum_branches.proj2.bias is on cuda:0, moving to cuda
  WARNING: quantum_processor.quantum_branches.proj3.weight is on cuda:0, moving to cuda
  WARNING: quantum_processor.quantum_branches.proj3.bias is on cuda:0, moving to cuda
  WARNING: quantum_processor.quantum_branches.branch1.base_params is on cuda:0, moving to cuda
  WARNING: quantum_processor.quantum_branches.branch2.base_params is on cuda:0, moving to cuda
  WARNING: quantum_processor.quantum_branches.branch3.base_params is on cuda:0, moving to cuda
  WARNING: quantum_processor.output_proj.0.weight is on cuda:0, moving to cuda
  WARNING: quantum_processor.output_proj.0.bias is on cuda:0, moving to cuda
  WARNING: quantum_processor.output_proj.1.weight is on cuda:0, moving to cuda
  WARNING: quantum_processor.output_proj.1.bias is on cuda:0, moving to cuda
  WARNING: transformer_layers.0.norm1.weight is on cuda:0, moving to cuda
  WARNING: transformer_layers.0.norm2.weight is on cuda:0, moving to cuda
  WARNING: transformer_layers.0.attention.q_proj.weight is on cuda:0, moving to cuda
  WARNING: transformer_layers.0.attention.q_proj.bias is on cuda:0, moving to cuda
  WARNING: transformer_layers.0.attention.k_proj.weight is on cuda:0, moving to cuda
  WARNING: transformer_layers.0.attention.k_proj.bias is on cuda:0, moving to cuda
  WARNING: transformer_layers.0.attention.v_proj.weight is on cuda:0, moving to cuda
  WARNING: transformer_layers.0.attention.v_proj.bias is on cuda:0, moving to cuda
  WARNING: transformer_layers.0.attention.out_proj.weight is on cuda:0, moving to cuda
  WARNING: transformer_layers.0.attention.out_proj.bias is on cuda:0, moving to cuda
  WARNING: transformer_layers.0.in_proj.weight is on cuda:0, moving to cuda
  WARNING: transformer_layers.0.in_proj.bias is on cuda:0, moving to cuda
  WARNING: transformer_layers.0.out_proj.weight is on cuda:0, moving to cuda
  WARNING: transformer_layers.0.out_proj.bias is on cuda:0, moving to cuda
  WARNING: transformer_layers.1.norm1.weight is on cuda:0, moving to cuda
  WARNING: transformer_layers.1.norm2.weight is on cuda:0, moving to cuda
  WARNING: transformer_layers.1.attention.q_proj.weight is on cuda:0, moving to cuda
  WARNING: transformer_layers.1.attention.q_proj.bias is on cuda:0, moving to cuda
  WARNING: transformer_layers.1.attention.k_proj.weight is on cuda:0, moving to cuda
  WARNING: transformer_layers.1.attention.k_proj.bias is on cuda:0, moving to cuda
  WARNING: transformer_layers.1.attention.v_proj.weight is on cuda:0, moving to cuda
  WARNING: transformer_layers.1.attention.v_proj.bias is on cuda:0, moving to cuda
  WARNING: transformer_layers.1.attention.out_proj.weight is on cuda:0, moving to cuda
  WARNING: transformer_layers.1.attention.out_proj.bias is on cuda:0, moving to cuda
  WARNING: transformer_layers.1.in_proj.weight is on cuda:0, moving to cuda
  WARNING: transformer_layers.1.in_proj.bias is on cuda:0, moving to cuda
  WARNING: transformer_layers.1.out_proj.weight is on cuda:0, moving to cuda
  WARNING: transformer_layers.1.out_proj.bias is on cuda:0, moving to cuda
  WARNING: final_norm.weight is on cuda:0, moving to cuda
  WARNING: classifier.weight is on cuda:0, moving to cuda
  WARNING: classifier.bias is on cuda:0, moving to cuda
Model moved to cuda

================================================================================
Training Started (epochs 1 to 100)
================================================================================

Epoch   1/100 (34.5s) * | Train MSE: 0.094003 | Val MSE: 0.087865
Epoch   2/100 (34.2s) * | Train MSE: 0.087873 | Val MSE: 0.084460
Epoch   5/100 (34.0s) | Train MSE: 0.085801 | Val MSE: 0.085214
Epoch  10/100 (34.0s) | Train MSE: 0.085391 | Val MSE: 0.086420
Epoch  15/100 (34.4s) | Train MSE: 0.085324 | Val MSE: 0.086172
Epoch  16/100 (34.0s) * | Train MSE: 0.084419 | Val MSE: 0.082593
Epoch  17/100 (34.1s) * | Train MSE: 0.080683 | Val MSE: 0.075943
Epoch  18/100 (34.0s) * | Train MSE: 0.073592 | Val MSE: 0.075642
Epoch  20/100 (34.1s) * | Train MSE: 0.067879 | Val MSE: 0.071741
Epoch  22/100 (34.4s) * | Train MSE: 0.064935 | Val MSE: 0.067713
Epoch  23/100 (34.4s) * | Train MSE: 0.064517 | Val MSE: 0.064645
Epoch  25/100 (34.5s) | Train MSE: 0.062793 | Val MSE: 0.067207
Epoch  26/100 (33.8s) * | Train MSE: 0.061814 | Val MSE: 0.064213
Epoch  30/100 (33.0s) * | Train MSE: 0.059442 | Val MSE: 0.063550
Epoch  33/100 (32.9s) * | Train MSE: 0.057955 | Val MSE: 0.061977
Epoch  35/100 (32.8s) | Train MSE: 0.057221 | Val MSE: 0.062571
Epoch  38/100 (32.6s) * | Train MSE: 0.056411 | Val MSE: 0.060118
Epoch  40/100 (32.5s) | Train MSE: 0.055704 | Val MSE: 0.062887
Epoch  45/100 (32.1s) | Train MSE: 0.053868 | Val MSE: 0.062789
Epoch  46/100 (32.2s) * | Train MSE: 0.053692 | Val MSE: 0.060076
Epoch  47/100 (32.0s) * | Train MSE: 0.053041 | Val MSE: 0.059503
Epoch  50/100 (32.0s) | Train MSE: 0.052817 | Val MSE: 0.061992
Epoch  55/100 (32.1s) | Train MSE: 0.052291 | Val MSE: 0.065159
Epoch  60/100 (32.1s) | Train MSE: 0.051168 | Val MSE: 0.065586
Epoch  65/100 (32.3s) | Train MSE: 0.049795 | Val MSE: 0.065490

Early stopping at epoch 67 (no improvement for 20 epochs)

================================================================================
Training Complete!
================================================================================
Total Time: 2215.81s (36.93 min)
Best Val MSE: 0.059503
Test Results:
  MSE: 0.059940
  MAE: 0.203670
  R²: 0.2860
  Baseline MSE: 0.0830
  Improvement over baseline: 27.8%
Job completed: syn_1a_selective_copy_L200_s2024
End time: Sat 03 Jan 2026 09:59:20 PM PST
