Starting job: syn_1a_adding_problem_L100_s2026
Date: Sat 03 Jan 2026 01:43:43 PM PST
Host: nid008345
GPU: NVIDIA A100-SXM4-80GB
Using GPU: NVIDIA A100-SXM4-80GB
================================================================================
SYNTHETIC BENCHMARK - ADDING_PROBLEM
================================================================================
Model ID: 1a (QuantumTransformer)
  Group 1: quantum feat → classical mix (transformer)
Task: adding_problem (regression)
Sequence Length: 100
Seed: 2026
Device: cuda
--------------------------------------------------------------------------------
Hyperparameters:
  n_qubits=6, n_layers=2
  d_model=128, d_state=16
  epochs=100, batch_size=32
  lr=0.001, weight_decay=0.0001
  early_stopping=20
================================================================================

Loading Data...
Dataset not found at data/synthetic_benchmarks/adding_problem/adding_L100_seed2026.pt. Generating...
Generating Adding Problem dataset...
  - num_samples: 5000
  - seq_len: 100
  - marker_strategy: extremes

Dataset Statistics:
  - Target mean: 0.9996 (expected ~1.0)
  - Target std: 0.4075
  - Baseline MSE (predict 1.0): 0.1660
  - Random guess MSE: ~0.167

Dataset saved to data/synthetic_benchmarks/adding_problem/adding_L100_seed2026.pt
  - Sequences shape: torch.Size([5000, 100, 2])
  - Targets shape: torch.Size([5000, 1])
Loading Adding Problem dataset from data/synthetic_benchmarks/adding_problem/adding_L100_seed2026.pt...
Dataset loaded successfully.
  - Task: adding_problem
  - Sequence length: 100
  - Num channels: 2
  - Total samples: 5000
  - Marker strategy: extremes
  - Baseline MSE: 0.1660
  - Shape for model: torch.Size([5000, 2, 100])
  - Training set: 4000
  - Validation set: 500
  - Test set: 500
Data loaded!
  Input: (2 channels, 100 timesteps)
  Output dim: 1

Creating model...
Creating model: QuantumTransformer (ID: 1a)
  Group 1: quantum features → classical mixing (transformer)
Model parameters: 335,074
Verifying device placement...
  WARNING: pos_encoding is on cuda:0, moving to cuda
  WARNING: feature_proj.weight is on cuda:0, moving to cuda
  WARNING: feature_proj.bias is on cuda:0, moving to cuda
  WARNING: quantum_processor.chunk_attention.0.weight is on cuda:0, moving to cuda
  WARNING: quantum_processor.chunk_attention.0.bias is on cuda:0, moving to cuda
  WARNING: quantum_processor.chunk_attention.2.weight is on cuda:0, moving to cuda
  WARNING: quantum_processor.chunk_attention.2.bias is on cuda:0, moving to cuda
  WARNING: quantum_processor.quantum_branches.alpha_real is on cuda:0, moving to cuda
  WARNING: quantum_processor.quantum_branches.alpha_imag is on cuda:0, moving to cuda
  WARNING: quantum_processor.quantum_branches.beta_real is on cuda:0, moving to cuda
  WARNING: quantum_processor.quantum_branches.beta_imag is on cuda:0, moving to cuda
  WARNING: quantum_processor.quantum_branches.gamma_real is on cuda:0, moving to cuda
  WARNING: quantum_processor.quantum_branches.gamma_imag is on cuda:0, moving to cuda
  WARNING: quantum_processor.quantum_branches.proj1.weight is on cuda:0, moving to cuda
  WARNING: quantum_processor.quantum_branches.proj1.bias is on cuda:0, moving to cuda
  WARNING: quantum_processor.quantum_branches.proj2.weight is on cuda:0, moving to cuda
  WARNING: quantum_processor.quantum_branches.proj2.bias is on cuda:0, moving to cuda
  WARNING: quantum_processor.quantum_branches.proj3.weight is on cuda:0, moving to cuda
  WARNING: quantum_processor.quantum_branches.proj3.bias is on cuda:0, moving to cuda
  WARNING: quantum_processor.quantum_branches.branch1.base_params is on cuda:0, moving to cuda
  WARNING: quantum_processor.quantum_branches.branch2.base_params is on cuda:0, moving to cuda
  WARNING: quantum_processor.quantum_branches.branch3.base_params is on cuda:0, moving to cuda
  WARNING: quantum_processor.output_proj.0.weight is on cuda:0, moving to cuda
  WARNING: quantum_processor.output_proj.0.bias is on cuda:0, moving to cuda
  WARNING: quantum_processor.output_proj.1.weight is on cuda:0, moving to cuda
  WARNING: quantum_processor.output_proj.1.bias is on cuda:0, moving to cuda
  WARNING: transformer_layers.0.norm1.weight is on cuda:0, moving to cuda
  WARNING: transformer_layers.0.norm2.weight is on cuda:0, moving to cuda
  WARNING: transformer_layers.0.attention.q_proj.weight is on cuda:0, moving to cuda
  WARNING: transformer_layers.0.attention.q_proj.bias is on cuda:0, moving to cuda
  WARNING: transformer_layers.0.attention.k_proj.weight is on cuda:0, moving to cuda
  WARNING: transformer_layers.0.attention.k_proj.bias is on cuda:0, moving to cuda
  WARNING: transformer_layers.0.attention.v_proj.weight is on cuda:0, moving to cuda
  WARNING: transformer_layers.0.attention.v_proj.bias is on cuda:0, moving to cuda
  WARNING: transformer_layers.0.attention.out_proj.weight is on cuda:0, moving to cuda
  WARNING: transformer_layers.0.attention.out_proj.bias is on cuda:0, moving to cuda
  WARNING: transformer_layers.0.in_proj.weight is on cuda:0, moving to cuda
  WARNING: transformer_layers.0.in_proj.bias is on cuda:0, moving to cuda
  WARNING: transformer_layers.0.out_proj.weight is on cuda:0, moving to cuda
  WARNING: transformer_layers.0.out_proj.bias is on cuda:0, moving to cuda
  WARNING: transformer_layers.1.norm1.weight is on cuda:0, moving to cuda
  WARNING: transformer_layers.1.norm2.weight is on cuda:0, moving to cuda
  WARNING: transformer_layers.1.attention.q_proj.weight is on cuda:0, moving to cuda
  WARNING: transformer_layers.1.attention.q_proj.bias is on cuda:0, moving to cuda
  WARNING: transformer_layers.1.attention.k_proj.weight is on cuda:0, moving to cuda
  WARNING: transformer_layers.1.attention.k_proj.bias is on cuda:0, moving to cuda
  WARNING: transformer_layers.1.attention.v_proj.weight is on cuda:0, moving to cuda
  WARNING: transformer_layers.1.attention.v_proj.bias is on cuda:0, moving to cuda
  WARNING: transformer_layers.1.attention.out_proj.weight is on cuda:0, moving to cuda
  WARNING: transformer_layers.1.attention.out_proj.bias is on cuda:0, moving to cuda
  WARNING: transformer_layers.1.in_proj.weight is on cuda:0, moving to cuda
  WARNING: transformer_layers.1.in_proj.bias is on cuda:0, moving to cuda
  WARNING: transformer_layers.1.out_proj.weight is on cuda:0, moving to cuda
  WARNING: transformer_layers.1.out_proj.bias is on cuda:0, moving to cuda
  WARNING: final_norm.weight is on cuda:0, moving to cuda
  WARNING: classifier.weight is on cuda:0, moving to cuda
  WARNING: classifier.bias is on cuda:0, moving to cuda
Model moved to cuda

================================================================================
Training Started (epochs 1 to 100)
================================================================================

Epoch   1/100 (34.7s) * | Train MSE: 0.201131 | Val MSE: 0.209656
Epoch   2/100 (34.3s) * | Train MSE: 0.175469 | Val MSE: 0.184591
Epoch   3/100 (34.4s) * | Train MSE: 0.171481 | Val MSE: 0.178354
Epoch   5/100 (34.1s) * | Train MSE: 0.166355 | Val MSE: 0.174706
Epoch   6/100 (34.3s) * | Train MSE: 0.125013 | Val MSE: 0.096811
Epoch   9/100 (34.3s) * | Train MSE: 0.074372 | Val MSE: 0.062671
Epoch  10/100 (34.4s) | Train MSE: 0.074009 | Val MSE: 0.115362
Epoch  15/100 (34.7s) | Train MSE: 0.063990 | Val MSE: 0.128183
Epoch  20/100 (34.8s) | Train MSE: 0.060620 | Val MSE: 0.077795
Epoch  25/100 (33.9s) | Train MSE: 0.058018 | Val MSE: 0.103793

Early stopping at epoch 29 (no improvement for 20 epochs)

================================================================================
Training Complete!
================================================================================
Total Time: 993.52s (16.56 min)
Best Val MSE: 0.062671
Test Results:
  MSE: 0.063674
  MAE: 0.209559
  R²: 0.6165
  Baseline MSE: 0.1670
  Improvement over baseline: 61.9%
Job completed: syn_1a_adding_problem_L100_s2026
End time: Sat 03 Jan 2026 02:00:28 PM PST
