Starting job: syn_2a_adding_problem_L100_s2026
Date: Tue 06 Jan 2026 02:51:23 AM PST
Host: nid008697
GPU: NVIDIA A100-SXM4-80GB
Using GPU: NVIDIA A100-SXM4-80GB
================================================================================
SYNTHETIC BENCHMARK - ADDING_PROBLEM
================================================================================
Model ID: 2a (ClassicalQuantumAttention)
  Group 2: classical feat → quantum mix (transformer)
Task: adding_problem (regression)
Sequence Length: 100
Seed: 2026
Device: cuda
--------------------------------------------------------------------------------
Hyperparameters:
  n_qubits=6, n_layers=2
  d_model=128, d_state=16
  epochs=100, batch_size=32
  lr=0.001, weight_decay=0.0001
  early_stopping=20
================================================================================

Loading Data...
Loading Adding Problem dataset from data/synthetic_benchmarks/adding_problem/adding_L100_seed2026.pt...
Dataset loaded successfully.
  - Task: adding_problem
  - Sequence length: 100
  - Num channels: 2
  - Total samples: 5000
  - Marker strategy: extremes
  - Baseline MSE: 0.1660
  - Shape for model: torch.Size([5000, 2, 100])
  - Training set: 4000
  - Validation set: 500
  - Test set: 500
Data loaded!
  Input: (2 channels, 100 timesteps)
  Output dim: 1

Creating model...
Creating model: ClassicalQuantumAttention (ID: 2a)
  Group 2: classical features → quantum mixing (transformer)
Model parameters: 35,811
Verifying device placement...
  WARNING: feature_extractor.embedding.weight is on cuda:0, moving to cuda
  WARNING: feature_extractor.embedding.bias is on cuda:0, moving to cuda
  WARNING: chunk_attention.0.weight is on cuda:0, moving to cuda
  WARNING: chunk_attention.0.bias is on cuda:0, moving to cuda
  WARNING: chunk_attention.2.weight is on cuda:0, moving to cuda
  WARNING: chunk_attention.2.bias is on cuda:0, moving to cuda
  WARNING: quantum_attention.mix_coeffs is on cuda:0, moving to cuda
  WARNING: quantum_attention.qff_params is on cuda:0, moving to cuda
  WARNING: quantum_attention.param_proj.weight is on cuda:0, moving to cuda
  WARNING: quantum_attention.param_proj.bias is on cuda:0, moving to cuda
  WARNING: quantum_attention.output_proj.weight is on cuda:0, moving to cuda
  WARNING: quantum_attention.output_proj.bias is on cuda:0, moving to cuda
  WARNING: output_norm.weight is on cuda:0, moving to cuda
  WARNING: output_norm.bias is on cuda:0, moving to cuda
  WARNING: classifier.0.weight is on cuda:0, moving to cuda
  WARNING: classifier.0.bias is on cuda:0, moving to cuda
  WARNING: classifier.3.weight is on cuda:0, moving to cuda
  WARNING: classifier.3.bias is on cuda:0, moving to cuda
Model moved to cuda

================================================================================
Training Started (epochs 1 to 100)
================================================================================

Epoch   1/100 (218.2s) * | Train MSE: 0.190345 | Val MSE: 0.178944
Epoch   2/100 (216.2s) * | Train MSE: 0.150153 | Val MSE: 0.063006
Epoch   3/100 (216.2s) * | Train MSE: 0.020122 | Val MSE: 0.002852
Epoch   5/100 (220.0s) | Train MSE: 0.009322 | Val MSE: 0.003253
Epoch   6/100 (220.7s) * | Train MSE: 0.007766 | Val MSE: 0.000864
Epoch  10/100 (223.9s) | Train MSE: 0.006747 | Val MSE: 0.001822
Epoch  12/100 (218.1s) * | Train MSE: 0.006124 | Val MSE: 0.000838
Epoch  13/100 (220.2s) * | Train MSE: 0.005334 | Val MSE: 0.000816
Epoch  14/100 (219.3s) * | Train MSE: 0.005109 | Val MSE: 0.000664
Epoch  15/100 (219.4s) * | Train MSE: 0.005305 | Val MSE: 0.000532
Epoch  16/100 (206.6s) * | Train MSE: 0.005664 | Val MSE: 0.000431
Epoch  17/100 (202.5s) * | Train MSE: 0.005186 | Val MSE: 0.000427
Epoch  20/100 (201.4s) | Train MSE: 0.004368 | Val MSE: 0.000457
Epoch  25/100 (201.1s) * | Train MSE: 0.003987 | Val MSE: 0.000338
Epoch  26/100 (200.8s) * | Train MSE: 0.003904 | Val MSE: 0.000288
Epoch  30/100 (201.4s) | Train MSE: 0.004181 | Val MSE: 0.000358
Epoch  31/100 (201.2s) * | Train MSE: 0.003484 | Val MSE: 0.000223
Epoch  34/100 (200.4s) * | Train MSE: 0.003256 | Val MSE: 0.000204
Epoch  35/100 (216.9s) | Train MSE: 0.003057 | Val MSE: 0.000355
Epoch  40/100 (213.2s) * | Train MSE: 0.002839 | Val MSE: 0.000139
Epoch  44/100 (214.1s) * | Train MSE: 0.002672 | Val MSE: 0.000136
Epoch  45/100 (213.4s) | Train MSE: 0.002909 | Val MSE: 0.000144
Epoch  50/100 (214.9s) | Train MSE: 0.002414 | Val MSE: 0.000199
Epoch  55/100 (211.1s) * | Train MSE: 0.002280 | Val MSE: 0.000080
Epoch  60/100 (210.4s) | Train MSE: 0.002216 | Val MSE: 0.000243
Epoch  63/100 (210.8s) * | Train MSE: 0.002149 | Val MSE: 0.000069
Epoch  65/100 (211.8s) | Train MSE: 0.002146 | Val MSE: 0.000137
Epoch  68/100 (198.2s) * | Train MSE: 0.002205 | Val MSE: 0.000060
Epoch  70/100 (201.3s) | Train MSE: 0.002129 | Val MSE: 0.000368
Epoch  75/100 (197.7s) * | Train MSE: 0.002051 | Val MSE: 0.000051
Epoch  77/100 (197.9s) * | Train MSE: 0.001995 | Val MSE: 0.000046
Epoch  80/100 (198.0s) | Train MSE: 0.001865 | Val MSE: 0.000164
Epoch  84/100 (202.1s) * | Train MSE: 0.001878 | Val MSE: 0.000043
Epoch  85/100 (208.4s) * | Train MSE: 0.001863 | Val MSE: 0.000037
Epoch  89/100 (213.5s) * | Train MSE: 0.001940 | Val MSE: 0.000034
Epoch  90/100 (213.2s) | Train MSE: 0.001930 | Val MSE: 0.000061
Epoch  93/100 (211.9s) * | Train MSE: 0.001888 | Val MSE: 0.000033
Epoch  95/100 (215.1s) | Train MSE: 0.001898 | Val MSE: 0.000036
Epoch 100/100 (212.3s) | Train MSE: 0.001825 | Val MSE: 0.000035

================================================================================
Training Complete!
================================================================================
Total Time: 20927.89s (348.80 min)
Best Val MSE: 0.000033
Test Results:
  MSE: 0.000032
  MAE: 0.004306
  R²: 0.9998
  Baseline MSE: 0.1670
  Improvement over baseline: 100.0%
Job completed: syn_2a_adding_problem_L100_s2026
End time: Tue 06 Jan 2026 08:40:40 AM PST
