Starting job: syn_1a_selective_copy_L1000_s2026
Date: Sat 03 Jan 2026 08:23:49 PM PST
Host: nid008448
GPU: NVIDIA A100-SXM4-80GB
Using GPU: NVIDIA A100-SXM4-80GB
================================================================================
SYNTHETIC BENCHMARK - SELECTIVE_COPY
================================================================================
Model ID: 1a (QuantumTransformer)
  Group 1: quantum feat → classical mix (transformer)
Task: selective_copy (regression)
Sequence Length: 1000
Seed: 2026
Device: cuda
--------------------------------------------------------------------------------
Hyperparameters:
  n_qubits=6, n_layers=2
  d_model=128, d_state=16
  epochs=100, batch_size=32
  lr=0.001, weight_decay=0.0001
  early_stopping=20
================================================================================

Loading Data...
Dataset not found at data/synthetic_benchmarks/selective_copy/selective_copy_L1000_M8_seed2026.pt. Generating...
Generating Selective Copy dataset...
  - num_samples: 5000
  - seq_len: 1000
  - num_markers: 8
  - marker_strategy: uniform
  - marker_density: 0.8%

Dataset Statistics:
  - Input shape: torch.Size([5000, 1000, 2])
  - Target shape: torch.Size([5000, 8])
  - Target value range: [0.0000, 1.0000]
  - Baseline MSE (predict 0.5): 0.0823

Dataset saved to data/synthetic_benchmarks/selective_copy/selective_copy_L1000_M8_seed2026.pt
Loading Selective Copy dataset from data/synthetic_benchmarks/selective_copy/selective_copy_L1000_M8_seed2026.pt...
Dataset loaded successfully.
  - Task: selective_copy
  - Sequence length: 1000
  - Num channels: 2
  - Num markers: 8
  - Output length: 8
  - Total samples: 5000
  - Marker density: 0.8%
  - Baseline MSE: 0.0823
  - Input shape for model: torch.Size([5000, 2, 1000])
  - Target shape: torch.Size([5000, 8])
  - Training set: 4000
  - Validation set: 500
  - Test set: 500
Data loaded!
  Input: (2 channels, 1000 timesteps)
  Output dim: 8

Creating model...
Creating model: QuantumTransformer (ID: 1a)
  Group 1: quantum features → classical mixing (transformer)
Model parameters: 343,145
Verifying device placement...
  WARNING: pos_encoding is on cuda:0, moving to cuda
  WARNING: feature_proj.weight is on cuda:0, moving to cuda
  WARNING: feature_proj.bias is on cuda:0, moving to cuda
  WARNING: quantum_processor.chunk_attention.0.weight is on cuda:0, moving to cuda
  WARNING: quantum_processor.chunk_attention.0.bias is on cuda:0, moving to cuda
  WARNING: quantum_processor.chunk_attention.2.weight is on cuda:0, moving to cuda
  WARNING: quantum_processor.chunk_attention.2.bias is on cuda:0, moving to cuda
  WARNING: quantum_processor.quantum_branches.alpha_real is on cuda:0, moving to cuda
  WARNING: quantum_processor.quantum_branches.alpha_imag is on cuda:0, moving to cuda
  WARNING: quantum_processor.quantum_branches.beta_real is on cuda:0, moving to cuda
  WARNING: quantum_processor.quantum_branches.beta_imag is on cuda:0, moving to cuda
  WARNING: quantum_processor.quantum_branches.gamma_real is on cuda:0, moving to cuda
  WARNING: quantum_processor.quantum_branches.gamma_imag is on cuda:0, moving to cuda
  WARNING: quantum_processor.quantum_branches.proj1.weight is on cuda:0, moving to cuda
  WARNING: quantum_processor.quantum_branches.proj1.bias is on cuda:0, moving to cuda
  WARNING: quantum_processor.quantum_branches.proj2.weight is on cuda:0, moving to cuda
  WARNING: quantum_processor.quantum_branches.proj2.bias is on cuda:0, moving to cuda
  WARNING: quantum_processor.quantum_branches.proj3.weight is on cuda:0, moving to cuda
  WARNING: quantum_processor.quantum_branches.proj3.bias is on cuda:0, moving to cuda
  WARNING: quantum_processor.quantum_branches.branch1.base_params is on cuda:0, moving to cuda
  WARNING: quantum_processor.quantum_branches.branch2.base_params is on cuda:0, moving to cuda
  WARNING: quantum_processor.quantum_branches.branch3.base_params is on cuda:0, moving to cuda
  WARNING: quantum_processor.output_proj.0.weight is on cuda:0, moving to cuda
  WARNING: quantum_processor.output_proj.0.bias is on cuda:0, moving to cuda
  WARNING: quantum_processor.output_proj.1.weight is on cuda:0, moving to cuda
  WARNING: quantum_processor.output_proj.1.bias is on cuda:0, moving to cuda
  WARNING: transformer_layers.0.norm1.weight is on cuda:0, moving to cuda
  WARNING: transformer_layers.0.norm2.weight is on cuda:0, moving to cuda
  WARNING: transformer_layers.0.attention.q_proj.weight is on cuda:0, moving to cuda
  WARNING: transformer_layers.0.attention.q_proj.bias is on cuda:0, moving to cuda
  WARNING: transformer_layers.0.attention.k_proj.weight is on cuda:0, moving to cuda
  WARNING: transformer_layers.0.attention.k_proj.bias is on cuda:0, moving to cuda
  WARNING: transformer_layers.0.attention.v_proj.weight is on cuda:0, moving to cuda
  WARNING: transformer_layers.0.attention.v_proj.bias is on cuda:0, moving to cuda
  WARNING: transformer_layers.0.attention.out_proj.weight is on cuda:0, moving to cuda
  WARNING: transformer_layers.0.attention.out_proj.bias is on cuda:0, moving to cuda
  WARNING: transformer_layers.0.in_proj.weight is on cuda:0, moving to cuda
  WARNING: transformer_layers.0.in_proj.bias is on cuda:0, moving to cuda
  WARNING: transformer_layers.0.out_proj.weight is on cuda:0, moving to cuda
  WARNING: transformer_layers.0.out_proj.bias is on cuda:0, moving to cuda
  WARNING: transformer_layers.1.norm1.weight is on cuda:0, moving to cuda
  WARNING: transformer_layers.1.norm2.weight is on cuda:0, moving to cuda
  WARNING: transformer_layers.1.attention.q_proj.weight is on cuda:0, moving to cuda
  WARNING: transformer_layers.1.attention.q_proj.bias is on cuda:0, moving to cuda
  WARNING: transformer_layers.1.attention.k_proj.weight is on cuda:0, moving to cuda
  WARNING: transformer_layers.1.attention.k_proj.bias is on cuda:0, moving to cuda
  WARNING: transformer_layers.1.attention.v_proj.weight is on cuda:0, moving to cuda
  WARNING: transformer_layers.1.attention.v_proj.bias is on cuda:0, moving to cuda
  WARNING: transformer_layers.1.attention.out_proj.weight is on cuda:0, moving to cuda
  WARNING: transformer_layers.1.attention.out_proj.bias is on cuda:0, moving to cuda
  WARNING: transformer_layers.1.in_proj.weight is on cuda:0, moving to cuda
  WARNING: transformer_layers.1.in_proj.bias is on cuda:0, moving to cuda
  WARNING: transformer_layers.1.out_proj.weight is on cuda:0, moving to cuda
  WARNING: transformer_layers.1.out_proj.bias is on cuda:0, moving to cuda
  WARNING: final_norm.weight is on cuda:0, moving to cuda
  WARNING: classifier.weight is on cuda:0, moving to cuda
  WARNING: classifier.bias is on cuda:0, moving to cuda
Model moved to cuda

================================================================================
Training Started (epochs 1 to 100)
================================================================================

Epoch   1/100 (35.6s) * | Train MSE: 0.097580 | Val MSE: 0.089912
Epoch   2/100 (34.5s) * | Train MSE: 0.086493 | Val MSE: 0.084827
Epoch   3/100 (34.2s) * | Train MSE: 0.085740 | Val MSE: 0.084010
Epoch   4/100 (34.3s) * | Train MSE: 0.084718 | Val MSE: 0.082788
Epoch   5/100 (34.2s) * | Train MSE: 0.085156 | Val MSE: 0.082780
Epoch   7/100 (34.7s) * | Train MSE: 0.084916 | Val MSE: 0.082610
Epoch  10/100 (33.4s) | Train MSE: 0.084904 | Val MSE: 0.083622
Epoch  11/100 (33.5s) * | Train MSE: 0.084128 | Val MSE: 0.082573
Epoch  15/100 (33.5s) | Train MSE: 0.083537 | Val MSE: 0.084148
Epoch  16/100 (33.4s) * | Train MSE: 0.084041 | Val MSE: 0.082435
Epoch  20/100 (33.5s) | Train MSE: 0.083667 | Val MSE: 0.083009
Epoch  25/100 (33.4s) | Train MSE: 0.083465 | Val MSE: 0.084098
Epoch  30/100 (33.5s) | Train MSE: 0.083391 | Val MSE: 0.082986
Epoch  33/100 (33.4s) * | Train MSE: 0.083233 | Val MSE: 0.082425
Epoch  35/100 (33.5s) | Train MSE: 0.083090 | Val MSE: 0.083829
Epoch  40/100 (33.2s) | Train MSE: 0.082929 | Val MSE: 0.083297
Epoch  45/100 (33.8s) | Train MSE: 0.082950 | Val MSE: 0.083274
Epoch  50/100 (34.1s) | Train MSE: 0.082996 | Val MSE: 0.082614

Early stopping at epoch 53 (no improvement for 20 epochs)

================================================================================
Training Complete!
================================================================================
Total Time: 1784.23s (29.74 min)
Best Val MSE: 0.082425
Test Results:
  MSE: 0.081043
  MAE: 0.245447
  R²: -0.0035
  Baseline MSE: 0.0830
  Improvement over baseline: 2.4%
Job completed: syn_1a_selective_copy_L1000_s2026
End time: Sat 03 Jan 2026 08:54:03 PM PST
