Starting job: syn_1a_adding_problem_L200_s2024
Date: Sat 03 Jan 2026 02:01:52 PM PST
Host: nid008345
GPU: NVIDIA A100-SXM4-80GB
Using GPU: NVIDIA A100-SXM4-80GB
================================================================================
SYNTHETIC BENCHMARK - ADDING_PROBLEM
================================================================================
Model ID: 1a (QuantumTransformer)
  Group 1: quantum feat → classical mix (transformer)
Task: adding_problem (regression)
Sequence Length: 200
Seed: 2024
Device: cuda
--------------------------------------------------------------------------------
Hyperparameters:
  n_qubits=6, n_layers=2
  d_model=128, d_state=16
  epochs=100, batch_size=32
  lr=0.001, weight_decay=0.0001
  early_stopping=20
================================================================================

Loading Data...
Loading Adding Problem dataset from data/synthetic_benchmarks/adding_problem/adding_L200_seed2024.pt...
Dataset loaded successfully.
  - Task: adding_problem
  - Sequence length: 200
  - Num channels: 2
  - Total samples: 5000
  - Marker strategy: extremes
  - Baseline MSE: 0.1674
  - Shape for model: torch.Size([5000, 2, 200])
  - Training set: 4000
  - Validation set: 500
  - Test set: 500
Data loaded!
  Input: (2 channels, 200 timesteps)
  Output dim: 1

Creating model...
Creating model: QuantumTransformer (ID: 1a)
  Group 1: quantum features → classical mixing (transformer)
Model parameters: 335,842
Verifying device placement...
  WARNING: pos_encoding is on cuda:0, moving to cuda
  WARNING: feature_proj.weight is on cuda:0, moving to cuda
  WARNING: feature_proj.bias is on cuda:0, moving to cuda
  WARNING: quantum_processor.chunk_attention.0.weight is on cuda:0, moving to cuda
  WARNING: quantum_processor.chunk_attention.0.bias is on cuda:0, moving to cuda
  WARNING: quantum_processor.chunk_attention.2.weight is on cuda:0, moving to cuda
  WARNING: quantum_processor.chunk_attention.2.bias is on cuda:0, moving to cuda
  WARNING: quantum_processor.quantum_branches.alpha_real is on cuda:0, moving to cuda
  WARNING: quantum_processor.quantum_branches.alpha_imag is on cuda:0, moving to cuda
  WARNING: quantum_processor.quantum_branches.beta_real is on cuda:0, moving to cuda
  WARNING: quantum_processor.quantum_branches.beta_imag is on cuda:0, moving to cuda
  WARNING: quantum_processor.quantum_branches.gamma_real is on cuda:0, moving to cuda
  WARNING: quantum_processor.quantum_branches.gamma_imag is on cuda:0, moving to cuda
  WARNING: quantum_processor.quantum_branches.proj1.weight is on cuda:0, moving to cuda
  WARNING: quantum_processor.quantum_branches.proj1.bias is on cuda:0, moving to cuda
  WARNING: quantum_processor.quantum_branches.proj2.weight is on cuda:0, moving to cuda
  WARNING: quantum_processor.quantum_branches.proj2.bias is on cuda:0, moving to cuda
  WARNING: quantum_processor.quantum_branches.proj3.weight is on cuda:0, moving to cuda
  WARNING: quantum_processor.quantum_branches.proj3.bias is on cuda:0, moving to cuda
  WARNING: quantum_processor.quantum_branches.branch1.base_params is on cuda:0, moving to cuda
  WARNING: quantum_processor.quantum_branches.branch2.base_params is on cuda:0, moving to cuda
  WARNING: quantum_processor.quantum_branches.branch3.base_params is on cuda:0, moving to cuda
  WARNING: quantum_processor.output_proj.0.weight is on cuda:0, moving to cuda
  WARNING: quantum_processor.output_proj.0.bias is on cuda:0, moving to cuda
  WARNING: quantum_processor.output_proj.1.weight is on cuda:0, moving to cuda
  WARNING: quantum_processor.output_proj.1.bias is on cuda:0, moving to cuda
  WARNING: transformer_layers.0.norm1.weight is on cuda:0, moving to cuda
  WARNING: transformer_layers.0.norm2.weight is on cuda:0, moving to cuda
  WARNING: transformer_layers.0.attention.q_proj.weight is on cuda:0, moving to cuda
  WARNING: transformer_layers.0.attention.q_proj.bias is on cuda:0, moving to cuda
  WARNING: transformer_layers.0.attention.k_proj.weight is on cuda:0, moving to cuda
  WARNING: transformer_layers.0.attention.k_proj.bias is on cuda:0, moving to cuda
  WARNING: transformer_layers.0.attention.v_proj.weight is on cuda:0, moving to cuda
  WARNING: transformer_layers.0.attention.v_proj.bias is on cuda:0, moving to cuda
  WARNING: transformer_layers.0.attention.out_proj.weight is on cuda:0, moving to cuda
  WARNING: transformer_layers.0.attention.out_proj.bias is on cuda:0, moving to cuda
  WARNING: transformer_layers.0.in_proj.weight is on cuda:0, moving to cuda
  WARNING: transformer_layers.0.in_proj.bias is on cuda:0, moving to cuda
  WARNING: transformer_layers.0.out_proj.weight is on cuda:0, moving to cuda
  WARNING: transformer_layers.0.out_proj.bias is on cuda:0, moving to cuda
  WARNING: transformer_layers.1.norm1.weight is on cuda:0, moving to cuda
  WARNING: transformer_layers.1.norm2.weight is on cuda:0, moving to cuda
  WARNING: transformer_layers.1.attention.q_proj.weight is on cuda:0, moving to cuda
  WARNING: transformer_layers.1.attention.q_proj.bias is on cuda:0, moving to cuda
  WARNING: transformer_layers.1.attention.k_proj.weight is on cuda:0, moving to cuda
  WARNING: transformer_layers.1.attention.k_proj.bias is on cuda:0, moving to cuda
  WARNING: transformer_layers.1.attention.v_proj.weight is on cuda:0, moving to cuda
  WARNING: transformer_layers.1.attention.v_proj.bias is on cuda:0, moving to cuda
  WARNING: transformer_layers.1.attention.out_proj.weight is on cuda:0, moving to cuda
  WARNING: transformer_layers.1.attention.out_proj.bias is on cuda:0, moving to cuda
  WARNING: transformer_layers.1.in_proj.weight is on cuda:0, moving to cuda
  WARNING: transformer_layers.1.in_proj.bias is on cuda:0, moving to cuda
  WARNING: transformer_layers.1.out_proj.weight is on cuda:0, moving to cuda
  WARNING: transformer_layers.1.out_proj.bias is on cuda:0, moving to cuda
  WARNING: final_norm.weight is on cuda:0, moving to cuda
  WARNING: classifier.weight is on cuda:0, moving to cuda
  WARNING: classifier.bias is on cuda:0, moving to cuda
Model moved to cuda

================================================================================
Training Started (epochs 1 to 100)
================================================================================

Epoch   1/100 (35.0s) * | Train MSE: 0.221960 | Val MSE: 0.173141
Epoch   5/100 (34.4s) | Train MSE: 0.172140 | Val MSE: 0.174786
Epoch   6/100 (35.0s) * | Train MSE: 0.170884 | Val MSE: 0.172847
Epoch   7/100 (34.6s) * | Train MSE: 0.167490 | Val MSE: 0.171343
Epoch   8/100 (34.4s) * | Train MSE: 0.157166 | Val MSE: 0.094540
Epoch  10/100 (34.5s) | Train MSE: 0.078341 | Val MSE: 0.102967
Epoch  15/100 (34.6s) | Train MSE: 0.060392 | Val MSE: 0.139004
Epoch  20/100 (34.5s) | Train MSE: 0.059485 | Val MSE: 0.126830
Epoch  25/100 (34.6s) | Train MSE: 0.054345 | Val MSE: 0.128054

Early stopping at epoch 28 (no improvement for 20 epochs)

================================================================================
Training Complete!
================================================================================
Total Time: 968.26s (16.14 min)
Best Val MSE: 0.094540
Test Results:
  MSE: 0.095770
  MAE: 0.251863
  R²: 0.4274
  Baseline MSE: 0.1670
  Improvement over baseline: 42.7%
Job completed: syn_1a_adding_problem_L200_s2024
End time: Sat 03 Jan 2026 02:18:12 PM PST
