Starting job: syn_2d_adding_problem_L200_s2024
Date: Wed 07 Jan 2026 02:41:54 PM PST
Host: nid008697
GPU: NVIDIA A100-SXM4-80GB
Using GPU: NVIDIA A100-SXM4-80GB
================================================================================
SYNTHETIC BENCHMARK - ADDING_PROBLEM
================================================================================
Model ID: 2d (QuantumMambaHydraSSM)
  Group 2: classical feat → quantum_superposition mix (mamba)
Task: adding_problem (regression)
Sequence Length: 200
Seed: 2024
Device: cuda
--------------------------------------------------------------------------------
Hyperparameters:
  n_qubits=6, n_layers=2
  d_model=128, d_state=16
  epochs=100, batch_size=32
  lr=0.001, weight_decay=0.0001
  early_stopping=20
================================================================================

Loading Data...
Loading Adding Problem dataset from data/synthetic_benchmarks/adding_problem/adding_L200_seed2024.pt...
Dataset loaded successfully.
  - Task: adding_problem
  - Sequence length: 200
  - Num channels: 2
  - Total samples: 5000
  - Marker strategy: extremes
  - Baseline MSE: 0.1674
  - Shape for model: torch.Size([5000, 2, 200])
  - Training set: 4000
  - Validation set: 500
  - Test set: 500
Data loaded!
  Input: (2 channels, 200 timesteps)
  Output dim: 1

Creating model...
Creating model: QuantumMambaHydraSSM (ID: 2d)
  Group 2: classical features → quantum_superposition mixing (mamba)
Model parameters: 46,052
Verifying device placement...
  WARNING: input_proj.0.weight is on cuda:0, moving to cuda
  WARNING: input_proj.0.bias is on cuda:0, moving to cuda
  WARNING: input_proj.1.weight is on cuda:0, moving to cuda
  WARNING: input_proj.1.bias is on cuda:0, moving to cuda
  WARNING: chunk_attention.0.weight is on cuda:0, moving to cuda
  WARNING: chunk_attention.0.bias is on cuda:0, moving to cuda
  WARNING: chunk_attention.2.weight is on cuda:0, moving to cuda
  WARNING: chunk_attention.2.bias is on cuda:0, moving to cuda
  WARNING: forward_param_proj.weight is on cuda:0, moving to cuda
  WARNING: forward_param_proj.bias is on cuda:0, moving to cuda
  WARNING: backward_param_proj.weight is on cuda:0, moving to cuda
  WARNING: backward_param_proj.bias is on cuda:0, moving to cuda
  WARNING: diagonal_param_proj.weight is on cuda:0, moving to cuda
  WARNING: diagonal_param_proj.bias is on cuda:0, moving to cuda
  WARNING: encoding_proj.weight is on cuda:0, moving to cuda
  WARNING: encoding_proj.bias is on cuda:0, moving to cuda
  WARNING: dt_proj.0.weight is on cuda:0, moving to cuda
  WARNING: dt_proj.0.bias is on cuda:0, moving to cuda
  WARNING: dt_proj.2.weight is on cuda:0, moving to cuda
  WARNING: dt_proj.2.bias is on cuda:0, moving to cuda
  WARNING: quantum_core.alpha_real is on cuda:0, moving to cuda
  WARNING: quantum_core.alpha_imag is on cuda:0, moving to cuda
  WARNING: quantum_core.beta_real is on cuda:0, moving to cuda
  WARNING: quantum_core.beta_imag is on cuda:0, moving to cuda
  WARNING: quantum_core.gamma_real is on cuda:0, moving to cuda
  WARNING: quantum_core.gamma_imag is on cuda:0, moving to cuda
  WARNING: output_proj.0.weight is on cuda:0, moving to cuda
  WARNING: output_proj.0.bias is on cuda:0, moving to cuda
  WARNING: output_proj.1.weight is on cuda:0, moving to cuda
  WARNING: output_proj.1.bias is on cuda:0, moving to cuda
  WARNING: seq_attention.0.weight is on cuda:0, moving to cuda
  WARNING: seq_attention.0.bias is on cuda:0, moving to cuda
  WARNING: seq_attention.2.weight is on cuda:0, moving to cuda
  WARNING: seq_attention.2.bias is on cuda:0, moving to cuda
  WARNING: classifier.0.weight is on cuda:0, moving to cuda
  WARNING: classifier.0.bias is on cuda:0, moving to cuda
  WARNING: classifier.3.weight is on cuda:0, moving to cuda
  WARNING: classifier.3.bias is on cuda:0, moving to cuda
Model moved to cuda

================================================================================
Training Started (epochs 1 to 100)
================================================================================

Epoch   1/100 (633.1s) * | Train MSE: 0.147593 | Val MSE: 0.008213
Epoch   2/100 (625.5s) * | Train MSE: 0.010676 | Val MSE: 0.002369
Epoch   3/100 (616.7s) * | Train MSE: 0.006678 | Val MSE: 0.000780
Epoch   5/100 (618.6s) * | Train MSE: 0.004342 | Val MSE: 0.000466
Epoch   6/100 (624.1s) * | Train MSE: 0.003897 | Val MSE: 0.000182
Epoch  10/100 (622.3s) | Train MSE: 0.003372 | Val MSE: 0.000332
Epoch  13/100 (618.5s) * | Train MSE: 0.003363 | Val MSE: 0.000127
Epoch  15/100 (622.4s) | Train MSE: 0.003012 | Val MSE: 0.000511
Epoch  19/100 (619.6s) * | Train MSE: 0.002562 | Val MSE: 0.000103
Epoch  20/100 (620.5s) | Train MSE: 0.002557 | Val MSE: 0.000759
Epoch  25/100 (617.7s) | Train MSE: 0.002487 | Val MSE: 0.000688
Epoch  27/100 (620.6s) * | Train MSE: 0.002255 | Val MSE: 0.000092
Epoch  30/100 (620.3s) | Train MSE: 0.002110 | Val MSE: 0.000179
Epoch  35/100 (620.3s) | Train MSE: 0.001837 | Val MSE: 0.000120
Epoch  40/100 (622.4s) | Train MSE: 0.001647 | Val MSE: 0.000300
Epoch  43/100 (623.2s) * | Train MSE: 0.001748 | Val MSE: 0.000088
Epoch  44/100 (624.9s) * | Train MSE: 0.001731 | Val MSE: 0.000065
Epoch  45/100 (622.2s) | Train MSE: 0.001585 | Val MSE: 0.000206
