Starting job: syn_1a_adding_problem_L1000_s2025
Date: Sat 03 Jan 2026 12:30:41 PM PST
Host: nid008345
GPU: NVIDIA A100-SXM4-80GB
Using GPU: NVIDIA A100-SXM4-80GB
================================================================================
SYNTHETIC BENCHMARK - ADDING_PROBLEM
================================================================================
Model ID: 1a (QuantumTransformer)
  Group 1: quantum feat → classical mix (transformer)
Task: adding_problem (regression)
Sequence Length: 1000
Seed: 2025
Device: cuda
--------------------------------------------------------------------------------
Hyperparameters:
  n_qubits=6, n_layers=2
  d_model=128, d_state=16
  epochs=100, batch_size=32
  lr=0.001, weight_decay=0.0001
  early_stopping=20
================================================================================

Loading Data...
Dataset not found at data/synthetic_benchmarks/adding_problem/adding_L1000_seed2025.pt. Generating...
Generating Adding Problem dataset...
  - num_samples: 5000
  - seq_len: 1000
  - marker_strategy: extremes

Dataset Statistics:
  - Target mean: 1.0156 (expected ~1.0)
  - Target std: 0.4053
  - Baseline MSE (predict 1.0): 0.1645
  - Random guess MSE: ~0.167

Dataset saved to data/synthetic_benchmarks/adding_problem/adding_L1000_seed2025.pt
  - Sequences shape: torch.Size([5000, 1000, 2])
  - Targets shape: torch.Size([5000, 1])
Loading Adding Problem dataset from data/synthetic_benchmarks/adding_problem/adding_L1000_seed2025.pt...
Dataset loaded successfully.
  - Task: adding_problem
  - Sequence length: 1000
  - Num channels: 2
  - Total samples: 5000
  - Marker strategy: extremes
  - Baseline MSE: 0.1645
  - Shape for model: torch.Size([5000, 2, 1000])
  - Training set: 4000
  - Validation set: 500
  - Test set: 500
Data loaded!
  Input: (2 channels, 1000 timesteps)
  Output dim: 1

Creating model...
Creating model: QuantumTransformer (ID: 1a)
  Group 1: quantum features → classical mixing (transformer)
Model parameters: 342,242
Verifying device placement...
  WARNING: pos_encoding is on cuda:0, moving to cuda
  WARNING: feature_proj.weight is on cuda:0, moving to cuda
  WARNING: feature_proj.bias is on cuda:0, moving to cuda
  WARNING: quantum_processor.chunk_attention.0.weight is on cuda:0, moving to cuda
  WARNING: quantum_processor.chunk_attention.0.bias is on cuda:0, moving to cuda
  WARNING: quantum_processor.chunk_attention.2.weight is on cuda:0, moving to cuda
  WARNING: quantum_processor.chunk_attention.2.bias is on cuda:0, moving to cuda
  WARNING: quantum_processor.quantum_branches.alpha_real is on cuda:0, moving to cuda
  WARNING: quantum_processor.quantum_branches.alpha_imag is on cuda:0, moving to cuda
  WARNING: quantum_processor.quantum_branches.beta_real is on cuda:0, moving to cuda
  WARNING: quantum_processor.quantum_branches.beta_imag is on cuda:0, moving to cuda
  WARNING: quantum_processor.quantum_branches.gamma_real is on cuda:0, moving to cuda
  WARNING: quantum_processor.quantum_branches.gamma_imag is on cuda:0, moving to cuda
  WARNING: quantum_processor.quantum_branches.proj1.weight is on cuda:0, moving to cuda
  WARNING: quantum_processor.quantum_branches.proj1.bias is on cuda:0, moving to cuda
  WARNING: quantum_processor.quantum_branches.proj2.weight is on cuda:0, moving to cuda
  WARNING: quantum_processor.quantum_branches.proj2.bias is on cuda:0, moving to cuda
  WARNING: quantum_processor.quantum_branches.proj3.weight is on cuda:0, moving to cuda
  WARNING: quantum_processor.quantum_branches.proj3.bias is on cuda:0, moving to cuda
  WARNING: quantum_processor.quantum_branches.branch1.base_params is on cuda:0, moving to cuda
  WARNING: quantum_processor.quantum_branches.branch2.base_params is on cuda:0, moving to cuda
  WARNING: quantum_processor.quantum_branches.branch3.base_params is on cuda:0, moving to cuda
  WARNING: quantum_processor.output_proj.0.weight is on cuda:0, moving to cuda
  WARNING: quantum_processor.output_proj.0.bias is on cuda:0, moving to cuda
  WARNING: quantum_processor.output_proj.1.weight is on cuda:0, moving to cuda
  WARNING: quantum_processor.output_proj.1.bias is on cuda:0, moving to cuda
  WARNING: transformer_layers.0.norm1.weight is on cuda:0, moving to cuda
  WARNING: transformer_layers.0.norm2.weight is on cuda:0, moving to cuda
  WARNING: transformer_layers.0.attention.q_proj.weight is on cuda:0, moving to cuda
  WARNING: transformer_layers.0.attention.q_proj.bias is on cuda:0, moving to cuda
  WARNING: transformer_layers.0.attention.k_proj.weight is on cuda:0, moving to cuda
  WARNING: transformer_layers.0.attention.k_proj.bias is on cuda:0, moving to cuda
  WARNING: transformer_layers.0.attention.v_proj.weight is on cuda:0, moving to cuda
  WARNING: transformer_layers.0.attention.v_proj.bias is on cuda:0, moving to cuda
  WARNING: transformer_layers.0.attention.out_proj.weight is on cuda:0, moving to cuda
  WARNING: transformer_layers.0.attention.out_proj.bias is on cuda:0, moving to cuda
  WARNING: transformer_layers.0.in_proj.weight is on cuda:0, moving to cuda
  WARNING: transformer_layers.0.in_proj.bias is on cuda:0, moving to cuda
  WARNING: transformer_layers.0.out_proj.weight is on cuda:0, moving to cuda
  WARNING: transformer_layers.0.out_proj.bias is on cuda:0, moving to cuda
  WARNING: transformer_layers.1.norm1.weight is on cuda:0, moving to cuda
  WARNING: transformer_layers.1.norm2.weight is on cuda:0, moving to cuda
  WARNING: transformer_layers.1.attention.q_proj.weight is on cuda:0, moving to cuda
  WARNING: transformer_layers.1.attention.q_proj.bias is on cuda:0, moving to cuda
  WARNING: transformer_layers.1.attention.k_proj.weight is on cuda:0, moving to cuda
  WARNING: transformer_layers.1.attention.k_proj.bias is on cuda:0, moving to cuda
  WARNING: transformer_layers.1.attention.v_proj.weight is on cuda:0, moving to cuda
  WARNING: transformer_layers.1.attention.v_proj.bias is on cuda:0, moving to cuda
  WARNING: transformer_layers.1.attention.out_proj.weight is on cuda:0, moving to cuda
  WARNING: transformer_layers.1.attention.out_proj.bias is on cuda:0, moving to cuda
  WARNING: transformer_layers.1.in_proj.weight is on cuda:0, moving to cuda
  WARNING: transformer_layers.1.in_proj.bias is on cuda:0, moving to cuda
  WARNING: transformer_layers.1.out_proj.weight is on cuda:0, moving to cuda
  WARNING: transformer_layers.1.out_proj.bias is on cuda:0, moving to cuda
  WARNING: final_norm.weight is on cuda:0, moving to cuda
  WARNING: classifier.weight is on cuda:0, moving to cuda
  WARNING: classifier.bias is on cuda:0, moving to cuda
Model moved to cuda

================================================================================
Training Started (epochs 1 to 100)
================================================================================

Epoch   1/100 (35.7s) * | Train MSE: 0.204826 | Val MSE: 0.175058
Epoch   2/100 (34.7s) * | Train MSE: 0.173515 | Val MSE: 0.169697
Epoch   5/100 (34.5s) | Train MSE: 0.169519 | Val MSE: 0.169768
Epoch  10/100 (34.7s) | Train MSE: 0.167167 | Val MSE: 0.171094
Epoch  13/100 (34.7s) * | Train MSE: 0.165368 | Val MSE: 0.169681
Epoch  15/100 (34.7s) | Train MSE: 0.167869 | Val MSE: 0.170704
Epoch  16/100 (34.4s) * | Train MSE: 0.166717 | Val MSE: 0.169680
Epoch  19/100 (34.5s) * | Train MSE: 0.165782 | Val MSE: 0.169650
Epoch  20/100 (34.5s) | Train MSE: 0.166421 | Val MSE: 0.171099
Epoch  25/100 (34.5s) | Train MSE: 0.165589 | Val MSE: 0.170358
Epoch  30/100 (34.6s) | Train MSE: 0.166628 | Val MSE: 0.169656
Epoch  35/100 (34.6s) | Train MSE: 0.165106 | Val MSE: 0.170868
Epoch  37/100 (34.5s) * | Train MSE: 0.165124 | Val MSE: 0.169645
Epoch  40/100 (34.8s) | Train MSE: 0.165451 | Val MSE: 0.169667
Epoch  45/100 (34.5s) | Train MSE: 0.165842 | Val MSE: 0.170175
Epoch  50/100 (34.2s) | Train MSE: 0.165028 | Val MSE: 0.169726
Epoch  55/100 (34.3s) | Train MSE: 0.165114 | Val MSE: 0.170214

Early stopping at epoch 57 (no improvement for 20 epochs)

================================================================================
Training Complete!
================================================================================
Total Time: 1969.79s (32.83 min)
Best Val MSE: 0.169645
Test Results:
  MSE: 0.158235
  MAE: 0.321122
  R²: -0.0001
  Baseline MSE: 0.1670
  Improvement over baseline: 5.2%
Job completed: syn_1a_adding_problem_L1000_s2025
End time: Sat 03 Jan 2026 01:03:48 PM PST
