Starting job: syn_2a_selective_copy_L500_s2025
Date: Wed 07 Jan 2026 02:41:42 AM PST
Host: nid008345
GPU: NVIDIA A100-SXM4-80GB
Using GPU: NVIDIA A100-SXM4-80GB
================================================================================
SYNTHETIC BENCHMARK - SELECTIVE_COPY
================================================================================
Model ID: 2a (ClassicalQuantumAttention)
  Group 2: classical feat → quantum mix (transformer)
Task: selective_copy (regression)
Sequence Length: 500
Seed: 2025
Device: cuda
--------------------------------------------------------------------------------
Hyperparameters:
  n_qubits=6, n_layers=2
  d_model=128, d_state=16
  epochs=100, batch_size=32
  lr=0.001, weight_decay=0.0001
  early_stopping=20
================================================================================

Loading Data...
Loading Selective Copy dataset from data/synthetic_benchmarks/selective_copy/selective_copy_L500_M8_seed2025.pt...
Dataset loaded successfully.
  - Task: selective_copy
  - Sequence length: 500
  - Num channels: 2
  - Num markers: 8
  - Output length: 8
  - Total samples: 5000
  - Marker density: 1.6%
  - Baseline MSE: 0.0828
  - Input shape for model: torch.Size([5000, 2, 500])
  - Target shape: torch.Size([5000, 8])
  - Training set: 4000
  - Validation set: 500
  - Test set: 500
Data loaded!
  Input: (2 channels, 500 timesteps)
  Output dim: 8

Creating model...
Creating model: ClassicalQuantumAttention (ID: 2a)
  Group 2: classical features → quantum mixing (transformer)
Model parameters: 36,739
Verifying device placement...
  WARNING: feature_extractor.embedding.weight is on cuda:0, moving to cuda
  WARNING: feature_extractor.embedding.bias is on cuda:0, moving to cuda
  WARNING: chunk_attention.0.weight is on cuda:0, moving to cuda
  WARNING: chunk_attention.0.bias is on cuda:0, moving to cuda
  WARNING: chunk_attention.2.weight is on cuda:0, moving to cuda
  WARNING: chunk_attention.2.bias is on cuda:0, moving to cuda
  WARNING: quantum_attention.mix_coeffs is on cuda:0, moving to cuda
  WARNING: quantum_attention.qff_params is on cuda:0, moving to cuda
  WARNING: quantum_attention.param_proj.weight is on cuda:0, moving to cuda
  WARNING: quantum_attention.param_proj.bias is on cuda:0, moving to cuda
  WARNING: quantum_attention.output_proj.weight is on cuda:0, moving to cuda
  WARNING: quantum_attention.output_proj.bias is on cuda:0, moving to cuda
  WARNING: output_norm.weight is on cuda:0, moving to cuda
  WARNING: output_norm.bias is on cuda:0, moving to cuda
  WARNING: classifier.0.weight is on cuda:0, moving to cuda
  WARNING: classifier.0.bias is on cuda:0, moving to cuda
  WARNING: classifier.3.weight is on cuda:0, moving to cuda
  WARNING: classifier.3.bias is on cuda:0, moving to cuda
Model moved to cuda

================================================================================
Training Started (epochs 1 to 100)
================================================================================

Epoch   1/100 (226.7s) * | Train MSE: 0.093888 | Val MSE: 0.086238
Epoch   2/100 (212.7s) * | Train MSE: 0.085407 | Val MSE: 0.081996
Epoch   3/100 (209.8s) * | Train MSE: 0.080935 | Val MSE: 0.079941
Epoch   4/100 (209.0s) * | Train MSE: 0.078838 | Val MSE: 0.077806
Epoch   5/100 (209.1s) * | Train MSE: 0.077068 | Val MSE: 0.076566
Epoch   8/100 (205.8s) * | Train MSE: 0.075785 | Val MSE: 0.076005
Epoch   9/100 (205.3s) * | Train MSE: 0.075384 | Val MSE: 0.075981
Epoch  10/100 (204.9s) | Train MSE: 0.075413 | Val MSE: 0.076456
Epoch  13/100 (205.1s) * | Train MSE: 0.075150 | Val MSE: 0.075811
Epoch  14/100 (205.0s) * | Train MSE: 0.074831 | Val MSE: 0.075806
Epoch  15/100 (206.0s) | Train MSE: 0.075140 | Val MSE: 0.076866
Epoch  18/100 (205.7s) * | Train MSE: 0.074862 | Val MSE: 0.075392
Epoch  20/100 (219.9s) | Train MSE: 0.075125 | Val MSE: 0.075624
Epoch  22/100 (216.4s) * | Train MSE: 0.073953 | Val MSE: 0.074890
Epoch  24/100 (214.8s) * | Train MSE: 0.073579 | Val MSE: 0.074675
Epoch  25/100 (212.6s) * | Train MSE: 0.073574 | Val MSE: 0.073854
Epoch  28/100 (215.3s) * | Train MSE: 0.072244 | Val MSE: 0.072547
Epoch  29/100 (216.2s) * | Train MSE: 0.071595 | Val MSE: 0.072523
Epoch  30/100 (215.9s) * | Train MSE: 0.071676 | Val MSE: 0.072308
Epoch  35/100 (213.5s) | Train MSE: 0.071134 | Val MSE: 0.072525
Epoch  37/100 (217.0s) * | Train MSE: 0.070904 | Val MSE: 0.072039
Epoch  38/100 (217.2s) * | Train MSE: 0.071096 | Val MSE: 0.071952
Epoch  40/100 (217.4s) * | Train MSE: 0.070688 | Val MSE: 0.071713
Epoch  44/100 (202.9s) * | Train MSE: 0.070541 | Val MSE: 0.071593
Epoch  45/100 (202.4s) | Train MSE: 0.070606 | Val MSE: 0.071954
Epoch  47/100 (202.6s) * | Train MSE: 0.070339 | Val MSE: 0.071357
Epoch  50/100 (203.3s) | Train MSE: 0.070180 | Val MSE: 0.071592
Epoch  52/100 (203.2s) * | Train MSE: 0.070357 | Val MSE: 0.071212
Epoch  54/100 (196.8s) * | Train MSE: 0.069989 | Val MSE: 0.071173
Epoch  55/100 (196.4s) | Train MSE: 0.069788 | Val MSE: 0.071366
Epoch  56/100 (197.0s) * | Train MSE: 0.069615 | Val MSE: 0.070928
Epoch  57/100 (197.4s) * | Train MSE: 0.069538 | Val MSE: 0.070638
Epoch  58/100 (198.0s) * | Train MSE: 0.069255 | Val MSE: 0.069960
Epoch  60/100 (197.0s) * | Train MSE: 0.068231 | Val MSE: 0.069005
Epoch  61/100 (215.0s) * | Train MSE: 0.067942 | Val MSE: 0.068678
Epoch  62/100 (215.4s) * | Train MSE: 0.067578 | Val MSE: 0.068299
Epoch  64/100 (215.3s) * | Train MSE: 0.067402 | Val MSE: 0.068292
Epoch  65/100 (217.1s) * | Train MSE: 0.067172 | Val MSE: 0.067882
Epoch  67/100 (215.3s) * | Train MSE: 0.066979 | Val MSE: 0.067776
Epoch  68/100 (216.6s) * | Train MSE: 0.066918 | Val MSE: 0.067723
Epoch  69/100 (216.0s) * | Train MSE: 0.066841 | Val MSE: 0.067639
Epoch  70/100 (216.0s) * | Train MSE: 0.066698 | Val MSE: 0.067584
Epoch  72/100 (215.4s) * | Train MSE: 0.066602 | Val MSE: 0.067410
Epoch  75/100 (216.0s) * | Train MSE: 0.066354 | Val MSE: 0.067240
Epoch  78/100 (213.1s) * | Train MSE: 0.066302 | Val MSE: 0.067098
Epoch  80/100 (215.7s) * | Train MSE: 0.066207 | Val MSE: 0.067061
Epoch  82/100 (216.2s) * | Train MSE: 0.066132 | Val MSE: 0.067048
Epoch  83/100 (214.9s) * | Train MSE: 0.066076 | Val MSE: 0.067006
Epoch  85/100 (196.8s) | Train MSE: 0.066119 | Val MSE: 0.067026
Epoch  86/100 (196.7s) * | Train MSE: 0.066057 | Val MSE: 0.066957
Epoch  87/100 (196.7s) * | Train MSE: 0.066057 | Val MSE: 0.066927
Epoch  88/100 (196.5s) * | Train MSE: 0.065913 | Val MSE: 0.066871
Epoch  90/100 (196.3s) * | Train MSE: 0.065940 | Val MSE: 0.066853
Epoch  94/100 (201.2s) * | Train MSE: 0.065980 | Val MSE: 0.066851
Epoch  95/100 (201.2s) | Train MSE: 0.065872 | Val MSE: 0.066853
Epoch 100/100 (198.1s) | Train MSE: 0.065895 | Val MSE: 0.066862

================================================================================
Training Complete!
================================================================================
Total Time: 20861.70s (347.69 min)
Best Val MSE: 0.066851
Test Results:
  MSE: 0.065469
  MAE: 0.213698
  R²: 0.2158
  Baseline MSE: 0.0830
  Improvement over baseline: 21.1%

Results saved to: results/synthetic_benchmarks/synthetic_2a_selective_copy_L500_seed2025_results.json
Model saved to: results/synthetic_benchmarks/synthetic_2a_selective_copy_L500_seed2025_model.pt
Cleaned up training checkpoint: results/synthetic_benchmarks/checkpoints/checkpoint_2a_selective_copy_L500_seed2025.pt

================================================================================
SYNTHETIC BENCHMARK RUN COMPLETE
================================================================================
Model: 2a (ClassicalQuantumAttention)
Task: selective_copy
Seq Length: 500
Test MSE: 0.065469
Test R²: 0.2158
================================================================================

Job completed: syn_2a_selective_copy_L500_s2025
End time: Wed 07 Jan 2026 08:29:51 AM PST
